+ source /tmp/docker/experiment/test9_CONUS_25km_GFSv15p2/var_defns.sh
++ RUN_ENVIR=community
++ MACHINE=LINUX
++ ACCOUNT=an_account
++ WORKFLOW_MANAGER=none
++ SCHED=none
++ PARTITION_DEFAULT=
++ CLUSTERS_DEFAULT=
++ QUEUE_DEFAULT=
++ PARTITION_HPSS=
++ CLUSTERS_HPSS=
++ QUEUE_HPSS=
++ PARTITION_FCST=
++ CLUSTERS_FCST=
++ QUEUE_FCST=
++ RUN_CMD_UTILS='mpirun -np 4'
++ RUN_CMD_POST='mpirun -np 4'
++ USE_CRON_TO_RELAUNCH=FALSE
++ CRON_RELAUNCH_INTVL_MNTS=03
++ EXPT_BASEDIR=/tmp/docker/experiment
++ EXPT_SUBDIR=test9_CONUS_25km_GFSv15p2
++ COMINgfs=/base/path/of/directory/containing/gfs/input/files
++ STMP=/tmp/docker/stmp
++ NET=rrfs
++ envir=para
++ RUN=experiment_name
++ PTMP=/tmp/docker/ptmp
++ DOT_OR_USCORE=_
++ EXPT_CONFIG_FN=config.sh
++ RGNL_GRID_NML_FN=regional_grid.nml
++ DATA_TABLE_FN=data_table
++ DIAG_TABLE_FN=diag_table
++ FIELD_TABLE_FN=field_table
++ FV3_NML_BASE_SUITE_FN=input.nml.FV3
++ FV3_NML_YAML_CONFIG_FN=FV3.input.yml
++ FV3_NML_BASE_ENS_FN=input.nml.base_ens
++ MODEL_CONFIG_FN=model_configure
++ NEMS_CONFIG_FN=nems.configure
++ FV3_EXEC_FN=NEMS.exe
++ WFLOW_XML_FN=FV3LAM_wflow.xml
++ GLOBAL_VAR_DEFNS_FN=var_defns.sh
++ EXTRN_MDL_ICS_VAR_DEFNS_FN=extrn_mdl_ics_var_defns.sh
++ EXTRN_MDL_LBCS_VAR_DEFNS_FN=extrn_mdl_lbcs_var_defns.sh
++ WFLOW_LAUNCH_SCRIPT_FN=launch_FV3LAM_wflow.sh
++ WFLOW_LAUNCH_LOG_FN=log.launch_FV3LAM_wflow
++ DATE_FIRST_CYCL=20190615
++ DATE_LAST_CYCL=20190615
++ CYCL_HRS=00
++ FCST_LEN_HRS=6
++ EXTRN_MDL_NAME_ICS=FV3GFS
++ EXTRN_MDL_NAME_LBCS=FV3GFS
++ LBC_SPEC_INTVL_HRS=6
++ FV3GFS_FILE_FMT_ICS=grib2
++ FV3GFS_FILE_FMT_LBCS=grib2
++ NOMADS=FALSE
++ NOMADS_file_type=nemsio
++ USE_USER_STAGED_EXTRN_FILES=TRUE
++ EXTRN_MDL_SOURCE_BASEDIR_ICS=/tmp/docker/model_data/FV3GFS
++ EXTRN_MDL_FILES_ICS=gfs.pgrb2.0p25.f000
++ EXTRN_MDL_SOURCE_BASEDIR_LBCS=/tmp/docker/model_data/FV3GFS
++ EXTRN_MDL_FILES_LBCS=("gfs.pgrb2.0p25.f006" "gfs.pgrb2.0p25.f012" "gfs.pgrb2.0p25.f018" "gfs.pgrb2.0p25.f024" "gfs.pgrb2.0p25.f030" "gfs.pgrb2.0p25.f036" "gfs.pgrb2.0p25.f042" "gfs.pgrb2.0p25.f048")
++ CCPP_PHYS_SUITE=FV3_GFS_v15p2
++ GRID_GEN_METHOD=ESGgrid
++ GFDLgrid_LON_T6_CTR=
++ GFDLgrid_LAT_T6_CTR=
++ GFDLgrid_RES=
++ GFDLgrid_STRETCH_FAC=
++ GFDLgrid_REFINE_RATIO=
++ GFDLgrid_ISTART_OF_RGNL_DOM_ON_T6G=
++ GFDLgrid_IEND_OF_RGNL_DOM_ON_T6G=
++ GFDLgrid_JSTART_OF_RGNL_DOM_ON_T6G=
++ GFDLgrid_JEND_OF_RGNL_DOM_ON_T6G=
++ GFDLgrid_USE_GFDLgrid_RES_IN_FILENAMES=
++ ESGgrid_LON_CTR=-97.5
++ ESGgrid_LAT_CTR=38.55
++ ESGgrid_DELX=25000.0
++ ESGgrid_DELY=25000.0
++ ESGgrid_NX=202
++ ESGgrid_NY=117
++ ESGgrid_WIDE_HALO_WIDTH=6
++ DT_ATMOS=300
++ LAYOUT_X=1
++ LAYOUT_Y=3
++ BLOCKSIZE=40
++ QUILTING=TRUE
++ PRINT_ESMF=FALSE
++ WRTCMP_write_groups=1
++ WRTCMP_write_tasks_per_group=2
++ WRTCMP_output_grid=lambert_conformal
++ WRTCMP_cen_lon=-97.5
++ WRTCMP_cen_lat=38.52
++ WRTCMP_lon_lwr_left=-121.34461033
++ WRTCMP_lat_lwr_left=22.95987123
++ WRTCMP_lon_upr_rght=
++ WRTCMP_lat_upr_rght=
++ WRTCMP_dlon=
++ WRTCMP_dlat=
++ WRTCMP_stdlat1=38.52
++ WRTCMP_stdlat2=38.52
++ WRTCMP_nx=201
++ WRTCMP_ny=115
++ WRTCMP_dx=25000.0
++ WRTCMP_dy=25000.0
++ PREDEF_GRID_NAME=RRFS_CONUS_25km
++ PREEXISTING_DIR_METHOD=rename
++ VERBOSE=TRUE
++ RUN_TASK_MAKE_GRID=TRUE
++ GRID_DIR=/tmp/docker/experiment/test9_CONUS_25km_GFSv15p2/grid
++ RUN_TASK_MAKE_OROG=TRUE
++ OROG_DIR=/tmp/docker/experiment/test9_CONUS_25km_GFSv15p2/orog
++ RUN_TASK_MAKE_SFC_CLIMO=TRUE
++ SFC_CLIMO_DIR=/tmp/docker/experiment/test9_CONUS_25km_GFSv15p2/sfc_climo
++ SFC_CLIMO_FIELDS=("facsf" "maximum_snow_albedo" "slope_type" "snowfree_albedo" "soil_type" "substrate_temperature" "vegetation_greenness" "vegetation_type")
++ FIXgsm=/tmp/docker/fix_am
++ TOPO_DIR=/tmp/docker/fix_orog
++ SFC_CLIMO_INPUT_DIR=/tmp/docker/fix_sfc_climo
++ FNGLAC=global_glacier.2x2.grb
++ FNMXIC=global_maxice.2x2.grb
++ FNTSFC=RTGSST.1982.2012.monthly.clim.grb
++ FNSNOC=global_snoclim.1.875.grb
++ FNZORC=igbp
++ FNAISC=CFSR.SEAICE.1982.2012.monthly.clim.grb
++ FNSMCC=global_soilmgldas.t126.384.190.grb
++ FNMSKH=seaice_newland.grb
++ FIXgsm_FILES_TO_COPY_TO_FIXam=("global_glacier.2x2.grb" "global_maxice.2x2.grb" "RTGSST.1982.2012.monthly.clim.grb" "global_snoclim.1.875.grb" "CFSR.SEAICE.1982.2012.monthly.clim.grb" "global_soilmgldas.t126.384.190.grb" "seaice_newland.grb" "global_climaeropac_global.txt" "fix_co2_proj/global_co2historicaldata_2010.txt" "fix_co2_proj/global_co2historicaldata_2011.txt" "fix_co2_proj/global_co2historicaldata_2012.txt" "fix_co2_proj/global_co2historicaldata_2013.txt" "fix_co2_proj/global_co2historicaldata_2014.txt" "fix_co2_proj/global_co2historicaldata_2015.txt" "fix_co2_proj/global_co2historicaldata_2016.txt" "fix_co2_proj/global_co2historicaldata_2017.txt" "fix_co2_proj/global_co2historicaldata_2018.txt" "global_co2historicaldata_glob.txt" "co2monthlycyc.txt" "global_h2o_pltc.f77" "global_hyblev.l65.txt" "global_zorclim.1x1.grb" "global_sfc_emissivity_idx.txt" "global_solarconstant_noaa_an.txt" "ozprdlos_2015_new_sbuvO3_tclm15_nuchem.f77")
++ FV3_NML_VARNAME_TO_FIXam_FILES_MAPPING=("FNGLAC | global_glacier.2x2.grb" "FNMXIC | global_maxice.2x2.grb" "FNTSFC | RTGSST.1982.2012.monthly.clim.grb" "FNSNOC | global_snoclim.1.875.grb" "FNAISC | CFSR.SEAICE.1982.2012.monthly.clim.grb" "FNSMCC | global_soilmgldas.t126.384.190.grb" "FNMSKH | seaice_newland.grb")
++ FV3_NML_VARNAME_TO_SFC_CLIMO_FIELD_MAPPING=("FNALBC  | snowfree_albedo" "FNALBC2 | facsf" "FNTG3C  | substrate_temperature" "FNVEGC  | vegetation_greenness" "FNVETC  | vegetation_type" "FNSOTC  | soil_type" "FNVMNC  | vegetation_greenness" "FNVMXC  | vegetation_greenness" "FNSLPC  | slope_type" "FNABSC  | maximum_snow_albedo")
++ CYCLEDIR_LINKS_TO_FIXam_FILES_MAPPING=("aerosol.dat                | global_climaeropac_global.txt" "co2historicaldata_2010.txt | fix_co2_proj/global_co2historicaldata_2010.txt" "co2historicaldata_2011.txt | fix_co2_proj/global_co2historicaldata_2011.txt" "co2historicaldata_2012.txt | fix_co2_proj/global_co2historicaldata_2012.txt" "co2historicaldata_2013.txt | fix_co2_proj/global_co2historicaldata_2013.txt" "co2historicaldata_2014.txt | fix_co2_proj/global_co2historicaldata_2014.txt" "co2historicaldata_2015.txt | fix_co2_proj/global_co2historicaldata_2015.txt" "co2historicaldata_2016.txt | fix_co2_proj/global_co2historicaldata_2016.txt" "co2historicaldata_2017.txt | fix_co2_proj/global_co2historicaldata_2017.txt" "co2historicaldata_2018.txt | fix_co2_proj/global_co2historicaldata_2018.txt" "co2historicaldata_glob.txt | global_co2historicaldata_glob.txt" "co2monthlycyc.txt          | co2monthlycyc.txt" "global_h2oprdlos.f77       | global_h2o_pltc.f77" "global_zorclim.1x1.grb     | global_zorclim.1x1.grb" "sfc_emissivity_idx.txt     | global_sfc_emissivity_idx.txt" "solarconstant_noaa_an.txt  | global_solarconstant_noaa_an.txt" "global_o3prdlos.f77        | ozprdlos_2015_new_sbuvO3_tclm15_nuchem.f77")
++ MAKE_GRID_TN=make_grid
++ MAKE_OROG_TN=make_orog
++ MAKE_SFC_CLIMO_TN=make_sfc_climo
++ GET_EXTRN_ICS_TN=get_extrn_ics
++ GET_EXTRN_LBCS_TN=get_extrn_lbcs
++ MAKE_ICS_TN=make_ics
++ MAKE_LBCS_TN=make_lbcs
++ RUN_FCST_TN=run_fcst
++ RUN_POST_TN=run_post
++ NNODES_MAKE_GRID=1
++ NNODES_MAKE_OROG=1
++ NNODES_MAKE_SFC_CLIMO=2
++ NNODES_GET_EXTRN_ICS=1
++ NNODES_GET_EXTRN_LBCS=1
++ NNODES_MAKE_ICS=4
++ NNODES_MAKE_LBCS=4
++ NNODES_RUN_FCST=1
++ NNODES_RUN_POST=2
++ PPN_MAKE_GRID=24
++ PPN_MAKE_OROG=24
++ PPN_MAKE_SFC_CLIMO=24
++ PPN_GET_EXTRN_ICS=1
++ PPN_GET_EXTRN_LBCS=1
++ PPN_MAKE_ICS=12
++ PPN_MAKE_LBCS=12
++ PPN_RUN_FCST=24
++ PPN_RUN_POST=24
++ WTIME_MAKE_GRID=00:20:00
++ WTIME_MAKE_OROG=00:20:00
++ WTIME_MAKE_SFC_CLIMO=00:20:00
++ WTIME_GET_EXTRN_ICS=00:45:00
++ WTIME_GET_EXTRN_LBCS=00:45:00
++ WTIME_MAKE_ICS=00:30:00
++ WTIME_MAKE_LBCS=00:30:00
++ WTIME_RUN_FCST=01:00:00
++ WTIME_RUN_POST=00:15:00
++ MAXTRIES_MAKE_GRID=1
++ MAXTRIES_MAKE_OROG=1
++ MAXTRIES_MAKE_SFC_CLIMO=1
++ MAXTRIES_GET_EXTRN_ICS=1
++ MAXTRIES_GET_EXTRN_LBCS=1
++ MAXTRIES_MAKE_ICS=1
++ MAXTRIES_MAKE_LBCS=1
++ MAXTRIES_RUN_FCST=1
++ MAXTRIES_RUN_POST=1
++ USE_CUSTOM_POST_CONFIG_FILE=FALSE
++ CUSTOM_POST_CONFIG_FP=
++ DO_ENSEMBLE=FALSE
++ NUM_ENS_MEMBERS=1
++ DO_SHUM=FALSE
++ DO_SPPT=FALSE
++ DO_SKEB=FALSE
++ SHUM_MAG=-999.0
++ SHUM_LSCALE=150000
++ SHUM_TSCALE=21600
++ SHUM_INT=3600
++ SPPT_MAG=-999.0
++ SPPT_LSCALE=150000
++ SPPT_TSCALE=21600
++ SPPT_INT=3600
++ SKEB_MAG=-999.0
++ SKEB_LSCALE=150000
++ SKEB_TSCALE=21600
++ SKEB_INT=3600
++ SKEB_VDOF=10
++ USE_ZMTNBLCK=false
++ HALO_BLEND=10
++ USE_FVCOM=FALSE
++ FVCOM_DIR=/user/defined/dir/to/fvcom/data
++ FVCOM_FILE=fvcom.nc
++ COMPILER=intel
++ WFLOW_LAUNCH_SCRIPT_FP=/usr/local/src/ufs-srweather-app/regional_workflow/ush/launch_FV3LAM_wflow.sh
++ WFLOW_LAUNCH_LOG_FP=/tmp/docker/experiment/test9_CONUS_25km_GFSv15p2/log.launch_FV3LAM_wflow
++ CRONTAB_LINE=
++ SR_WX_APP_TOP_DIR=/usr/local/src/ufs-srweather-app
++ HOMErrfs=/usr/local/src/ufs-srweather-app/regional_workflow
++ USHDIR=/usr/local/src/ufs-srweather-app/regional_workflow/ush
++ SCRIPTSDIR=/usr/local/src/ufs-srweather-app/regional_workflow/scripts
++ JOBSDIR=/usr/local/src/ufs-srweather-app/regional_workflow/jobs
++ SORCDIR=/usr/local/src/ufs-srweather-app/regional_workflow/sorc
++ SRC_DIR=/usr/local/src/ufs-srweather-app/src
++ PARMDIR=/usr/local/src/ufs-srweather-app/regional_workflow/parm
++ MODULES_DIR=/usr/local/src/ufs-srweather-app/regional_workflow/modulefiles
++ EXECDIR=/usr/local/src/ufs-srweather-app/bin
++ FIXrrfs=/usr/local/src/ufs-srweather-app/regional_workflow/fix
++ FIXam=/tmp/docker/experiment/test9_CONUS_25km_GFSv15p2/fix_am
++ FIXLAM=/tmp/docker/experiment/test9_CONUS_25km_GFSv15p2/fix_lam
++ FIXgsm=/tmp/docker/fix_am
++ COMROOT=
++ COMOUT_BASEDIR=
++ TEMPLATE_DIR=/usr/local/src/ufs-srweather-app/regional_workflow/ush/templates
++ UFS_WTHR_MDL_DIR=/usr/local/src/ufs-srweather-app/src/ufs_weather_model
++ UFS_UTILS_DIR=/usr/local/src/ufs-srweather-app/src/UFS_UTILS
++ SFC_CLIMO_INPUT_DIR=/tmp/docker/fix_sfc_climo
++ TOPO_DIR=/tmp/docker/fix_orog
++ EMC_POST_DIR=/usr/local/src/ufs-srweather-app/src/EMC_post
++ EXPTDIR=/tmp/docker/experiment/test9_CONUS_25km_GFSv15p2
++ LOGDIR=/tmp/docker/experiment/test9_CONUS_25km_GFSv15p2/log
++ CYCLE_BASEDIR=/tmp/docker/experiment/test9_CONUS_25km_GFSv15p2
++ GRID_DIR=/tmp/docker/experiment/test9_CONUS_25km_GFSv15p2/grid
++ OROG_DIR=/tmp/docker/experiment/test9_CONUS_25km_GFSv15p2/orog
++ SFC_CLIMO_DIR=/tmp/docker/experiment/test9_CONUS_25km_GFSv15p2/sfc_climo
++ NDIGITS_ENSMEM_NAMES=0
++ ENSMEM_NAMES=("")
++ FV3_NML_ENSMEM_FPS=("")
++ GLOBAL_VAR_DEFNS_FP=/tmp/docker/experiment/test9_CONUS_25km_GFSv15p2/var_defns.sh
++ DATA_TABLE_TMPL_FN=data_table
++ DIAG_TABLE_TMPL_FN=diag_table.FV3_GFS_v15p2
++ FIELD_TABLE_TMPL_FN=field_table.FV3_GFS_v15p2
++ MODEL_CONFIG_TMPL_FN=model_configure
++ NEMS_CONFIG_TMPL_FN=nems.configure
++ DATA_TABLE_TMPL_FP=/usr/local/src/ufs-srweather-app/regional_workflow/ush/templates/data_table
++ DIAG_TABLE_TMPL_FP=/usr/local/src/ufs-srweather-app/regional_workflow/ush/templates/diag_table.FV3_GFS_v15p2
++ FIELD_TABLE_TMPL_FP=/usr/local/src/ufs-srweather-app/regional_workflow/ush/templates/field_table.FV3_GFS_v15p2
++ FV3_NML_BASE_SUITE_FP=/usr/local/src/ufs-srweather-app/regional_workflow/ush/templates/input.nml.FV3
++ FV3_NML_YAML_CONFIG_FP=/usr/local/src/ufs-srweather-app/regional_workflow/ush/templates/FV3.input.yml
++ FV3_NML_BASE_ENS_FP=/tmp/docker/experiment/test9_CONUS_25km_GFSv15p2/input.nml.base_ens
++ MODEL_CONFIG_TMPL_FP=/usr/local/src/ufs-srweather-app/regional_workflow/ush/templates/model_configure
++ NEMS_CONFIG_TMPL_FP=/usr/local/src/ufs-srweather-app/regional_workflow/ush/templates/nems.configure
++ CCPP_PHYS_SUITE_FN=suite_FV3_GFS_v15p2.xml
++ CCPP_PHYS_SUITE_IN_CCPP_FP=/usr/local/src/ufs-srweather-app/src/ufs_weather_model/FV3/ccpp/suites/suite_FV3_GFS_v15p2.xml
++ CCPP_PHYS_SUITE_FP=/tmp/docker/experiment/test9_CONUS_25km_GFSv15p2/suite_FV3_GFS_v15p2.xml
++ DATA_TABLE_FP=/tmp/docker/experiment/test9_CONUS_25km_GFSv15p2/data_table
++ FIELD_TABLE_FP=/tmp/docker/experiment/test9_CONUS_25km_GFSv15p2/field_table
++ FV3_NML_FN=input.nml
++ FV3_NML_FP=/tmp/docker/experiment/test9_CONUS_25km_GFSv15p2/input.nml
++ NEMS_CONFIG_FP=/tmp/docker/experiment/test9_CONUS_25km_GFSv15p2/nems.configure
++ FV3_EXEC_FP=/usr/local/src/ufs-srweather-app/bin/NEMS.exe
++ LOAD_MODULES_RUN_TASK_FP=/usr/local/src/ufs-srweather-app/regional_workflow/ush/load_modules_run_task.sh
++ GTYPE=regional
++ TILE_RGNL=7
++ NH0=0
++ NH3=3
++ NH4=4
++ LON_CTR=-97.5
++ LAT_CTR=38.55
++ NX=202
++ NY=117
++ NHW=6
++ STRETCH_FAC=0.999
++ RES_IN_FIXLAM_FILENAMES=
++ CRES=
++ DEL_ANGLE_X_SG=0.1124152007
++ DEL_ANGLE_Y_SG=0.1124152007
++ NEG_NX_OF_DOM_WITH_WIDE_HALO=-214
++ NEG_NY_OF_DOM_WITH_WIDE_HALO=-129
++ OZONE_PARAM=ozphys_2015
++ EXTRN_MDL_SYSBASEDIR_ICS=
++ EXTRN_MDL_SYSBASEDIR_LBCS=
++ EXTRN_MDL_LBCS_OFFSET_HRS=0
++ LBC_SPEC_FCST_HRS=(6)
++ NUM_CYCLES=1
++ ALL_CDATES=("2019061500")
++ USE_FVCOM=FALSE
++ FVCOM_DIR=/user/defined/dir/to/fvcom/data
++ FVCOM_FILE=fvcom.nc
++ NCORES_PER_NODE=
++ PE_MEMBER01=5
++ RUN_CMD_FCST='mpirun -np 5'
+ export CDATE=2019061500
+ CDATE=2019061500
+ export CYCLE_DIR=/tmp/docker/experiment/test9_CONUS_25km_GFSv15p2/2019061500
+ CYCLE_DIR=/tmp/docker/experiment/test9_CONUS_25km_GFSv15p2/2019061500
+ export ICS_OR_LBCS=LBCS
+ ICS_OR_LBCS=LBCS
+ export EXTRN_MDL_NAME=FV3GFS
+ EXTRN_MDL_NAME=FV3GFS
+ /usr/local/src/ufs-srweather-app/regional_workflow/jobs/JREGIONAL_GET_EXTRN_MDL_FILES

========================================================================
Entering script:  "JREGIONAL_GET_EXTRN_MDL_FILES"
In directory:     "/usr/local/src/ufs-srweather-app/regional_workflow/jobs"

This is the J-job script for the task that copies/fetches to a local 
directory (either from disk or HPSS) the external model files from which
initial or boundary condition files for the FV3 will be generated.
========================================================================

The arguments to function "get_extrn_mdl_file_dir_info" in file

  "/usr/local/src/ufs-srweather-app/regional_workflow/ush/get_extrn_mdl_file_dir_info.sh"

have been set as follows:

  declare -- extrn_mdl_name="FV3GFS"
  declare -- anl_or_fcst="FCST"
  declare -- cdate_FV3LAM="2019061500"
  declare -- time_offset_hrs="0"
  declare -- varname_extrn_mdl_cdate="extrn_mdl_cdate"
  declare -- varname_extrn_mdl_lbc_spec_fhrs="extrn_mdl_lbc_spec_fhrs"
  declare -- varname_extrn_mdl_fns_on_disk="extrn_mdl_fns_on_disk"
  declare -- varname_extrn_mdl_fns_in_arcv="extrn_mdl_fns_in_arcv"
  declare -- varname_extrn_mdl_sysdir="extrn_mdl_sysdir"
  declare -- varname_extrn_mdl_arcv_fmt="extrn_mdl_arcv_fmt"
  declare -- varname_extrn_mdl_arcv_fns="extrn_mdl_arcv_fns"
  declare -- varname_extrn_mdl_arcv_fps="extrn_mdl_arcv_fps"
  declare -- varname_extrn_mdl_arcvrel_dir="extrn_mdl_arcvrel_dir"

========================================================================
Entering script:  "exregional_get_extrn_mdl_files.sh"
In directory:     "/usr/local/src/ufs-srweather-app/regional_workflow/scripts"

This is the ex-script for the task that copies/fetches to a local directory 
either from disk or HPSS) the external model files from which initial or 
boundary condition files for the FV3 will be generated.
========================================================================

The arguments to the script in file

  "/usr/local/src/ufs-srweather-app/regional_workflow/scripts/exregional_get_extrn_mdl_files.sh"

have been set as follows:

  declare -- ics_or_lbcs="LBCS"
  declare -- use_user_staged_extrn_files="TRUE"
  declare -- extrn_mdl_cdate="2019061500"
  declare -a extrn_mdl_lbc_spec_fhrs=([0]="6")
  declare -a extrn_mdl_fns_on_disk=([0]="gfs.pgrb2.0p25.f006" [1]="gfs.pgrb2.0p25.f012" [2]="gfs.pgrb2.0p25.f018" [3]="gfs.pgrb2.0p25.f024" [4]="gfs.pgrb2.0p25.f030" [5]="gfs.pgrb2.0p25.f036" [6]="gfs.pgrb2.0p25.f042" [7]="gfs.pgrb2.0p25.f048")
  declare -a extrn_mdl_fns_in_arcv=([0]="gfs.t00z.pgrb2.0p25.f006")
  declare -- extrn_mdl_source_dir="/tmp/docker/model_data/FV3GFS/2019061500"
  declare -- extrn_mdl_staging_dir="/tmp/docker/experiment/test9_CONUS_25km_GFSv15p2/2019061500/FV3GFS/for_LBCS"
  declare -- extrn_mdl_arcv_fmt="tar"
  declare -a extrn_mdl_arcv_fns=([0]="gpfs_dell1_nco_ops_com_gfs_prod_gfs.20190615_00.gfs_pgrb2.tar")
  declare -a extrn_mdl_arcv_fps=([0]="/NCEPPROD/hpssprod/runhistory/rh2019/201906/20190615/gpfs_dell1_nco_ops_com_gfs_prod_gfs.20190615_00.gfs_pgrb2.tar")
  declare -- extrn_mdl_arcvrel_dir="./gfs.20190615/00"

File fp exists on disk:
  fp = "/tmp/docker/model_data/FV3GFS/2019061500/gfs.pgrb2.0p25.f006"

File fp exists on disk:
  fp = "/tmp/docker/model_data/FV3GFS/2019061500/gfs.pgrb2.0p25.f012"

File fp exists on disk:
  fp = "/tmp/docker/model_data/FV3GFS/2019061500/gfs.pgrb2.0p25.f018"

File fp exists on disk:
  fp = "/tmp/docker/model_data/FV3GFS/2019061500/gfs.pgrb2.0p25.f024"

File fp exists on disk:
  fp = "/tmp/docker/model_data/FV3GFS/2019061500/gfs.pgrb2.0p25.f030"

File fp exists on disk:
  fp = "/tmp/docker/model_data/FV3GFS/2019061500/gfs.pgrb2.0p25.f036"

File fp exists on disk:
  fp = "/tmp/docker/model_data/FV3GFS/2019061500/gfs.pgrb2.0p25.f042"

File fp exists on disk:
  fp = "/tmp/docker/model_data/FV3GFS/2019061500/gfs.pgrb2.0p25.f048"

Creating symlinks in the staging directory (extrn_mdl_staging_dir) to the
external model files on disk (extrn_mdl_fns_on_disk) in the source directory 
(extrn_mdl_source_dir):
  extrn_mdl_source_dir = "/tmp/docker/model_data/FV3GFS/2019061500"
  extrn_mdl_fns_on_disk = ( "gfs.pgrb2.0p25.f006" "gfs.pgrb2.0p25.f012" "gfs.pgrb2.0p25.f018" "gfs.pgrb2.0p25.f024" "gfs.pgrb2.0p25.f030" "gfs.pgrb2.0p25.f036" "gfs.pgrb2.0p25.f042" "gfs.pgrb2.0p25.f048" )
  extrn_mdl_staging_dir = "/tmp/docker/experiment/test9_CONUS_25km_GFSv15p2/2019061500/FV3GFS/for_LBCS"

========================================================================
Successfully copied or linked to external model files on disk needed for
generating lateral boundary conditions for the FV3 forecast!!!

Exiting script:  "exregional_get_extrn_mdl_files.sh"
In directory:    "/usr/local/src/ufs-srweather-app/regional_workflow/scripts"
========================================================================

========================================================================
Exiting script:  "JREGIONAL_GET_EXTRN_MDL_FILES"
In directory:    "/usr/local/src/ufs-srweather-app/regional_workflow/jobs"
========================================================================
