+ source /tmp/docker/experiment/test9_CONUS_25km_GFSv15p2/var_defns.sh
++ RUN_ENVIR=community
++ MACHINE=LINUX
++ ACCOUNT=an_account
++ WORKFLOW_MANAGER=none
++ SCHED=none
++ PARTITION_DEFAULT=
++ CLUSTERS_DEFAULT=
++ QUEUE_DEFAULT=
++ PARTITION_HPSS=
++ CLUSTERS_HPSS=
++ QUEUE_HPSS=
++ PARTITION_FCST=
++ CLUSTERS_FCST=
++ QUEUE_FCST=
++ RUN_CMD_UTILS='mpirun -np 4'
++ RUN_CMD_POST='mpirun -np 4'
++ USE_CRON_TO_RELAUNCH=FALSE
++ CRON_RELAUNCH_INTVL_MNTS=03
++ EXPT_BASEDIR=/tmp/docker/experiment
++ EXPT_SUBDIR=test9_CONUS_25km_GFSv15p2
++ COMINgfs=/base/path/of/directory/containing/gfs/input/files
++ STMP=/tmp/docker/stmp
++ NET=rrfs
++ envir=para
++ RUN=experiment_name
++ PTMP=/tmp/docker/ptmp
++ DOT_OR_USCORE=_
++ EXPT_CONFIG_FN=config.sh
++ RGNL_GRID_NML_FN=regional_grid.nml
++ DATA_TABLE_FN=data_table
++ DIAG_TABLE_FN=diag_table
++ FIELD_TABLE_FN=field_table
++ FV3_NML_BASE_SUITE_FN=input.nml.FV3
++ FV3_NML_YAML_CONFIG_FN=FV3.input.yml
++ FV3_NML_BASE_ENS_FN=input.nml.base_ens
++ MODEL_CONFIG_FN=model_configure
++ NEMS_CONFIG_FN=nems.configure
++ FV3_EXEC_FN=NEMS.exe
++ WFLOW_XML_FN=FV3LAM_wflow.xml
++ GLOBAL_VAR_DEFNS_FN=var_defns.sh
++ EXTRN_MDL_ICS_VAR_DEFNS_FN=extrn_mdl_ics_var_defns.sh
++ EXTRN_MDL_LBCS_VAR_DEFNS_FN=extrn_mdl_lbcs_var_defns.sh
++ WFLOW_LAUNCH_SCRIPT_FN=launch_FV3LAM_wflow.sh
++ WFLOW_LAUNCH_LOG_FN=log.launch_FV3LAM_wflow
++ DATE_FIRST_CYCL=20190615
++ DATE_LAST_CYCL=20190615
++ CYCL_HRS=00
++ FCST_LEN_HRS=6
++ EXTRN_MDL_NAME_ICS=FV3GFS
++ EXTRN_MDL_NAME_LBCS=FV3GFS
++ LBC_SPEC_INTVL_HRS=6
++ FV3GFS_FILE_FMT_ICS=grib2
++ FV3GFS_FILE_FMT_LBCS=grib2
++ NOMADS=FALSE
++ NOMADS_file_type=nemsio
++ USE_USER_STAGED_EXTRN_FILES=TRUE
++ EXTRN_MDL_SOURCE_BASEDIR_ICS=/tmp/docker/model_data/FV3GFS
++ EXTRN_MDL_FILES_ICS=gfs.pgrb2.0p25.f000
++ EXTRN_MDL_SOURCE_BASEDIR_LBCS=/tmp/docker/model_data/FV3GFS
++ EXTRN_MDL_FILES_LBCS=("gfs.pgrb2.0p25.f006" "gfs.pgrb2.0p25.f012" "gfs.pgrb2.0p25.f018" "gfs.pgrb2.0p25.f024" "gfs.pgrb2.0p25.f030" "gfs.pgrb2.0p25.f036" "gfs.pgrb2.0p25.f042" "gfs.pgrb2.0p25.f048")
++ CCPP_PHYS_SUITE=FV3_GFS_v15p2
++ GRID_GEN_METHOD=ESGgrid
++ GFDLgrid_LON_T6_CTR=
++ GFDLgrid_LAT_T6_CTR=
++ GFDLgrid_RES=
++ GFDLgrid_STRETCH_FAC=
++ GFDLgrid_REFINE_RATIO=
++ GFDLgrid_ISTART_OF_RGNL_DOM_ON_T6G=
++ GFDLgrid_IEND_OF_RGNL_DOM_ON_T6G=
++ GFDLgrid_JSTART_OF_RGNL_DOM_ON_T6G=
++ GFDLgrid_JEND_OF_RGNL_DOM_ON_T6G=
++ GFDLgrid_USE_GFDLgrid_RES_IN_FILENAMES=
++ ESGgrid_LON_CTR=-97.5
++ ESGgrid_LAT_CTR=38.55
++ ESGgrid_DELX=25000.0
++ ESGgrid_DELY=25000.0
++ ESGgrid_NX=202
++ ESGgrid_NY=117
++ ESGgrid_WIDE_HALO_WIDTH=6
++ DT_ATMOS=300
++ LAYOUT_X=1
++ LAYOUT_Y=3
++ BLOCKSIZE=40
++ QUILTING=TRUE
++ PRINT_ESMF=FALSE
++ WRTCMP_write_groups=1
++ WRTCMP_write_tasks_per_group=2
++ WRTCMP_output_grid=lambert_conformal
++ WRTCMP_cen_lon=-97.5
++ WRTCMP_cen_lat=38.52
++ WRTCMP_lon_lwr_left=-121.34461033
++ WRTCMP_lat_lwr_left=22.95987123
++ WRTCMP_lon_upr_rght=
++ WRTCMP_lat_upr_rght=
++ WRTCMP_dlon=
++ WRTCMP_dlat=
++ WRTCMP_stdlat1=38.52
++ WRTCMP_stdlat2=38.52
++ WRTCMP_nx=201
++ WRTCMP_ny=115
++ WRTCMP_dx=25000.0
++ WRTCMP_dy=25000.0
++ PREDEF_GRID_NAME=RRFS_CONUS_25km
++ PREEXISTING_DIR_METHOD=rename
++ VERBOSE=TRUE
++ RUN_TASK_MAKE_GRID=TRUE
++ GRID_DIR=/tmp/docker/experiment/test9_CONUS_25km_GFSv15p2/grid
++ RUN_TASK_MAKE_OROG=TRUE
++ OROG_DIR=/tmp/docker/experiment/test9_CONUS_25km_GFSv15p2/orog
++ RUN_TASK_MAKE_SFC_CLIMO=TRUE
++ SFC_CLIMO_DIR=/tmp/docker/experiment/test9_CONUS_25km_GFSv15p2/sfc_climo
++ SFC_CLIMO_FIELDS=("facsf" "maximum_snow_albedo" "slope_type" "snowfree_albedo" "soil_type" "substrate_temperature" "vegetation_greenness" "vegetation_type")
++ FIXgsm=/tmp/docker/fix_am
++ TOPO_DIR=/tmp/docker/fix_orog
++ SFC_CLIMO_INPUT_DIR=/tmp/docker/fix_sfc_climo
++ FNGLAC=global_glacier.2x2.grb
++ FNMXIC=global_maxice.2x2.grb
++ FNTSFC=RTGSST.1982.2012.monthly.clim.grb
++ FNSNOC=global_snoclim.1.875.grb
++ FNZORC=igbp
++ FNAISC=CFSR.SEAICE.1982.2012.monthly.clim.grb
++ FNSMCC=global_soilmgldas.t126.384.190.grb
++ FNMSKH=seaice_newland.grb
++ FIXgsm_FILES_TO_COPY_TO_FIXam=("global_glacier.2x2.grb" "global_maxice.2x2.grb" "RTGSST.1982.2012.monthly.clim.grb" "global_snoclim.1.875.grb" "CFSR.SEAICE.1982.2012.monthly.clim.grb" "global_soilmgldas.t126.384.190.grb" "seaice_newland.grb" "global_climaeropac_global.txt" "fix_co2_proj/global_co2historicaldata_2010.txt" "fix_co2_proj/global_co2historicaldata_2011.txt" "fix_co2_proj/global_co2historicaldata_2012.txt" "fix_co2_proj/global_co2historicaldata_2013.txt" "fix_co2_proj/global_co2historicaldata_2014.txt" "fix_co2_proj/global_co2historicaldata_2015.txt" "fix_co2_proj/global_co2historicaldata_2016.txt" "fix_co2_proj/global_co2historicaldata_2017.txt" "fix_co2_proj/global_co2historicaldata_2018.txt" "global_co2historicaldata_glob.txt" "co2monthlycyc.txt" "global_h2o_pltc.f77" "global_hyblev.l65.txt" "global_zorclim.1x1.grb" "global_sfc_emissivity_idx.txt" "global_solarconstant_noaa_an.txt" "ozprdlos_2015_new_sbuvO3_tclm15_nuchem.f77")
++ FV3_NML_VARNAME_TO_FIXam_FILES_MAPPING=("FNGLAC | global_glacier.2x2.grb" "FNMXIC | global_maxice.2x2.grb" "FNTSFC | RTGSST.1982.2012.monthly.clim.grb" "FNSNOC | global_snoclim.1.875.grb" "FNAISC | CFSR.SEAICE.1982.2012.monthly.clim.grb" "FNSMCC | global_soilmgldas.t126.384.190.grb" "FNMSKH | seaice_newland.grb")
++ FV3_NML_VARNAME_TO_SFC_CLIMO_FIELD_MAPPING=("FNALBC  | snowfree_albedo" "FNALBC2 | facsf" "FNTG3C  | substrate_temperature" "FNVEGC  | vegetation_greenness" "FNVETC  | vegetation_type" "FNSOTC  | soil_type" "FNVMNC  | vegetation_greenness" "FNVMXC  | vegetation_greenness" "FNSLPC  | slope_type" "FNABSC  | maximum_snow_albedo")
++ CYCLEDIR_LINKS_TO_FIXam_FILES_MAPPING=("aerosol.dat                | global_climaeropac_global.txt" "co2historicaldata_2010.txt | fix_co2_proj/global_co2historicaldata_2010.txt" "co2historicaldata_2011.txt | fix_co2_proj/global_co2historicaldata_2011.txt" "co2historicaldata_2012.txt | fix_co2_proj/global_co2historicaldata_2012.txt" "co2historicaldata_2013.txt | fix_co2_proj/global_co2historicaldata_2013.txt" "co2historicaldata_2014.txt | fix_co2_proj/global_co2historicaldata_2014.txt" "co2historicaldata_2015.txt | fix_co2_proj/global_co2historicaldata_2015.txt" "co2historicaldata_2016.txt | fix_co2_proj/global_co2historicaldata_2016.txt" "co2historicaldata_2017.txt | fix_co2_proj/global_co2historicaldata_2017.txt" "co2historicaldata_2018.txt | fix_co2_proj/global_co2historicaldata_2018.txt" "co2historicaldata_glob.txt | global_co2historicaldata_glob.txt" "co2monthlycyc.txt          | co2monthlycyc.txt" "global_h2oprdlos.f77       | global_h2o_pltc.f77" "global_zorclim.1x1.grb     | global_zorclim.1x1.grb" "sfc_emissivity_idx.txt     | global_sfc_emissivity_idx.txt" "solarconstant_noaa_an.txt  | global_solarconstant_noaa_an.txt" "global_o3prdlos.f77        | ozprdlos_2015_new_sbuvO3_tclm15_nuchem.f77")
++ MAKE_GRID_TN=make_grid
++ MAKE_OROG_TN=make_orog
++ MAKE_SFC_CLIMO_TN=make_sfc_climo
++ GET_EXTRN_ICS_TN=get_extrn_ics
++ GET_EXTRN_LBCS_TN=get_extrn_lbcs
++ MAKE_ICS_TN=make_ics
++ MAKE_LBCS_TN=make_lbcs
++ RUN_FCST_TN=run_fcst
++ RUN_POST_TN=run_post
++ NNODES_MAKE_GRID=1
++ NNODES_MAKE_OROG=1
++ NNODES_MAKE_SFC_CLIMO=2
++ NNODES_GET_EXTRN_ICS=1
++ NNODES_GET_EXTRN_LBCS=1
++ NNODES_MAKE_ICS=4
++ NNODES_MAKE_LBCS=4
++ NNODES_RUN_FCST=1
++ NNODES_RUN_POST=2
++ PPN_MAKE_GRID=24
++ PPN_MAKE_OROG=24
++ PPN_MAKE_SFC_CLIMO=24
++ PPN_GET_EXTRN_ICS=1
++ PPN_GET_EXTRN_LBCS=1
++ PPN_MAKE_ICS=12
++ PPN_MAKE_LBCS=12
++ PPN_RUN_FCST=24
++ PPN_RUN_POST=24
++ WTIME_MAKE_GRID=00:20:00
++ WTIME_MAKE_OROG=00:20:00
++ WTIME_MAKE_SFC_CLIMO=00:20:00
++ WTIME_GET_EXTRN_ICS=00:45:00
++ WTIME_GET_EXTRN_LBCS=00:45:00
++ WTIME_MAKE_ICS=00:30:00
++ WTIME_MAKE_LBCS=00:30:00
++ WTIME_RUN_FCST=01:00:00
++ WTIME_RUN_POST=00:15:00
++ MAXTRIES_MAKE_GRID=1
++ MAXTRIES_MAKE_OROG=1
++ MAXTRIES_MAKE_SFC_CLIMO=1
++ MAXTRIES_GET_EXTRN_ICS=1
++ MAXTRIES_GET_EXTRN_LBCS=1
++ MAXTRIES_MAKE_ICS=1
++ MAXTRIES_MAKE_LBCS=1
++ MAXTRIES_RUN_FCST=1
++ MAXTRIES_RUN_POST=1
++ USE_CUSTOM_POST_CONFIG_FILE=FALSE
++ CUSTOM_POST_CONFIG_FP=
++ DO_ENSEMBLE=FALSE
++ NUM_ENS_MEMBERS=1
++ DO_SHUM=FALSE
++ DO_SPPT=FALSE
++ DO_SKEB=FALSE
++ SHUM_MAG=-999.0
++ SHUM_LSCALE=150000
++ SHUM_TSCALE=21600
++ SHUM_INT=3600
++ SPPT_MAG=-999.0
++ SPPT_LSCALE=150000
++ SPPT_TSCALE=21600
++ SPPT_INT=3600
++ SKEB_MAG=-999.0
++ SKEB_LSCALE=150000
++ SKEB_TSCALE=21600
++ SKEB_INT=3600
++ SKEB_VDOF=10
++ USE_ZMTNBLCK=false
++ HALO_BLEND=10
++ USE_FVCOM=FALSE
++ FVCOM_DIR=/user/defined/dir/to/fvcom/data
++ FVCOM_FILE=fvcom.nc
++ COMPILER=intel
++ WFLOW_LAUNCH_SCRIPT_FP=/usr/local/src/ufs-srweather-app/regional_workflow/ush/launch_FV3LAM_wflow.sh
++ WFLOW_LAUNCH_LOG_FP=/tmp/docker/experiment/test9_CONUS_25km_GFSv15p2/log.launch_FV3LAM_wflow
++ CRONTAB_LINE=
++ SR_WX_APP_TOP_DIR=/usr/local/src/ufs-srweather-app
++ HOMErrfs=/usr/local/src/ufs-srweather-app/regional_workflow
++ USHDIR=/usr/local/src/ufs-srweather-app/regional_workflow/ush
++ SCRIPTSDIR=/usr/local/src/ufs-srweather-app/regional_workflow/scripts
++ JOBSDIR=/usr/local/src/ufs-srweather-app/regional_workflow/jobs
++ SORCDIR=/usr/local/src/ufs-srweather-app/regional_workflow/sorc
++ SRC_DIR=/usr/local/src/ufs-srweather-app/src
++ PARMDIR=/usr/local/src/ufs-srweather-app/regional_workflow/parm
++ MODULES_DIR=/usr/local/src/ufs-srweather-app/regional_workflow/modulefiles
++ EXECDIR=/usr/local/src/ufs-srweather-app/bin
++ FIXrrfs=/usr/local/src/ufs-srweather-app/regional_workflow/fix
++ FIXam=/tmp/docker/experiment/test9_CONUS_25km_GFSv15p2/fix_am
++ FIXLAM=/tmp/docker/experiment/test9_CONUS_25km_GFSv15p2/fix_lam
++ FIXgsm=/tmp/docker/fix_am
++ COMROOT=
++ COMOUT_BASEDIR=
++ TEMPLATE_DIR=/usr/local/src/ufs-srweather-app/regional_workflow/ush/templates
++ UFS_WTHR_MDL_DIR=/usr/local/src/ufs-srweather-app/src/ufs_weather_model
++ UFS_UTILS_DIR=/usr/local/src/ufs-srweather-app/src/UFS_UTILS
++ SFC_CLIMO_INPUT_DIR=/tmp/docker/fix_sfc_climo
++ TOPO_DIR=/tmp/docker/fix_orog
++ EMC_POST_DIR=/usr/local/src/ufs-srweather-app/src/EMC_post
++ EXPTDIR=/tmp/docker/experiment/test9_CONUS_25km_GFSv15p2
++ LOGDIR=/tmp/docker/experiment/test9_CONUS_25km_GFSv15p2/log
++ CYCLE_BASEDIR=/tmp/docker/experiment/test9_CONUS_25km_GFSv15p2
++ GRID_DIR=/tmp/docker/experiment/test9_CONUS_25km_GFSv15p2/grid
++ OROG_DIR=/tmp/docker/experiment/test9_CONUS_25km_GFSv15p2/orog
++ SFC_CLIMO_DIR=/tmp/docker/experiment/test9_CONUS_25km_GFSv15p2/sfc_climo
++ NDIGITS_ENSMEM_NAMES=0
++ ENSMEM_NAMES=("")
++ FV3_NML_ENSMEM_FPS=("")
++ GLOBAL_VAR_DEFNS_FP=/tmp/docker/experiment/test9_CONUS_25km_GFSv15p2/var_defns.sh
++ DATA_TABLE_TMPL_FN=data_table
++ DIAG_TABLE_TMPL_FN=diag_table.FV3_GFS_v15p2
++ FIELD_TABLE_TMPL_FN=field_table.FV3_GFS_v15p2
++ MODEL_CONFIG_TMPL_FN=model_configure
++ NEMS_CONFIG_TMPL_FN=nems.configure
++ DATA_TABLE_TMPL_FP=/usr/local/src/ufs-srweather-app/regional_workflow/ush/templates/data_table
++ DIAG_TABLE_TMPL_FP=/usr/local/src/ufs-srweather-app/regional_workflow/ush/templates/diag_table.FV3_GFS_v15p2
++ FIELD_TABLE_TMPL_FP=/usr/local/src/ufs-srweather-app/regional_workflow/ush/templates/field_table.FV3_GFS_v15p2
++ FV3_NML_BASE_SUITE_FP=/usr/local/src/ufs-srweather-app/regional_workflow/ush/templates/input.nml.FV3
++ FV3_NML_YAML_CONFIG_FP=/usr/local/src/ufs-srweather-app/regional_workflow/ush/templates/FV3.input.yml
++ FV3_NML_BASE_ENS_FP=/tmp/docker/experiment/test9_CONUS_25km_GFSv15p2/input.nml.base_ens
++ MODEL_CONFIG_TMPL_FP=/usr/local/src/ufs-srweather-app/regional_workflow/ush/templates/model_configure
++ NEMS_CONFIG_TMPL_FP=/usr/local/src/ufs-srweather-app/regional_workflow/ush/templates/nems.configure
++ CCPP_PHYS_SUITE_FN=suite_FV3_GFS_v15p2.xml
++ CCPP_PHYS_SUITE_IN_CCPP_FP=/usr/local/src/ufs-srweather-app/src/ufs_weather_model/FV3/ccpp/suites/suite_FV3_GFS_v15p2.xml
++ CCPP_PHYS_SUITE_FP=/tmp/docker/experiment/test9_CONUS_25km_GFSv15p2/suite_FV3_GFS_v15p2.xml
++ DATA_TABLE_FP=/tmp/docker/experiment/test9_CONUS_25km_GFSv15p2/data_table
++ FIELD_TABLE_FP=/tmp/docker/experiment/test9_CONUS_25km_GFSv15p2/field_table
++ FV3_NML_FN=input.nml
++ FV3_NML_FP=/tmp/docker/experiment/test9_CONUS_25km_GFSv15p2/input.nml
++ NEMS_CONFIG_FP=/tmp/docker/experiment/test9_CONUS_25km_GFSv15p2/nems.configure
++ FV3_EXEC_FP=/usr/local/src/ufs-srweather-app/bin/NEMS.exe
++ LOAD_MODULES_RUN_TASK_FP=/usr/local/src/ufs-srweather-app/regional_workflow/ush/load_modules_run_task.sh
++ GTYPE=regional
++ TILE_RGNL=7
++ NH0=0
++ NH3=3
++ NH4=4
++ LON_CTR=-97.5
++ LAT_CTR=38.55
++ NX=202
++ NY=117
++ NHW=6
++ STRETCH_FAC=0.999
++ RES_IN_FIXLAM_FILENAMES=
++ CRES=C403
++ DEL_ANGLE_X_SG=0.1124152007
++ DEL_ANGLE_Y_SG=0.1124152007
++ NEG_NX_OF_DOM_WITH_WIDE_HALO=-214
++ NEG_NY_OF_DOM_WITH_WIDE_HALO=-129
++ OZONE_PARAM=ozphys_2015
++ EXTRN_MDL_SYSBASEDIR_ICS=
++ EXTRN_MDL_SYSBASEDIR_LBCS=
++ EXTRN_MDL_LBCS_OFFSET_HRS=0
++ LBC_SPEC_FCST_HRS=(6)
++ NUM_CYCLES=1
++ ALL_CDATES=("2019061500")
++ USE_FVCOM=FALSE
++ FVCOM_DIR=/user/defined/dir/to/fvcom/data
++ FVCOM_FILE=fvcom.nc
++ NCORES_PER_NODE=
++ PE_MEMBER01=5
++ RUN_CMD_FCST='mpirun -np 5'
+ export CDATE=2019061500
+ CDATE=2019061500
+ export CYCLE_DIR=/tmp/docker/experiment/test9_CONUS_25km_GFSv15p2/2019061500
+ CYCLE_DIR=/tmp/docker/experiment/test9_CONUS_25km_GFSv15p2/2019061500
+ export SLASH_ENSMEM_SUBDIR=
+ SLASH_ENSMEM_SUBDIR=
+ /usr/local/src/ufs-srweather-app/regional_workflow/jobs/JREGIONAL_MAKE_LBCS

========================================================================
Entering script:  "JREGIONAL_MAKE_LBCS"
In directory:     "/usr/local/src/ufs-srweather-app/regional_workflow/jobs"

This is the J-job script for the task that generates lateral boundary 
condition (LBC) files (in NetCDF format) for all LBC update hours (except 
hour zero). 
========================================================================

========================================================================
Entering script:  "exregional_make_lbcs.sh"
In directory:     "/usr/local/src/ufs-srweather-app/regional_workflow/scripts"

This is the ex-script for the task that generates lateral boundary con-
dition (LBC) files (in NetCDF format) for all LBC update hours (except
hour zero).
========================================================================

The arguments to the script in file

  "/usr/local/src/ufs-srweather-app/regional_workflow/scripts/exregional_make_lbcs.sh"

have been set as follows:

  declare -- lbcs_dir="/tmp/docker/experiment/test9_CONUS_25km_GFSv15p2/2019061500/INPUT"
 - INITIALIZE ESMF
 - INITIALIZE ESMF
 - INITIALIZE ESMF
 - INITIALIZE ESMF
 - CALL VMGetGlobal
 - CALL VMGetGlobal
 - CALL VMGet
 - NPETS IS             4
 - LOCAL PET            1
 - READ SETUP NAMELIST
 - CALL VMGetGlobal
 - CALL VMGet
 - NPETS IS             4
 - LOCAL PET            2
 - READ SETUP NAMELIST
 - CALL VMGetGlobal
 - CALL VMGet
 - NPETS IS             4
 - LOCAL PET            3
 - READ SETUP NAMELIST
 - CALL VMGet
 - NPETS IS             4
 - LOCAL PET            0
 - READ SETUP NAMELIST
 - PROCESSING A REGIONAL NEST WITH A BOUNDARY HALO OF            4
 - PROCESSING A REGIONAL NEST WITH A BLENDING HALO OF           10
 - WILL PROCESS TRACER 
 - WILL PROCESS INPUT TRACER 
 - PROCESSING A REGIONAL NEST WITH A BOUNDARY HALO OF            4
 - PROCESSING A REGIONAL NEST WITH A BLENDING HALO OF           10
 - WILL PROCESS TRACER 
 - WILL PROCESS INPUT TRACER 
 - INPUT DATA FROM A GRIB2 FILE
 OPEN VARIABLE MAPPING FILE: /usr/local/src/ufs-srweather-app/src/UFS_UTILS/parm/varmap_tables/GFSphys_var_map.txt
 - INPUT DATA FROM A GRIB2 FILE
 OPEN VARIABLE MAPPING FILE: /usr/local/src/ufs-srweather-app/src/UFS_UTILS/parm/varmap_tables/GFSphys_var_map.txt
 - OPEN TARGET GRID MOSAIC FILE: /tmp/docker/experiment/test9_CONUS_25km_GFSv15p2/fix_lam/C403_mosaic.halo4.nc
 - PROCESSING A REGIONAL NEST WITH A BOUNDARY HALO OF            4
 - OPEN TARGET GRID MOSAIC FILE: /tmp/docker/experiment/test9_CONUS_25km_GFSv15p2/fix_lam/C403_mosaic.halo4.nc
 - PROCESSING A REGIONAL NEST WITH A BOUNDARY HALO OF            4
 - PROCESSING A REGIONAL NEST WITH A BLENDING HALO OF           10
 - WILL PROCESS TRACER 
 - WILL PROCESS INPUT TRACER 
 - INPUT DATA FROM A GRIB2 FILE
 OPEN VARIABLE MAPPING FILE: /usr/local/src/ufs-srweather-app/src/UFS_UTILS/parm/varmap_tables/GFSphys_var_map.txt
 - PROCESSING A REGIONAL NEST WITH A BLENDING HALO OF           10
 - OPEN TARGET GRID MOSAIC FILE: /tmp/docker/experiment/test9_CONUS_25km_GFSv15p2/fix_lam/C403_mosaic.halo4.nc
 - WILL PROCESS TRACER 
 - WILL PROCESS INPUT TRACER 
 - INPUT DATA FROM A GRIB2 FILE
 OPEN VARIABLE MAPPING FILE: /usr/local/src/ufs-srweather-app/src/UFS_UTILS/parm/varmap_tables/GFSphys_var_map.txt
 - OPEN TARGET GRID MOSAIC FILE: /tmp/docker/experiment/test9_CONUS_25km_GFSv15p2/fix_lam/C403_mosaic.halo4.nc
 - READ NUMBER OF TILES
 - READ NUMBER OF TILES
 - READ TILE NAMES
 - READ NUMBER OF TILES
 - READ TILE NAMES
 - READ TILE NAMES
 - READ NUMBER OF TILES
 - READ TILE NAMES
 - NUMBER OF TILES, TARGET MODEL GRID IS            1
 - OPEN FIRST TARGET GRID OROGRAPHY FILE: /tmp/docker/experiment/test9_CONUS_25km_GFSv15p2/fix_lam/C403_oro_data.tile7.halo4.nc
 - NUMBER OF TILES, TARGET MODEL GRID IS            1
 - NUMBER OF TILES, TARGET MODEL GRID IS            1
 - OPEN FIRST TARGET GRID OROGRAPHY FILE: /tmp/docker/experiment/test9_CONUS_25km_GFSv15p2/fix_lam/C403_oro_data.tile7.halo4.nc
 - OPEN FIRST TARGET GRID OROGRAPHY FILE: /tmp/docker/experiment/test9_CONUS_25km_GFSv15p2/fix_lam/C403_oro_data.tile7.halo4.nc
 - NUMBER OF TILES, TARGET MODEL GRID IS            1
 - OPEN FIRST TARGET GRID OROGRAPHY FILE: /tmp/docker/experiment/test9_CONUS_25km_GFSv15p2/fix_lam/C403_oro_data.tile7.halo4.nc
 - READ GRID DIMENSIONS
 - READ GRID DIMENSIONS
 - READ GRID DIMENSIONS
 - READ GRID DIMENSIONS
 - I/J DIMENSIONS OF THE TARGET GRID TILES          210         125
 - I/J DIMENSIONS OF THE TARGET GRID TILES          210         125
 - CALL GridCreateMosaic FOR TARGET GRID
 - CALL GridCreateMosaic FOR TARGET GRID
 - I/J DIMENSIONS OF THE TARGET GRID TILES          210         125
 - CALL GridCreateMosaic FOR TARGET GRID
 - I/J DIMENSIONS OF THE TARGET GRID TILES          210         125
 - CALL GridCreateMosaic FOR TARGET GRID
 - CALL FieldCreate FOR TARGET GRID LANDMASK.
 - CALL FieldCreate FOR TARGET GRID LANDMASK.
 - CALL FieldCreate FOR TARGET GRID SEAMASK.
 - CALL FieldCreate FOR TARGET GRID SEAMASK.
 - CALL FieldCreate FOR TARGET GRID LATITUDE.
 - CALL FieldCreate FOR TARGET GRID LATITUDE.
 - CALL FieldCreate FOR TARGET GRID LATITUDE_S.
 - CALL FieldCreate FOR TARGET GRID LATITUDE_W.
 - CALL FieldCreate FOR TARGET GRID LANDMASK.
 - CALL FieldCreate FOR TARGET GRID LATITUDE_S.
 - CALL FieldCreate FOR TARGET GRID LANDMASK.
 - CALL FieldCreate FOR TARGET GRID LONGITUDE.
 - CALL FieldCreate FOR TARGET GRID LATITUDE_W.
 - CALL FieldCreate FOR TARGET GRID SEAMASK.
 - CALL FieldCreate FOR TARGET GRID SEAMASK.
 - CALL FieldCreate FOR TARGET GRID LONGITUDE_S.
 - CALL FieldCreate FOR TARGET GRID LATITUDE.
 - CALL FieldCreate FOR TARGET GRID LONGITUDE_W.
 - CALL FieldCreate FOR TARGET GRID LATITUDE.
 - CALL FieldCreate FOR TARGET GRID LONGITUDE.
 - CALL FieldCreate FOR TARGET GRID TERRAIN.
 - CALL FieldCreate FOR TARGET GRID LATITUDE_S.
 - CALL FieldCreate FOR TARGET GRID LATITUDE_S.
 - CALL FieldCreate FOR TARGET GRID LATITUDE_W.
 - CALL FieldScatter FOR TARGET GRID LANDMASK. TILE IS:            1
 - CALL FieldCreate FOR TARGET GRID LONGITUDE_S.
 - CALL FieldCreate FOR TARGET GRID LATITUDE_W.
 - CALL FieldCreate FOR TARGET GRID LONGITUDE.
 - CALL FieldCreate FOR TARGET GRID LONGITUDE_S.
 - CALL FieldCreate FOR TARGET GRID LONGITUDE.
 - CALL FieldCreate FOR TARGET GRID LONGITUDE_W.
 - CALL FieldCreate FOR TARGET GRID LONGITUDE_S.
 - CALL FieldCreate FOR TARGET GRID LONGITUDE_W.
 - CALL FieldCreate FOR TARGET GRID TERRAIN.
 - CALL FieldCreate FOR TARGET GRID LONGITUDE_W.
 - CALL FieldCreate FOR TARGET GRID TERRAIN.
 - CALL FieldCreate FOR TARGET GRID TERRAIN.
 - CALL FieldScatter FOR TARGET GRID LANDMASK. TILE IS:            1
 - CALL FieldScatter FOR TARGET GRID LANDMASK. TILE IS:            1
 - READ MODEL LAND MASK FILE
 - OPEN LAND MASK FILE: /tmp/docker/experiment/test9_CONUS_25km_GFSv15p2/fix_lam/C403_oro_data.tile7.halo4.nc
 - READ I-DIMENSION
 - READ J-DIMENSION
 - I/J DIMENSIONS:          210         125
 - READ LAND MASK
 - READ RAW OROGRAPHY.
 - READ MODEL GRID FILE
 - OPEN MOSAIC FILE: /tmp/docker/experiment/test9_CONUS_25km_GFSv15p2/fix_lam/C403_mosaic.halo4.nc
 - READ GRID FILE NAMES
 - OPEN GRID FILE: /tmp/docker/experiment/test9_CONUS_25km_GFSv15p2/fix_lam/C403_grid.tile7.halo4.nc 
 - READ NXP ID
 - READ NXP
 - READ NYP ID
 - READ NYP
 - READ LONGITUDE ID
 - READ LONGITUDE
 - READ LATITUDE ID
 - READ LATIITUDE
 - CALL FieldScatter FOR TARGET GRID LANDMASK. TILE IS:            1
 - CALL FieldScatter FOR TARGET GRID SEAMASK. TILE IS:            1
 - CALL FieldScatter FOR TARGET GRID SEAMASK. TILE IS:            1
 - CALL FieldScatter FOR TARGET GRID SEAMASK. TILE IS:            1
 - CALL FieldScatter FOR TARGET GRID SEAMASK. TILE IS:            1
 - CALL FieldScatter FOR TARGET GRID LONGITUDE. TILE IS:            1
 - CALL FieldScatter FOR TARGET GRID LONGITUDE. TILE IS:            1
 - CALL FieldScatter FOR TARGET GRID LONGITUDE. TILE IS:            1
 - CALL FieldScatter FOR TARGET GRID LONGITUDE. TILE IS:            1
 - CALL FieldScatter FOR TARGET GRID LONGITUDE_S. TILE IS:            1
 - CALL FieldScatter FOR TARGET GRID LONGITUDE_S. TILE IS:            1
 - CALL FieldScatter FOR TARGET GRID LONGITUDE_S. TILE IS:            1
 - CALL FieldScatter FOR TARGET GRID LONGITUDE_S. TILE IS:            1
 - CALL FieldScatter FOR TARGET GRID LONGITUDE_W. TILE IS:            1
 - CALL FieldScatter FOR TARGET GRID LONGITUDE_W. TILE IS:            1
 - CALL FieldScatter FOR TARGET GRID LONGITUDE_W. TILE IS:            1
 - CALL FieldScatter FOR TARGET GRID LONGITUDE_W. TILE IS:            1
 - CALL FieldScatter FOR TARGET GRID LATITUDE. TILE IS:            1
 - CALL FieldScatter FOR TARGET GRID LATITUDE. TILE IS:            1
 - CALL FieldScatter FOR TARGET GRID LATITUDE. TILE IS:            1
 - CALL FieldScatter FOR TARGET GRID LATITUDE. TILE IS:            1
 - CALL FieldScatter FOR TARGET GRID LATITUDE_S. TILE IS:            1
 - CALL FieldScatter FOR TARGET GRID LATITUDE_S. TILE IS:            1
 - CALL FieldScatter FOR TARGET GRID LATITUDE_S. TILE IS:            1
 - CALL FieldScatter FOR TARGET GRID LATITUDE_S. TILE IS:            1
 - CALL FieldScatter FOR TARGET GRID LATITUDE_W. TILE IS:            1
 - CALL FieldScatter FOR TARGET GRID LATITUDE_W. TILE IS:            1
 - CALL FieldScatter FOR TARGET GRID LATITUDE_W. TILE IS:            1
 - CALL FieldScatter FOR TARGET GRID LATITUDE_W. TILE IS:            1
 - CALL FieldScatter FOR TARGET GRID TERRAIN. TILE IS:            1
 - CALL FieldScatter FOR TARGET GRID TERRAIN. TILE IS:            1
 - CALL FieldScatter FOR TARGET GRID TERRAIN. TILE IS:            1
 - CALL FieldScatter FOR TARGET GRID TERRAIN. TILE IS:            1
 - DEFINE INPUT GRID OBJECT FOR INPUT GRIB2 DATA.
 - DEFINE INPUT GRID OBJECT FOR INPUT GRIB2 DATA.
 - DEFINE INPUT GRID OBJECT FOR INPUT GRIB2 DATA.
 - DEFINE INPUT GRID OBJECT FOR INPUT GRIB2 DATA.
 - OPEN AND INVENTORY GRIB2 FILE: /tmp/docker/experiment/test9_CONUS_25km_GFSv15p2/2019061500/FV3GFS/for_LBCS/gfs.pgrb2.0p25.f006
 - CALL GridCreate1PeriDim FOR INPUT GRID.
 - CALL GridCreate1PeriDim FOR INPUT GRID.
 - CALL GridCreate1PeriDim FOR INPUT GRID.
 - CALL GridCreate1PeriDim FOR INPUT GRID.
 - CALL FieldCreate FOR INPUT GRID LATITUDE.
 - CALL FieldCreate FOR INPUT GRID LATITUDE.
 - CALL FieldCreate FOR INPUT GRID LONGITUDE.
 - CALL FieldCreate FOR INPUT GRID LONGITUDE.
 - CALL FieldCreate FOR INPUT GRID LATITUDE.
 - CALL FieldCreate FOR INPUT GRID LATITUDE.
 - CALL FieldCreate FOR INPUT GRID LONGITUDE.
 - CALL FieldCreate FOR INPUT GRID LONGITUDE.
 - CALL FieldScatter FOR INPUT GRID LONGITUDE.
 - CALL FieldScatter FOR INPUT GRID LONGITUDE.
 - CALL FieldScatter FOR INPUT GRID LONGITUDE.
 - CALL FieldScatter FOR INPUT GRID LONGITUDE.
 - CALL FieldScatter FOR INPUT GRID LATITUDE.
 - CALL FieldScatter FOR INPUT GRID LATITUDE.
 - CALL FieldScatter FOR INPUT GRID LATITUDE.
 - CALL FieldScatter FOR INPUT GRID LATITUDE.
 - CALL GridAddCoord FOR INPUT GRID.
 - CALL GridGetCoord FOR INPUT GRID X-COORD.
 - CALL GridGetCoord FOR INPUT GRID Y-COORD.
 - CALL GridAddCoord FOR INPUT GRID.
 - CALL GridAddCoord FOR INPUT GRID.
 - CALL GridGetCoord FOR INPUT GRID X-COORD.
 - CALL GridGetCoord FOR INPUT GRID X-COORD.
 - CALL GridGetCoord FOR INPUT GRID Y-COORD.
 - CALL GridGetCoord FOR INPUT GRID Y-COORD.
 - CALL GridAddCoord FOR INPUT GRID.
 - CALL GridAddCoord FOR INPUT GRID.
 - CALL GridGetCoord FOR INPUT GRID X-COORD.
 - CALL GridAddCoord FOR INPUT GRID.
 - CALL GridGetCoord FOR INPUT GRID X-COORD.
 - CALL GridGetCoord FOR INPUT GRID X-COORD.
 - CALL GridGetCoord FOR INPUT GRID Y-COORD.
 - CALL GridGetCoord FOR INPUT GRID Y-COORD.
 - CALL GridGetCoord FOR INPUT GRID Y-COORD.
 - READ ATMOS DATA FROM GRIB2 FILE: /tmp/docker/experiment/test9_CONUS_25km_GFSv15p2/2019061500/FV3GFS/for_LBCS/gfs.pgrb2.0p25.f006
 - USE INVENTORY FILE chgres.inv
 - OPEN FILE.
 - READ VERTICAL COORDINATE.
 - CALL GridAddCoord FOR INPUT GRID.
 - CALL GridAddCoord FOR INPUT GRID.
 - READ ATMOS DATA FROM GRIB2 FILE: /tmp/docker/experiment/test9_CONUS_25km_GFSv15p2/2019061500/FV3GFS/for_LBCS/gfs.pgrb2.0p25.f006
 - USE INVENTORY FILE chgres.inv
 - OPEN FILE.
 - READ VERTICAL COORDINATE.
 - CALL GridGetCoord FOR INPUT GRID X-COORD.
 - CALL GridGetCoord FOR INPUT GRID Y-COORD.
 - CALL GridGetCoord FOR INPUT GRID X-COORD.
 - CALL GridGetCoord FOR INPUT GRID Y-COORD.
 - READ ATMOS DATA FROM GRIB2 FILE: /tmp/docker/experiment/test9_CONUS_25km_GFSv15p2/2019061500/FV3GFS/for_LBCS/gfs.pgrb2.0p25.f006
 - USE INVENTORY FILE chgres.inv
 - OPEN FILE.
 - READ VERTICAL COORDINATE.
 - READ ATMOS DATA FROM GRIB2 FILE: /tmp/docker/experiment/test9_CONUS_25km_GFSv15p2/2019061500/FV3GFS/for_LBCS/gfs.pgrb2.0p25.f006
 - USE INVENTORY FILE chgres.inv
 - OPEN FILE.
 - READ VERTICAL COORDINATE.
 - DATA IS ON           31  ISOBARIC LEVELS.
 - LEVEL = :1 mb:                                            
 - LEVEL = :2 mb:                                            
 - LEVEL = :3 mb:                                            
 - LEVEL = :5 mb:                                            
 - LEVEL = :7 mb:                                            
 - LEVEL = :10 mb:                                           
 - LEVEL = :20 mb:                                           
 - LEVEL = :30 mb:                                           
 - LEVEL = :50 mb:                                           
 - LEVEL = :70 mb:                                           
 - LEVEL = :100 mb:                                          
 - LEVEL = :150 mb:                                          
 - LEVEL = :200 mb:                                          
 - LEVEL = :250 mb:                                          
 - LEVEL = :300 mb:                                          
 - LEVEL = :350 mb:                                          
 - LEVEL = :400 mb:                                          
 - LEVEL = :450 mb:                                          
 - LEVEL = :500 mb:                                          
 - LEVEL = :550 mb:                                          
 - LEVEL = :600 mb:                                          
 - LEVEL = :650 mb:                                          
 - LEVEL = :700 mb:                                          
 - LEVEL = :750 mb:                                          
 - LEVEL = :800 mb:                                          
 - LEVEL = :850 mb:                                          
 - LEVEL = :900 mb:                                          
 - LEVEL = :925 mb:                                          
 - LEVEL = :950 mb:                                          
 - LEVEL = :975 mb:                                          
 - LEVEL = :1000 mb:                                         
 - LEVEL AFTER SORT = :1 mb:                                            
 - LEVEL AFTER SORT = :2 mb:                                            
 - LEVEL AFTER SORT = :3 mb:                                            
 - LEVEL AFTER SORT = :5 mb:                                            
 - LEVEL AFTER SORT = :7 mb:                                            
 - LEVEL AFTER SORT = :10 mb:                                           
 - LEVEL AFTER SORT = :20 mb:                                           
 - LEVEL AFTER SORT = :30 mb:                                           
 - LEVEL AFTER SORT = :50 mb:                                           
 - LEVEL AFTER SORT = :70 mb:                                           
 - LEVEL AFTER SORT = :100 mb:                                          
 - LEVEL AFTER SORT = :150 mb:                                          
 - LEVEL AFTER SORT = :200 mb:                                          
 - LEVEL AFTER SORT = :250 mb:                                          
 - LEVEL AFTER SORT = :300 mb:                                          
 - LEVEL AFTER SORT = :350 mb:                                          
 - LEVEL AFTER SORT = :400 mb:                                          
 - LEVEL AFTER SORT = :450 mb:                                          
 - LEVEL AFTER SORT = :500 mb:                                          
 - LEVEL AFTER SORT = :550 mb:                                          
 - LEVEL AFTER SORT = :600 mb:                                          
 - LEVEL AFTER SORT = :650 mb:                                          
 - LEVEL AFTER SORT = :700 mb:                                          
 - LEVEL AFTER SORT = :750 mb:                                          
 - LEVEL AFTER SORT = :800 mb:                                          
 - LEVEL AFTER SORT = :850 mb:                                          
 - LEVEL AFTER SORT = :900 mb:                                          
 - LEVEL AFTER SORT = :925 mb:                                          
 - LEVEL AFTER SORT = :950 mb:                                          
 - LEVEL AFTER SORT = :975 mb:                                          
 - LEVEL AFTER SORT = :1000 mb:                                         
 - FIND SPFH OR RH IN FILE
 - FILE CONTAINS RH.
 - FIND ICMR, SCLIWC, OR CICE IN FILE
 - INITIALIZE ATMOSPHERIC ESMF FIELDS.
 - CALL FieldCreate FOR INPUT GRID 3-D WIND.
 - INITIALIZE ATMOSPHERIC ESMF FIELDS.
 - INITIALIZE ATMOSPHERIC ESMF FIELDS.
 - CALL FieldCreate FOR INPUT GRID 3-D WIND.
 - CALL FieldCreate FOR INPUT GRID 3-D WIND.
 - CALL FieldCreate FOR INPUT GRID SURFACE PRESSURE.
 - CALL FieldCreate FOR INPUT GRID SURFACE PRESSURE.
 - CALL FieldCreate FOR INPUT GRID SURFACE PRESSURE.
 - CALL FieldCreate FOR INPUT GRID TERRAIN.
 - CALL FieldCreate FOR INPUT GRID TERRAIN.
 - CALL FieldCreate FOR INPUT GRID TERRAIN.
 - CALL FieldCreate FOR INPUT GRID TEMPERATURE.
 - CALL FieldCreate FOR INPUT GRID TEMPERATURE.
 - CALL FieldCreate FOR INPUT GRID TEMPERATURE.
 - CALL FieldCreate FOR INPUT GRID TRACER sphum
 - CALL FieldCreate FOR INPUT GRID TRACER sphum
 - CALL FieldCreate FOR INPUT GRID TRACER sphum
 - CALL FieldCreate FOR INPUT GRID TRACER liq_wat
 - CALL FieldCreate FOR INPUT GRID TRACER liq_wat
 - CALL FieldCreate FOR INPUT GRID TRACER liq_wat
 - CALL FieldCreate FOR INPUT GRID TRACER o3mr
 - CALL FieldCreate FOR INPUT GRID TRACER o3mr
 - CALL FieldCreate FOR INPUT GRID TRACER ice_wat
 - CALL FieldCreate FOR INPUT GRID TRACER o3mr
 - CALL FieldCreate FOR INPUT GRID TRACER ice_wat
 - CALL FieldCreate FOR INPUT GRID TRACER rainwat
 - CALL FieldCreate FOR INPUT GRID TRACER ice_wat
 - CALL FieldCreate FOR INPUT GRID TRACER rainwat
 - CALL FieldCreate FOR INPUT GRID TRACER snowwat
 - CALL FieldCreate FOR INPUT GRID TRACER snowwat
 - CALL FieldCreate FOR INPUT GRID TRACER rainwat
 - CALL FieldCreate FOR INPUT GRID TRACER graupel
 - CALL FieldCreate FOR INPUT GRID TRACER graupel
 - CALL FieldCreate FOR INPUT GRID DZDT.
 - CALL FieldCreate FOR INPUT GRID TRACER snowwat
 - CALL FieldCreate FOR INPUT GRID DZDT.
 - CALL FieldCreate FOR INPUT GRID U.
 - CALL FieldCreate FOR INPUT GRID TRACER graupel
 - CALL FieldCreate FOR INPUT GRID U.
 - CALL FieldCreate FOR INPUT GRID V.
 - CALL FieldCreate FOR INPUT GRID DZDT.
 - CALL FieldCreate FOR INPUT GRID PRESSURE.
 - CALL FieldCreate FOR INPUT GRID V.
 - CALL FieldCreate FOR INPUT GRID U.
 - CALL FieldCreate FOR INPUT GRID PRESSURE.
 - CALL FieldCreate FOR INPUT GRID V.
 - CALL FieldCreate FOR INPUT GRID PRESSURE.
 - FILE CONTAINS ICMR.
 - FIND CLWMR or SCLLWC IN FILE
 - FILE CONTAINS CLWMR.
 - NUMBER OF TRACERS TO BE PROCESSED =            7
 - INITIALIZE ATMOSPHERIC ESMF FIELDS.
 - CALL FieldCreate FOR INPUT GRID 3-D WIND.
 - CALL FieldCreate FOR INPUT GRID SURFACE PRESSURE.
 - CALL FieldCreate FOR INPUT GRID TERRAIN.
 - CALL FieldCreate FOR INPUT GRID TEMPERATURE.
 - CALL FieldCreate FOR INPUT GRID TRACER sphum
 - CALL FieldCreate FOR INPUT GRID TRACER liq_wat
 - CALL FieldCreate FOR INPUT GRID TRACER o3mr
 - CALL FieldCreate FOR INPUT GRID TRACER ice_wat
 - CALL FieldCreate FOR INPUT GRID TRACER rainwat
 - CALL FieldCreate FOR INPUT GRID TRACER snowwat
 - CALL FieldCreate FOR INPUT GRID TRACER graupel
 - CALL FieldCreate FOR INPUT GRID DZDT.
 - CALL FieldCreate FOR INPUT GRID U.
 - CALL FieldCreate FOR INPUT GRID V.
 - CALL FieldCreate FOR INPUT GRID PRESSURE.
 - READ TEMPERATURE.
 temp check after read            1   246.43795776367188     
 temp check after read            2   227.08529663085938     
 temp check after read            3   216.86251831054688     
 temp check after read            4   206.13124084472656     
 temp check after read            5   199.80648803710938     
 temp check after read            6   194.79614257812500     
 temp check after read            7   187.73168945312500     
 temp check after read            8   187.54873657226562     
 temp check after read            9   189.53018188476562     
 temp check after read           10   192.50000000000000     
 temp check after read           11   196.74105834960938     
 temp check after read           12   201.90676879882812     
 temp check after read           13   203.00000000000000     
 temp check after read           14   203.30000305175781     
 temp check after read           15   208.19998168945312     
 temp check after read           16   213.39997863769531     
 temp check after read           17   218.29997253417969     
 temp check after read           18   222.39999389648438     
 temp check after read           19   225.99996948242188     
 temp check after read           20   229.49316406250000     
 temp check after read           21   232.37588500976562     
 temp check after read           22   222.19999694824219     
 temp check after read           23   220.89999389648438     
 temp check after read           24   223.80000305175781     
 temp check after read           25   226.60000610351562     
 temp check after read           26   229.21493530273438     
 temp check after read           27   231.68917846679688     
 temp check after read           28   232.98918151855469     
 temp check after read           29   234.11006164550781     
 temp check after read           30   235.31005859375000     
 temp check after read           31   236.37834167480469     
 - CALL FieldScatter FOR INPUT GRID TEMPERATURE.
           2
 - CALL FieldGather TEMPERATURE.
           2
 - CALL FieldGather TEMPERATURE.
           2
 - CALL FieldGather TEMPERATURE.
 - READ sphum
           2
 - CALL FieldGather TEMPERATURE.
 - CONVERT RH TO SPFH AT LEVEL    100.00000000000000     
 tracer            1   0.00000000       0.00000000    
 - CONVERT RH TO SPFH AT LEVEL    200.00000000000000     
 tracer            2   2.09510836E-05   0.00000000    
 - CONVERT RH TO SPFH AT LEVEL    300.00000000000000     
 tracer            3   2.93989269E-05   0.00000000    
 - CONVERT RH TO SPFH AT LEVEL    500.00000000000000     
 tracer            4   4.98905065E-05   0.00000000    
 - CONVERT RH TO SPFH AT LEVEL    700.00000000000000     
 tracer            5   3.88039371E-05   0.00000000    
 - CONVERT RH TO SPFH AT LEVEL    1000.0000000000000     
 tracer            6   4.19875796E-05   0.00000000    
 - CONVERT RH TO SPFH AT LEVEL    2000.0000000000000     
 tracer            7   1.98412617E-05   0.00000000    
 - CONVERT RH TO SPFH AT LEVEL    3000.0000000000000     
 tracer            8   1.73697499E-05   0.00000000    
 - CONVERT RH TO SPFH AT LEVEL    5000.0000000000000     
 tracer            9   1.45901504E-05   2.22835794E-07
 - CONVERT RH TO SPFH AT LEVEL    7000.0000000000000     
 tracer           10   1.59071351E-05   4.50459538E-07
 - CONVERT RH TO SPFH AT LEVEL    10000.000000000000     
 tracer           11   1.84989512E-05   6.47901572E-07
 - CONVERT RH TO SPFH AT LEVEL    15000.000000000000     
 tracer           12   1.26303421E-04   3.54505801E-07
 - CONVERT RH TO SPFH AT LEVEL    20000.000000000000     
 tracer           13   6.25173445E-04   0.00000000    
 - CONVERT RH TO SPFH AT LEVEL    25000.000000000000     
 tracer           14   1.62418210E-03   5.59764885E-07
 - CONVERT RH TO SPFH AT LEVEL    30000.000000000000     
 tracer           15   2.93596135E-03   0.00000000    
 - CONVERT RH TO SPFH AT LEVEL    35000.000000000000     
 tracer           16   4.25155181E-03   0.00000000    
 - CONVERT RH TO SPFH AT LEVEL    40000.000000000000     
 tracer           17   5.71318017E-03   0.00000000    
 - CONVERT RH TO SPFH AT LEVEL    45000.000000000000     
 tracer           18   7.35112978E-03   0.00000000    
 - CONVERT RH TO SPFH AT LEVEL    50000.000000000000     
 tracer           19   8.85958131E-03   0.00000000    
 - CONVERT RH TO SPFH AT LEVEL    55000.000000000000     
 tracer           20   1.05004320E-02   0.00000000    
 - CONVERT RH TO SPFH AT LEVEL    60000.000000000000     
 tracer           21   1.20084789E-02   0.00000000    
 - CONVERT RH TO SPFH AT LEVEL    65000.000000000000     
 tracer           22   1.34058055E-02   0.00000000    
 - CONVERT RH TO SPFH AT LEVEL    70000.000000000000     
 tracer           23   1.60676166E-02   5.79630841E-06
 - CONVERT RH TO SPFH AT LEVEL    75000.000000000000     
 tracer           24   1.89113412E-02   1.16411475E-05
 - CONVERT RH TO SPFH AT LEVEL    80000.000000000000     
 tracer           25   2.19456553E-02   1.38947216E-05
 - CONVERT RH TO SPFH AT LEVEL    85000.000000000000     
 tracer           26   2.51477957E-02   1.72504751E-05
 - CONVERT RH TO SPFH AT LEVEL    90000.000000000000     
 tracer           27   2.85446793E-02   2.11885508E-05
 - CONVERT RH TO SPFH AT LEVEL    92500.000000000000     
 tracer           28   3.02479006E-02   2.33037099E-05
 - CONVERT RH TO SPFH AT LEVEL    95000.000000000000     
 tracer           29   3.19038071E-02   2.50273788E-05
 - CONVERT RH TO SPFH AT LEVEL    97500.000000000000     
 tracer           30   3.37928645E-02   2.72376656E-05
 - CONVERT RH TO SPFH AT LEVEL    100000.00000000000     
 tracer           31   3.55267785E-02   2.95421687E-05
 - CALL FieldScatter FOR INPUT sphum
           3
           3
           3
 - READ liq_wat
           3
 WARNING: ,:var0_2 NOT AVILABLE AT LEVEL :1 mb:. SETTING EQUAL TO FILL VALUE OF    0.00000000    
 tracer            1   0.00000000       0.00000000    
 WARNING: ,:var0_2 NOT AVILABLE AT LEVEL :2 mb:. SETTING EQUAL TO FILL VALUE OF    0.00000000    
 tracer            2   0.00000000       0.00000000    
 WARNING: ,:var0_2 NOT AVILABLE AT LEVEL :3 mb:. SETTING EQUAL TO FILL VALUE OF    0.00000000    
 tracer            3   0.00000000       0.00000000    
 WARNING: ,:var0_2 NOT AVILABLE AT LEVEL :5 mb:. SETTING EQUAL TO FILL VALUE OF    0.00000000    
 tracer            4   0.00000000       0.00000000    
 WARNING: ,:var0_2 NOT AVILABLE AT LEVEL :7 mb:. SETTING EQUAL TO FILL VALUE OF    0.00000000    
 tracer            5   0.00000000       0.00000000    
 WARNING: ,:var0_2 NOT AVILABLE AT LEVEL :10 mb:. SETTING EQUAL TO FILL VALUE OF    0.00000000    
 tracer            6   0.00000000       0.00000000    
 WARNING: ,:var0_2 NOT AVILABLE AT LEVEL :20 mb:. SETTING EQUAL TO FILL VALUE OF    0.00000000    
 tracer            7   0.00000000       0.00000000    
 WARNING: ,:var0_2 NOT AVILABLE AT LEVEL :30 mb:. SETTING EQUAL TO FILL VALUE OF    0.00000000    
 tracer            8   0.00000000       0.00000000    
 tracer            9   0.00000000       0.00000000    
 WARNING: ,:var0_2 NOT AVILABLE AT LEVEL :70 mb:. SETTING EQUAL TO FILL VALUE OF    0.00000000    
 tracer           10   0.00000000       0.00000000    
 tracer           11   3.25999988E-23   0.00000000    
 tracer           12   2.85100011E-22   0.00000000    
 tracer           13   1.62300003E-05   0.00000000    
 tracer           14   1.79299997E-04   0.00000000    
 tracer           15   2.58899992E-04   0.00000000    
 tracer           16   4.55300004E-04   0.00000000    
 tracer           17   8.05100019E-04   0.00000000    
 tracer           18   9.26000008E-04   0.00000000    
 tracer           19   9.84000042E-04   0.00000000    
 tracer           20   1.05399999E-03   0.00000000    
 tracer           21   1.11099996E-03   0.00000000    
 tracer           22   1.10200001E-03   0.00000000    
 tracer           23   1.12200005E-03   0.00000000    
 tracer           24   1.03399996E-03   0.00000000    
 tracer           25   9.94000002E-04   0.00000000    
 tracer           26   9.89999971E-04   0.00000000    
 tracer           27   9.13699972E-04   0.00000000    
 tracer           28   9.72000009E-04   0.00000000    
 tracer           29   9.73000017E-04   0.00000000    
 tracer           30   1.02299999E-03   0.00000000    
 tracer           31   8.74500023E-04   0.00000000    
 - CALL FieldScatter FOR INPUT liq_wat
           4
           4
           4
 - READ o3mr
           4
 tracer            1   8.50843571E-06   3.25073597E-06
 tracer            2   1.15638650E-05   6.49976528E-06
 tracer            3   1.24389899E-05   7.80179016E-06
 tracer            4   1.48681993E-05   6.55919939E-06
 tracer            5   1.65185193E-05   5.13251871E-06
 tracer            6   1.76757330E-05   4.00373256E-06
 tracer            7   1.28206248E-05   4.66702477E-06
 tracer            8   9.05212346E-06   5.11272356E-06
 tracer            9   6.60447540E-06   1.39887550E-06
 tracer           10   4.11717247E-06   2.11672585E-07
 tracer           11   2.70058149E-06   4.38814425E-08
 tracer           12   1.86559669E-06   4.67966892E-08
 tracer           13   1.47586331E-06   2.55633097E-08
 tracer           14   1.09371001E-06   2.22099867E-08
 tracer           15   9.81192670E-07   8.05268208E-09
 tracer           16   7.49530273E-07   1.91102743E-08
 tracer           17   6.45071566E-07   2.33115500E-08
 WARNING: ,:var0_2 NOT AVILABLE AT LEVEL :450 mb:. SETTING EQUAL TO FILL VALUE OF    1.00000001E-07
 tracer           18   1.00000001E-07   1.00000001E-07
 tracer           19   4.44311809E-07   2.83418071E-08
 WARNING: ,:var0_2 NOT AVILABLE AT LEVEL :550 mb:. SETTING EQUAL TO FILL VALUE OF    1.00000001E-07
 tracer           20   1.00000001E-07   1.00000001E-07
 WARNING: ,:var0_2 NOT AVILABLE AT LEVEL :600 mb:. SETTING EQUAL TO FILL VALUE OF    1.00000001E-07
 tracer           21   1.00000001E-07   1.00000001E-07
 WARNING: ,:var0_2 NOT AVILABLE AT LEVEL :650 mb:. SETTING EQUAL TO FILL VALUE OF    1.00000001E-07
 tracer           22   1.00000001E-07   1.00000001E-07
 tracer           23   2.22627847E-07   4.63278482E-08
 WARNING: ,:var0_2 NOT AVILABLE AT LEVEL :750 mb:. SETTING EQUAL TO FILL VALUE OF    1.00000001E-07
 tracer           24   1.00000001E-07   1.00000001E-07
 WARNING: ,:var0_2 NOT AVILABLE AT LEVEL :800 mb:. SETTING EQUAL TO FILL VALUE OF    1.00000001E-07
 tracer           25   1.00000001E-07   1.00000001E-07
 tracer           26   1.57547987E-07   4.27579820E-08
 WARNING: ,:var0_2 NOT AVILABLE AT LEVEL :900 mb:. SETTING EQUAL TO FILL VALUE OF    1.00000001E-07
 tracer           27   1.00000001E-07   1.00000001E-07
 WARNING: ,:var0_2 NOT AVILABLE AT LEVEL :925 mb:. SETTING EQUAL TO FILL VALUE OF    1.00000001E-07
 tracer           28   1.00000001E-07   1.00000001E-07
 WARNING: ,:var0_2 NOT AVILABLE AT LEVEL :950 mb:. SETTING EQUAL TO FILL VALUE OF    1.00000001E-07
 tracer           29   1.00000001E-07   1.00000001E-07
 WARNING: ,:var0_2 NOT AVILABLE AT LEVEL :975 mb:. SETTING EQUAL TO FILL VALUE OF    1.00000001E-07
 tracer           30   1.00000001E-07   1.00000001E-07
 tracer           31   1.57544605E-07   3.49346010E-08
 - CALL FieldScatter FOR INPUT o3mr
           5
           5
           5
 - READ ice_wat
           5
 WARNING: ,:var0_2 NOT AVILABLE AT LEVEL :1 mb:. SETTING EQUAL TO FILL VALUE OF    0.00000000    
 tracer            1   0.00000000       0.00000000    
 WARNING: ,:var0_2 NOT AVILABLE AT LEVEL :2 mb:. SETTING EQUAL TO FILL VALUE OF    0.00000000    
 tracer            2   0.00000000       0.00000000    
 WARNING: ,:var0_2 NOT AVILABLE AT LEVEL :3 mb:. SETTING EQUAL TO FILL VALUE OF    0.00000000    
 tracer            3   0.00000000       0.00000000    
 WARNING: ,:var0_2 NOT AVILABLE AT LEVEL :5 mb:. SETTING EQUAL TO FILL VALUE OF    0.00000000    
 tracer            4   0.00000000       0.00000000    
 WARNING: ,:var0_2 NOT AVILABLE AT LEVEL :7 mb:. SETTING EQUAL TO FILL VALUE OF    0.00000000    
 tracer            5   0.00000000       0.00000000    
 WARNING: ,:var0_2 NOT AVILABLE AT LEVEL :10 mb:. SETTING EQUAL TO FILL VALUE OF    0.00000000    
 tracer            6   0.00000000       0.00000000    
 WARNING: ,:var0_2 NOT AVILABLE AT LEVEL :20 mb:. SETTING EQUAL TO FILL VALUE OF    0.00000000    
 tracer            7   0.00000000       0.00000000    
 WARNING: ,:var0_2 NOT AVILABLE AT LEVEL :30 mb:. SETTING EQUAL TO FILL VALUE OF    0.00000000    
 tracer            8   0.00000000       0.00000000    
 tracer            9   6.29072019E-07   0.00000000    
 WARNING: ,:var0_2 NOT AVILABLE AT LEVEL :70 mb:. SETTING EQUAL TO FILL VALUE OF    0.00000000    
 tracer           10   0.00000000       0.00000000    
 tracer           11   6.61792001E-04   0.00000000    
 tracer           12   9.19759972E-04   0.00000000    
 tracer           13   1.19538000E-03   0.00000000    
 tracer           14   1.08787999E-03   0.00000000    
 tracer           15   9.95779992E-04   0.00000000    
 tracer           16   9.25984001E-04   0.00000000    
 tracer           17   7.57711998E-04   0.00000000    
 tracer           18   7.17360002E-04   0.00000000    
 tracer           19   6.80672005E-04   0.00000000    
 tracer           20   5.86911978E-04   0.00000000    
 tracer           21   4.73407999E-04   0.00000000    
 tracer           22   3.98831995E-04   0.00000000    
 tracer           23   4.10784007E-04   0.00000000    
 tracer           24   3.40936007E-04   0.00000000    
 tracer           25   2.77824001E-04   0.00000000    
 tracer           26   2.64703995E-04   0.00000000    
 tracer           27   2.06255994E-04   0.00000000    
 tracer           28   1.83655997E-04   0.00000000    
 tracer           29   1.39608004E-04   0.00000000    
 tracer           30   1.41031996E-04   0.00000000    
 tracer           31   1.49423999E-04   0.00000000    
 - CALL FieldScatter FOR INPUT ice_wat
           6
           6
           6
 - READ rainwat
           6
 WARNING: ,:var0_2 NOT AVILABLE AT LEVEL :1 mb:. SETTING EQUAL TO FILL VALUE OF    0.00000000    
 tracer            1   0.00000000       0.00000000    
 WARNING: ,:var0_2 NOT AVILABLE AT LEVEL :2 mb:. SETTING EQUAL TO FILL VALUE OF    0.00000000    
 tracer            2   0.00000000       0.00000000    
 WARNING: ,:var0_2 NOT AVILABLE AT LEVEL :3 mb:. SETTING EQUAL TO FILL VALUE OF    0.00000000    
 tracer            3   0.00000000       0.00000000    
 WARNING: ,:var0_2 NOT AVILABLE AT LEVEL :5 mb:. SETTING EQUAL TO FILL VALUE OF    0.00000000    
 tracer            4   0.00000000       0.00000000    
 WARNING: ,:var0_2 NOT AVILABLE AT LEVEL :7 mb:. SETTING EQUAL TO FILL VALUE OF    0.00000000    
 tracer            5   0.00000000       0.00000000    
 WARNING: ,:var0_2 NOT AVILABLE AT LEVEL :10 mb:. SETTING EQUAL TO FILL VALUE OF    0.00000000    
 tracer            6   0.00000000       0.00000000    
 WARNING: ,:var0_2 NOT AVILABLE AT LEVEL :20 mb:. SETTING EQUAL TO FILL VALUE OF    0.00000000    
 tracer            7   0.00000000       0.00000000    
 WARNING: ,:var0_2 NOT AVILABLE AT LEVEL :30 mb:. SETTING EQUAL TO FILL VALUE OF    0.00000000    
 tracer            8   0.00000000       0.00000000    
 tracer            9   1.78000004E-09   0.00000000    
 WARNING: ,:var0_2 NOT AVILABLE AT LEVEL :70 mb:. SETTING EQUAL TO FILL VALUE OF    0.00000000    
 tracer           10   0.00000000       0.00000000    
 tracer           11   9.22999988E-09   1.09999988E-10
 tracer           12   1.40000003E-08   5.99999939E-10
 tracer           13   1.89999998E-08   9.99999861E-10
 tracer           14   1.75475119E-08   9.47511625E-10
 tracer           15   1.16000001E-06   0.00000000    
 tracer           16   4.46000013E-06   0.00000000    
 tracer           17   7.39999996E-06   0.00000000    
 tracer           18   1.21999998E-04   0.00000000    
 tracer           19   1.50000001E-03   0.00000000    
 tracer           20   2.82999990E-03   0.00000000    
 tracer           21   3.12000001E-03   0.00000000    
 tracer           22   2.54000002E-03   0.00000000    
 tracer           23   2.79999990E-03   0.00000000    
 tracer           24   2.94000003E-03   0.00000000    
 tracer           25   3.01999995E-03   0.00000000    
 tracer           26   3.04000010E-03   0.00000000    
 tracer           27   3.01999995E-03   0.00000000    
 tracer           28   3.00000003E-03   0.00000000    
 tracer           29   3.00000003E-03   0.00000000    
 tracer           30   2.97000003E-03   0.00000000    
 tracer           31   1.97000010E-03   0.00000000    
 - CALL FieldScatter FOR INPUT rainwat
           7
           7
           7
 - READ snowwat
           7
 WARNING: ,:var0_2 NOT AVILABLE AT LEVEL :1 mb:. SETTING EQUAL TO FILL VALUE OF    0.00000000    
 tracer            1   0.00000000       0.00000000    
 WARNING: ,:var0_2 NOT AVILABLE AT LEVEL :2 mb:. SETTING EQUAL TO FILL VALUE OF    0.00000000    
 tracer            2   0.00000000       0.00000000    
 WARNING: ,:var0_2 NOT AVILABLE AT LEVEL :3 mb:. SETTING EQUAL TO FILL VALUE OF    0.00000000    
 tracer            3   0.00000000       0.00000000    
 WARNING: ,:var0_2 NOT AVILABLE AT LEVEL :5 mb:. SETTING EQUAL TO FILL VALUE OF    0.00000000    
 tracer            4   0.00000000       0.00000000    
 WARNING: ,:var0_2 NOT AVILABLE AT LEVEL :7 mb:. SETTING EQUAL TO FILL VALUE OF    0.00000000    
 tracer            5   0.00000000       0.00000000    
 WARNING: ,:var0_2 NOT AVILABLE AT LEVEL :10 mb:. SETTING EQUAL TO FILL VALUE OF    0.00000000    
 tracer            6   0.00000000       0.00000000    
 WARNING: ,:var0_2 NOT AVILABLE AT LEVEL :20 mb:. SETTING EQUAL TO FILL VALUE OF    0.00000000    
 tracer            7   0.00000000       0.00000000    
 WARNING: ,:var0_2 NOT AVILABLE AT LEVEL :30 mb:. SETTING EQUAL TO FILL VALUE OF    0.00000000    
 tracer            8   0.00000000       0.00000000    
 tracer            9   6.64000011E-09   1.99999982E-11
 WARNING: ,:var0_2 NOT AVILABLE AT LEVEL :70 mb:. SETTING EQUAL TO FILL VALUE OF    0.00000000    
 tracer           10   0.00000000       0.00000000    
 tracer           11   3.84999992E-04   0.00000000    
 tracer           12   1.07000000E-03   0.00000000    
 tracer           13   1.29000004E-03   0.00000000    
 tracer           14   1.44999998E-03   0.00000000    
 tracer           15   1.50000001E-03   0.00000000    
 tracer           16   1.53999997E-03   0.00000000    
 tracer           17   1.44999998E-03   0.00000000    
 tracer           18   1.32000004E-03   0.00000000    
 tracer           19   1.33000000E-03   0.00000000    
 tracer           20   1.29000004E-03   0.00000000    
 tracer           21   1.21999998E-03   0.00000000    
 tracer           22   1.10999995E-03   0.00000000    
 tracer           23   1.03000004E-03   0.00000000    
 tracer           24   9.11000010E-04   0.00000000    
 tracer           25   9.05999972E-04   0.00000000    
 tracer           26   8.52999976E-04   0.00000000    
 tracer           27   7.70999992E-04   0.00000000    
 tracer           28   7.36000016E-04   0.00000000    
 tracer           29   7.16999988E-04   0.00000000    
 tracer           30   9.50000016E-04   0.00000000    
 tracer           31   1.84000004E-04   0.00000000    
 - CALL FieldScatter FOR INPUT snowwat
           8
           8
           8
 - READ graupel
           8
 WARNING: ,:var0_2 NOT AVILABLE AT LEVEL :1 mb:. SETTING EQUAL TO FILL VALUE OF    0.00000000    
 tracer            1   0.00000000       0.00000000    
 WARNING: ,:var0_2 NOT AVILABLE AT LEVEL :2 mb:. SETTING EQUAL TO FILL VALUE OF    0.00000000    
 tracer            2   0.00000000       0.00000000    
 WARNING: ,:var0_2 NOT AVILABLE AT LEVEL :3 mb:. SETTING EQUAL TO FILL VALUE OF    0.00000000    
 tracer            3   0.00000000       0.00000000    
 WARNING: ,:var0_2 NOT AVILABLE AT LEVEL :5 mb:. SETTING EQUAL TO FILL VALUE OF    0.00000000    
 tracer            4   0.00000000       0.00000000    
 WARNING: ,:var0_2 NOT AVILABLE AT LEVEL :7 mb:. SETTING EQUAL TO FILL VALUE OF    0.00000000    
 tracer            5   0.00000000       0.00000000    
 WARNING: ,:var0_2 NOT AVILABLE AT LEVEL :10 mb:. SETTING EQUAL TO FILL VALUE OF    0.00000000    
 tracer            6   0.00000000       0.00000000    
 WARNING: ,:var0_2 NOT AVILABLE AT LEVEL :20 mb:. SETTING EQUAL TO FILL VALUE OF    0.00000000    
 tracer            7   0.00000000       0.00000000    
 WARNING: ,:var0_2 NOT AVILABLE AT LEVEL :30 mb:. SETTING EQUAL TO FILL VALUE OF    0.00000000    
 tracer            8   0.00000000       0.00000000    
 tracer            9   6.90000013E-09   1.99999982E-11
 WARNING: ,:var0_2 NOT AVILABLE AT LEVEL :70 mb:. SETTING EQUAL TO FILL VALUE OF    0.00000000    
 tracer           10   0.00000000       0.00000000    
 tracer           11   6.39999984E-04   0.00000000    
 tracer           12   2.68999999E-03   0.00000000    
 tracer           13   3.96999996E-03   0.00000000    
 tracer           14   4.92999982E-03   0.00000000    
 tracer           15   6.68000011E-03   0.00000000    
 tracer           16   7.72000011E-03   0.00000000    
 tracer           17   8.17000028E-03   0.00000000    
 tracer           18   7.88000040E-03   0.00000000    
 tracer           19   6.58999989E-03   0.00000000    
 tracer           20   3.65999993E-03   0.00000000    
 tracer           21   3.23999999E-03   0.00000000    
 tracer           22   3.22000007E-03   0.00000000    
 tracer           23   2.55000009E-03   0.00000000    
 tracer           24   1.33000000E-03   0.00000000    
 tracer           25   9.80000012E-04   0.00000000    
 tracer           26   5.63999987E-04   0.00000000    
 tracer           27   4.07000014E-04   0.00000000    
 tracer           28   4.17000003E-04   0.00000000    
 tracer           29   4.34999994E-04   0.00000000    
 tracer           30   2.96999991E-04   0.00000000    
 tracer           31   1.29000000E-05   0.00000000    
 - CALL FieldScatter FOR INPUT graupel
           1
 WARNING: NO ENTRY FOR u IN VARMAP TABLE. WILL SKIP VARIABLE IF NOT FOUND IN EXTERNAL MODEL FILE
           1
 WARNING: NO ENTRY FOR v IN VARMAP TABLE. WILL SKIP VARIABLE IF NOT FOUND IN EXTERNAL MODEL FILE
           1
 WARNING: NO ENTRY FOR u IN VARMAP TABLE. WILL SKIP VARIABLE IF NOT FOUND IN EXTERNAL MODEL FILE
           1
 WARNING: NO ENTRY FOR v IN VARMAP TABLE. WILL SKIP VARIABLE IF NOT FOUND IN EXTERNAL MODEL FILE
           1
 WARNING: NO ENTRY FOR u IN VARMAP TABLE. WILL SKIP VARIABLE IF NOT FOUND IN EXTERNAL MODEL FILE
           1
 WARNING: NO ENTRY FOR v IN VARMAP TABLE. WILL SKIP VARIABLE IF NOT FOUND IN EXTERNAL MODEL FILE
           1
 WARNING: NO ENTRY FOR u IN VARMAP TABLE. WILL SKIP VARIABLE IF NOT FOUND IN EXTERNAL MODEL FILE
           1
 WARNING: NO ENTRY FOR v IN VARMAP TABLE. WILL SKIP VARIABLE IF NOT FOUND IN EXTERNAL MODEL FILE
 max, min U   -51.996788024902344        128.40321350097656     
 max, min V   -64.398544311523438        49.401451110839844     
 max, min U   -49.528774261474609        144.57122802734375     
 max, min V   -68.099929809570312        59.800071716308594     
 max, min U   -48.175354003906250        151.92465209960938     
 max, min V   -70.372756958007812        62.127246856689453     
 max, min U   -50.653213500976562        144.64678955078125     
 max, min V   -64.191955566406250        60.608043670654297     
 max, min U   -46.699768066406250        134.60023498535156     
 max, min V   -51.999950408935547        59.000049591064453     
 max, min U   -42.686767578125000        123.91323089599609     
 max, min V   -50.638160705566406        49.361839294433594     
 max, min U   -30.045869827270508        96.084129333496094     
 max, min V   -38.576858520507812        30.293142318725586     
 max, min U   -25.915771484375000        78.764228820800781     
 max, min V   -30.557916641235352        29.762083053588867     
 max, min U   -20.544462203979492        64.485534667968750     
 max, min V   -26.378595352172852        27.061403274536133     
 max, min U   -28.064970016479492        58.395030975341797     
 max, min V   -23.567258834838867        27.782741546630859     
 max, min U   -42.910167694091797        58.749832153320312     
 max, min V   -34.483901977539062        26.946098327636719     
 max, min U   -46.348731994628906        71.051269531250000     
 max, min V   -42.253475189208984        49.636524200439453     
 max, min U   -32.373386383056641        77.926612854003906     
 max, min V   -63.193077087402344        60.706920623779297     
 max, min U   -39.878479003906250        78.621520996093750     
 max, min V   -74.041473388671875        62.858528137207031     
 max, min U   -45.171150207519531        80.028854370117188     
 max, min V   -67.945976257324219        59.254020690917969     
 max, min U   -45.683406829833984        74.916595458984375     
 max, min V   -61.967338562011719        54.632659912109375     
 max, min U   -49.661010742187500        68.438987731933594     
 max, min V   -54.409248352050781        50.290752410888672     
 max, min U   -53.439624786376953        60.020374298095703     
 max, min V   -46.438289642333984        46.891708374023438     
 max, min U   -52.943458557128906        58.026542663574219     
 max, min V   -44.291816711425781        45.228183746337891     
 max, min U   -52.608211517333984        54.901786804199219     
 max, min V   -44.574600219726562        39.705398559570312     
 max, min U   -52.570201873779297        52.419799804687500     
 max, min V   -49.574268341064453        42.615734100341797     
 max, min U   -47.512069702148438        48.887931823730469     
 max, min V   -51.955230712890625        46.944770812988281     
 max, min U   -42.587242126464844        47.712757110595703     
 max, min V   -51.167877197265625        51.932121276855469     
 max, min U   -41.443290710449219        46.756706237792969     
 max, min V   -50.238361358642578        56.261638641357422     
 max, min U   -43.821147918701172        47.678852081298828     
 max, min V   -51.119598388671875        59.480400085449219     
 max, min U   -44.471176147460938        47.928825378417969     
 max, min V   -49.871715545654297        61.128284454345703     
 max, min U   -45.520778656005859        47.179222106933594     
 max, min V   -49.355815887451172        61.244182586669922     
 max, min U   -45.337932586669922        46.462066650390625     
 max, min V   -48.425266265869141        60.274734497070312     
 max, min U   -43.947296142578125        44.852703094482422     
 max, min V   -46.689754486083984        57.510246276855469     
 max, min U   -36.901702880859375        38.168296813964844     
 max, min V   -41.001445770263672        49.178554534912109     
 max, min U   -36.964527130126953        37.495471954345703     
 max, min V   -38.972381591796875        49.177616119384766     
 - CALL FieldScatter FOR INPUT U-WIND.
 - CALL FieldScatter FOR INPUT V-WIND.
 - READ SURFACE PRESSURE.
 - CALL FieldScatter FOR INPUT GRID SURFACE PRESSURE.
 - READ DZDT.
           1
 DZDT not available at level :1 mb: so checking for VVEL
 WARNING: ,:var0_2 NOT AVILABLE AT LEVEL :1 mb:. SETTING EQUAL TO FILL VALUE OF    0.00000000    
 dzdt            1   0.00000000       0.00000000    
 DZDT not available at level :2 mb: so checking for VVEL
 WARNING: ,:var0_2 NOT AVILABLE AT LEVEL :2 mb:. SETTING EQUAL TO FILL VALUE OF    0.00000000    
 dzdt            2   0.00000000       0.00000000    
 DZDT not available at level :3 mb: so checking for VVEL
 WARNING: ,:var0_2 NOT AVILABLE AT LEVEL :3 mb:. SETTING EQUAL TO FILL VALUE OF    0.00000000    
 dzdt            3   0.00000000       0.00000000    
 DZDT not available at level :5 mb: so checking for VVEL
 WARNING: ,:var0_2 NOT AVILABLE AT LEVEL :5 mb:. SETTING EQUAL TO FILL VALUE OF    0.00000000    
 dzdt            4   0.00000000       0.00000000    
 DZDT not available at level :7 mb: so checking for VVEL
 WARNING: ,:var0_2 NOT AVILABLE AT LEVEL :7 mb:. SETTING EQUAL TO FILL VALUE OF    0.00000000    
 dzdt            5   0.00000000       0.00000000    
 DZDT not available at level :10 mb: so checking for VVEL
 WARNING: ,:var0_2 NOT AVILABLE AT LEVEL :10 mb:. SETTING EQUAL TO FILL VALUE OF    0.00000000    
 dzdt            6   0.00000000       0.00000000    
 DZDT not available at level :20 mb: so checking for VVEL
 WARNING: ,:var0_2 NOT AVILABLE AT LEVEL :20 mb:. SETTING EQUAL TO FILL VALUE OF    0.00000000    
 dzdt            7   0.00000000       0.00000000    
 DZDT not available at level :30 mb: so checking for VVEL
 WARNING: ,:var0_2 NOT AVILABLE AT LEVEL :30 mb:. SETTING EQUAL TO FILL VALUE OF    0.00000000    
 dzdt            8   0.00000000       0.00000000    
 DZDT not available at level :50 mb: so checking for VVEL
 WARNING: ,:var0_2 NOT AVILABLE AT LEVEL :50 mb:. SETTING EQUAL TO FILL VALUE OF    0.00000000    
 dzdt            9   0.00000000       0.00000000    
 DZDT not available at level :70 mb: so checking for VVEL
 WARNING: ,:var0_2 NOT AVILABLE AT LEVEL :70 mb:. SETTING EQUAL TO FILL VALUE OF    0.00000000    
 dzdt           10   0.00000000       0.00000000    
 dzdt           11   1.74753451      -2.65846539    
 dzdt           12   2.50445127      -9.08554840    
 dzdt           13   4.10666418      -12.3013363    
 dzdt           14   3.99643350      -14.9895668    
 dzdt           15   4.68674231      -15.7482576    
 dzdt           16   6.42888355      -15.8101158    
 dzdt           17   7.65715313      -15.4848471    
 dzdt           18   7.70772266      -15.0912771    
 dzdt           19   7.76389647      -19.2601032    
 dzdt           20   8.27247429      -21.2055244    
 dzdt           21   9.13397312      -21.5490265    
 dzdt           22   12.8882303      -20.8257694    
 dzdt           23   15.9317694      -19.3472309    
 dzdt           24   17.2928638      -16.9031372    
 dzdt           25   16.6574554      -17.3575459    
 dzdt           26   13.9061146      -16.3708858    
 dzdt           27   10.4851656      -12.4478340    
 dzdt           28   8.14827824      -9.46472168    
 dzdt           29   7.52492571      -6.24007416    
 dzdt           30   7.52459669      -4.03440332    
 dzdt           31   7.52459669      -4.03440332    
 - CALL FieldScatter FOR INPUT DZDT.
 - READ TERRAIN.
 - CALL FieldScatter FOR INPUT GRID TERRAIN.
 - CALL FieldGet FOR SURFACE PRESSURE.
 - CALL FieldGet FOR 3-D PRESSURE.
 - CALL FieldGet TEMPERATURE.
 - CALL FieldGet FOR U
 - CALL FieldGet FOR V
 - CALL FieldGet FOR W
 - CALL FieldGet FOR TRACERS.
 - CALL FieldGet FOR 3-D WIND.
 - CALL FieldGet FOR U.
 - CALL FieldGet FOR V.
 - CALL FieldGet FOR LATITUDE.
 - CALL FieldGet FOR LONGITUDE.
 - CALL FieldGet FOR 3-D WIND.
 - CALL FieldGet FOR U.
 - CALL FieldGet FOR V.
 - CALL FieldGet FOR LATITUDE.
 - CALL FieldGet FOR LONGITUDE.
 - CALL FieldGet FOR 3-D WIND.
 - CALL FieldGet FOR U.
 - CALL FieldGet FOR V.
 - CALL FieldGet FOR LATITUDE.
 - CALL FieldGet FOR LONGITUDE.
 psfc is            1           1   67353.218750000000     
 pres is         1440         181   100000.00000000000        97500.000000000000        95000.000000000000        92500.000000000000        90000.000000000000        85000.000000000000        80000.000000000000        75000.000000000000        70000.000000000000        65000.000000000000        60000.000000000000        55000.000000000000        50000.000000000000        45000.000000000000        40000.000000000000        35000.000000000000        30000.000000000000        25000.000000000000        20000.000000000000        15000.000000000000        10000.000000000000        7000.0000000000000        5000.0000000000000        3000.0000000000000        2000.0000000000000        1000.0000000000000        700.00000000000000        500.00000000000000        300.00000000000000        200.00000000000000        100.00000000000000     
 pres check 1           0   100000.00000000000        100000.00000000000     
 pres check lev           0   100.00000000000000        100.00000000000000     
 - CALL FieldGet FOR 3-D WIND.
 - CALL FieldGet FOR U.
 - CALL FieldGet FOR V.
 - CALL FieldGet FOR LATITUDE.
 - CALL FieldGet FOR LONGITUDE.

 OPEN VERTICAL COORD FILE: /tmp/docker/experiment/test9_CONUS_25km_GFSv15p2/fix_am/global_hyblev.l65.txt
 - CALL FieldCreate FOR TARGET GRID TRACER BEFORE ADJUSTMENT sphum
 - CALL FieldCreate FOR TARGET GRID TRACER BEFORE ADJUSTMENT liq_wat
 - CALL FieldCreate FOR TARGET GRID TRACER BEFORE ADJUSTMENT o3mr
 - CALL FieldCreate FOR TARGET GRID TRACER BEFORE ADJUSTMENT ice_wat
 - CALL FieldCreate FOR TARGET GRID TRACER BEFORE ADJUSTMENT rainwat
 - CALL FieldCreate FOR TARGET GRID TRACER BEFORE ADJUSTMENT snowwat
 - CALL FieldCreate FOR TARGET GRID TRACER BEFORE ADJUSTMENT graupel
 - CALL FieldCreate FOR TARGET GRID TEMPERATURE BEFORE ADJUSTMENT.
 - CALL FieldCreate FOR TARGET GRID PRESSURE BEFORE ADJUSTMENT.
 - CALL FieldCreate FOR TARGET GRID VERTICAL VELOCITY BEFORE ADJUSTMENT.
 - CALL FieldCreate FOR TARGET GRID UNSTAGGERED WINDS BEFORE ADJUSTMENT.
 - CALL FieldCreate FOR TARGET TERRAIN.
 - CALL FieldCreate FOR TARGET SURFACE PRESSURE BEFORE ADJUSTMENT.
 - CALL FieldRegridStore FOR ATMOSPHERIC FIELDS.

 OPEN VERTICAL COORD FILE: /tmp/docker/experiment/test9_CONUS_25km_GFSv15p2/fix_am/global_hyblev.l65.txt
 - CALL FieldCreate FOR TARGET GRID TRACER BEFORE ADJUSTMENT sphum
 - CALL FieldCreate FOR TARGET GRID TRACER BEFORE ADJUSTMENT liq_wat
 - CALL FieldCreate FOR TARGET GRID TRACER BEFORE ADJUSTMENT o3mr
 - CALL FieldCreate FOR TARGET GRID TRACER BEFORE ADJUSTMENT ice_wat
 - CALL FieldCreate FOR TARGET GRID TRACER BEFORE ADJUSTMENT rainwat
 - CALL FieldCreate FOR TARGET GRID TRACER BEFORE ADJUSTMENT snowwat
 - CALL FieldCreate FOR TARGET GRID TRACER BEFORE ADJUSTMENT graupel
 - CALL FieldCreate FOR TARGET GRID TEMPERATURE BEFORE ADJUSTMENT.
 - CALL FieldCreate FOR TARGET GRID PRESSURE BEFORE ADJUSTMENT.
 - CALL FieldCreate FOR TARGET GRID VERTICAL VELOCITY BEFORE ADJUSTMENT.
 - CALL FieldCreate FOR TARGET GRID UNSTAGGERED WINDS BEFORE ADJUSTMENT.
 - CALL FieldCreate FOR TARGET TERRAIN.
 - CALL FieldCreate FOR TARGET SURFACE PRESSURE BEFORE ADJUSTMENT.
 - CALL FieldRegridStore FOR ATMOSPHERIC FIELDS.

 OPEN VERTICAL COORD FILE: /tmp/docker/experiment/test9_CONUS_25km_GFSv15p2/fix_am/global_hyblev.l65.txt
 - CALL FieldCreate FOR TARGET GRID TRACER BEFORE ADJUSTMENT sphum
 - CALL FieldCreate FOR TARGET GRID TRACER BEFORE ADJUSTMENT liq_wat
 - CALL FieldCreate FOR TARGET GRID TRACER BEFORE ADJUSTMENT o3mr
 - CALL FieldCreate FOR TARGET GRID TRACER BEFORE ADJUSTMENT ice_wat
 - CALL FieldCreate FOR TARGET GRID TRACER BEFORE ADJUSTMENT rainwat
 - CALL FieldCreate FOR TARGET GRID TRACER BEFORE ADJUSTMENT snowwat
 - CALL FieldCreate FOR TARGET GRID TRACER BEFORE ADJUSTMENT graupel
 - CALL FieldCreate FOR TARGET GRID TEMPERATURE BEFORE ADJUSTMENT.
 - CALL FieldCreate FOR TARGET GRID PRESSURE BEFORE ADJUSTMENT.
 - CALL FieldCreate FOR TARGET GRID VERTICAL VELOCITY BEFORE ADJUSTMENT.
 - CALL FieldCreate FOR TARGET GRID UNSTAGGERED WINDS BEFORE ADJUSTMENT.
 - CALL FieldCreate FOR TARGET TERRAIN.
 - CALL FieldCreate FOR TARGET SURFACE PRESSURE BEFORE ADJUSTMENT.
 - CALL FieldRegridStore FOR ATMOSPHERIC FIELDS.

 OPEN VERTICAL COORD FILE: /tmp/docker/experiment/test9_CONUS_25km_GFSv15p2/fix_am/global_hyblev.l65.txt
 - CALL FieldCreate FOR TARGET GRID TRACER BEFORE ADJUSTMENT sphum
 - CALL FieldCreate FOR TARGET GRID TRACER BEFORE ADJUSTMENT liq_wat
 - CALL FieldCreate FOR TARGET GRID TRACER BEFORE ADJUSTMENT o3mr
 - CALL FieldCreate FOR TARGET GRID TRACER BEFORE ADJUSTMENT ice_wat
 - CALL FieldCreate FOR TARGET GRID TRACER BEFORE ADJUSTMENT rainwat
 - CALL FieldCreate FOR TARGET GRID TRACER BEFORE ADJUSTMENT snowwat
 - CALL FieldCreate FOR TARGET GRID TRACER BEFORE ADJUSTMENT graupel
 - CALL FieldCreate FOR TARGET GRID TEMPERATURE BEFORE ADJUSTMENT.
 - CALL FieldCreate FOR TARGET GRID PRESSURE BEFORE ADJUSTMENT.
 - CALL FieldCreate FOR TARGET GRID VERTICAL VELOCITY BEFORE ADJUSTMENT.
 - CALL FieldCreate FOR TARGET GRID UNSTAGGERED WINDS BEFORE ADJUSTMENT.
 - CALL FieldCreate FOR TARGET TERRAIN.
 - CALL FieldCreate FOR TARGET SURFACE PRESSURE BEFORE ADJUSTMENT.
 - CALL FieldRegridStore FOR ATMOSPHERIC FIELDS.
 - CALL Field_Regrid FOR TEMPERATURE.
 - CALL Field_Regrid FOR TEMPERATURE.
 - CALL Field_Regrid FOR TEMPERATURE.
 - CALL Field_Regrid FOR TEMPERATURE.
 - CALL Field_Regrid FOR PRESSURE.
 - CALL Field_Regrid FOR PRESSURE.
 - CALL Field_Regrid FOR PRESSURE.
 - CALL Field_Regrid FOR PRESSURE.
 - CALL Field_Regrid FOR TRACER sphum
 - CALL Field_Regrid FOR TRACER sphum
 - CALL Field_Regrid FOR TRACER sphum
 - CALL Field_Regrid FOR TRACER sphum
 - CALL Field_Regrid FOR TRACER liq_wat
 - CALL Field_Regrid FOR TRACER liq_wat
 - CALL Field_Regrid FOR TRACER liq_wat
 - CALL Field_Regrid FOR TRACER liq_wat
 - CALL Field_Regrid FOR TRACER o3mr
 - CALL Field_Regrid FOR TRACER o3mr
 - CALL Field_Regrid FOR TRACER o3mr
 - CALL Field_Regrid FOR TRACER o3mr
 - CALL Field_Regrid FOR TRACER ice_wat
 - CALL Field_Regrid FOR TRACER ice_wat
 - CALL Field_Regrid FOR TRACER ice_wat
 - CALL Field_Regrid FOR TRACER ice_wat
 - CALL Field_Regrid FOR TRACER rainwat
 - CALL Field_Regrid FOR TRACER rainwat
 - CALL Field_Regrid FOR TRACER rainwat
 - CALL Field_Regrid FOR TRACER rainwat
 - CALL Field_Regrid FOR TRACER snowwat
 - CALL Field_Regrid FOR TRACER snowwat
 - CALL Field_Regrid FOR TRACER snowwat
 - CALL Field_Regrid FOR TRACER snowwat
 - CALL Field_Regrid FOR TRACER graupel
 - CALL Field_Regrid FOR TRACER graupel
 - CALL Field_Regrid FOR TRACER graupel
 - CALL Field_Regrid FOR TRACER graupel
 - CALL Field_Regrid FOR VERTICAL VELOCITY.
 - CALL Field_Regrid FOR VERTICAL VELOCITY.
 - CALL Field_Regrid FOR VERTICAL VELOCITY.
 - CALL Field_Regrid FOR VERTICAL VELOCITY.
 - CALL FieldGet FOR INPUT GRID VERTICAL VEL.
 - CALL FieldGet FOR INPUT GRID VERTICAL VEL.
 - CALL FieldGet FOR INPUT GRID VERTICAL VEL.
 - CALL FieldGet FOR INPUT GRID VERTICAL VEL.
 MIN MAX W INPUT =   -10.026769638061523        10.758863449096680     
 - CALL FieldGet FOR VERTICAL VEL B4ADJ.
 MIN MAX W B4ADJ =   -4.3878726392653711        7.5527325864943178     
 - CALL FieldGet FOR INPUT SURFACE PRESSURE.
 MIN MAX W INPUT =   -12.990027427673340        8.0121145248413086     
 MIN MAX W INPUT =   -21.549026489257812        17.292863845825195     
 - CALL FieldGet FOR VERTICAL VEL B4ADJ.
 - CALL FieldGet FOR VERTICAL VEL B4ADJ.
 MIN MAX W INPUT =   -17.357545852661133        7.7638964653015137     
 - CALL FieldGet FOR VERTICAL VEL B4ADJ.
 MIN MAX W B4ADJ =   -4.0011929075041301        5.4196337366426564     
 MIN MAX W B4ADJ =   -6.8028482866806357        4.5103397318779255     
 - CALL FieldGet FOR INPUT SURFACE PRESSURE.
 - CALL FieldGet FOR INPUT SURFACE PRESSURE.
 MIN MAX W B4ADJ =   -5.2353299735052889        10.363401778046184     
 - CALL FieldGet FOR INPUT SURFACE PRESSURE.
 - CALL Field_Regrid FOR SURFACE PRESSURE.
 - CALL Field_Regrid FOR SURFACE PRESSURE.
 - CALL Field_Regrid FOR SURFACE PRESSURE.
 - CALL FieldGet FOR INPUT SURFACE PRESSURE B4ADJ.
 - CALL FieldGet FOR INPUT SURFACE PRESSURE B4ADJ.
 - CALL Field_Regrid FOR TERRAIN.
 - CALL Field_Regrid FOR TERRAIN.
 - CALL Field_Regrid FOR SURFACE PRESSURE.
 - CALL FieldGet FOR INPUT SURFACE PRESSURE B4ADJ.
 - CALL FieldGet FOR INPUT SURFACE PRESSURE B4ADJ.
 - CALL Field_Regrid FOR TERRAIN.
 - CALL Field_Regrid FOR TERRAIN.
 - CALL Field_Regrid FOR 3-D WIND.
 - CALL Field_Regrid FOR 3-D WIND.
 - CALL Field_Regrid FOR 3-D WIND.
 - CALL Field_Regrid FOR 3-D WIND.
 - CALL FieldRegridRelease.
 - DESTROY ATMOSPHERIC INPUT DATA.
 - CALL FieldRegridRelease.
 - DESTROY ATMOSPHERIC INPUT DATA.
 - CALL FieldRegridRelease.
 - DESTROY ATMOSPHERIC INPUT DATA.
 - CALL FieldRegridRelease.
 - DESTROY ATMOSPHERIC INPUT DATA.
 - CALL FieldCreate FOR TARGET GRID TRACERS sphum
 - CALL FieldCreate FOR TARGET GRID TRACERS liq_wat
 - CALL FieldCreate FOR TARGET GRID TRACERS o3mr
 - CALL FieldCreate FOR TARGET GRID TRACERS ice_wat
 - CALL FieldCreate FOR TARGET GRID TRACERS rainwat
 - CALL FieldCreate FOR TARGET GRID TRACERS snowwat
 - CALL FieldCreate FOR TARGET GRID TRACERS graupel
 - CALL FieldCreate FOR TARGET GRID TEMPERATURE.
 - CALL FieldCreate FOR TARGET GRID PRESSURE.
 - CALL FieldCreate FOR TARGET GRID VERTICAL VELOCITY.
 - CALL FieldCreate FOR TARGET GRID DELP.
 - CALL FieldCreate FOR TARGET HEIGHT.
 - CALL FieldCreate FOR TARGET UNSTAGGERED 3D-WIND.
 - CALL FieldCreate FOR TARGET GRID TRACERS sphum
 - CALL FieldCreate FOR TARGET U_S.
 - CALL FieldCreate FOR TARGET GRID TRACERS liq_wat
 - CALL FieldCreate FOR TARGET V_S.
 - CALL FieldCreate FOR TARGET GRID TRACERS o3mr
 - CALL FieldCreate FOR TARGET 3D-WIND_S.
 - CALL FieldCreate FOR TARGET GRID TRACERS ice_wat
 - CALL FieldCreate FOR TARGET GRID TRACERS rainwat
 - CALL FieldCreate FOR TARGET U_W.
 - CALL FieldCreate FOR TARGET GRID TRACERS snowwat
 - CALL FieldCreate FOR TARGET V_W.
 - CALL FieldCreate FOR TARGET GRID TRACERS graupel
 - CALL FieldCreate FOR TARGET 3D-WIND_W.
 - CALL FieldCreate FOR TARGET GRID TEMPERATURE.
 - CALL FieldCreate FOR TARGET GRID PRESSURE.
 - CALL FieldCreate FOR TARGET SURFACE PRESSURE.
 - CALL FieldCreate FOR TARGET GRID VERTICAL VELOCITY.
 - CALL FieldCreate FOR TARGET GRID DELP.
 - ADJUST SURFACE PRESSURE FOR NEW TERRAIN.
 - CALL FieldGet FOR 3-D PRES.
 - CALL FieldCreate FOR TARGET GRID TRACERS sphum
 - CALL FieldGet FOR TEMPERATURE
 - CALL FieldCreate FOR TARGET HEIGHT.
 - CALL FieldCreate FOR TARGET GRID TRACERS liq_wat
 - CALL FieldGet FOR SPECIFIC HUMIDITY
 - CALL FieldCreate FOR TARGET UNSTAGGERED 3D-WIND.
 - CALL FieldGet FOR SURFACE PRESSURE BEFORE ADJUSTMENT
 - CALL FieldCreate FOR TARGET GRID TRACERS o3mr
 - CALL FieldCreate FOR TARGET U_S.
 - CALL FieldGet FOR SURFACE PRESSURE AFTER ADJUSTMENT
 - CALL FieldGet FOR OLD TERRAIN
 - CALL FieldGet FOR NEW TERRAIN
 - CALL FieldCreate FOR TARGET GRID TRACERS ice_wat
 - CALL FieldCreate FOR TARGET GRID TRACERS sphum
 - CALL FieldCreate FOR TARGET V_S.
 - CALL FieldCreate FOR TARGET GRID TRACERS rainwat
 - CALL FieldCreate FOR TARGET GRID TRACERS snowwat
 - CALL FieldCreate FOR TARGET GRID TRACERS liq_wat
 - CALL FieldCreate FOR TARGET 3D-WIND_S.
 - CALL FieldCreate FOR TARGET GRID TRACERS o3mr
 - CALL FieldCreate FOR TARGET U_W.
 - CALL FieldCreate FOR TARGET GRID TRACERS graupel
 - CALL FieldCreate FOR TARGET V_W.
 - CALL FieldCreate FOR TARGET GRID TEMPERATURE.
 - CALL FieldCreate FOR TARGET GRID TRACERS ice_wat
 - CALL FieldCreate FOR TARGET GRID PRESSURE.
 - CALL FieldCreate FOR TARGET 3D-WIND_W.
 - CALL FieldCreate FOR TARGET GRID TRACERS rainwat
 - CALL FieldCreate FOR TARGET SURFACE PRESSURE.
 - CALL FieldCreate FOR TARGET GRID VERTICAL VELOCITY.
 - CALL FieldCreate FOR TARGET GRID TRACERS snowwat
 - CALL FieldCreate FOR TARGET GRID DELP.
 - ADJUST SURFACE PRESSURE FOR NEW TERRAIN.
 - CALL FieldGet FOR 3-D PRES.
 - CALL FieldCreate FOR TARGET HEIGHT.
 - CALL FieldCreate FOR TARGET GRID TRACERS graupel
 - CALL FieldCreate FOR TARGET UNSTAGGERED 3D-WIND.
 - CALL FieldCreate FOR TARGET GRID TEMPERATURE.
 old pres    99999.999999999985        97499.999999999985        94999.999999999985        92500.000000000000        90000.000000000000        85000.000000000000        80000.000000000000        74999.999999999985        69999.999999999985        64999.999999999993        60000.000000000000        54999.999999999993        49999.999999999993        45000.000000000000        40000.000000000000        34999.999999999993        30000.000000000000        24999.999999999996        20000.000000000000        15000.000000000000        10000.000000000000        6999.9999999999991        5000.0000000000000        2999.9999999999995        1999.9999999999998        999.99999999999989        699.99999999999989        499.99999999999994        299.99999999999994        199.99999999999997        99.999999999999986     
 - CALL FieldCreate FOR TARGET U_S.
 - CALL FieldGet FOR TEMPERATURE
 - CALL FieldGet FOR SPECIFIC HUMIDITY
 - CALL FieldCreate FOR TARGET V_S.
 - CALL FieldCreate FOR TARGET GRID PRESSURE.
 - CALL FieldGet FOR SURFACE PRESSURE BEFORE ADJUSTMENT
 - CALL FieldGet FOR SURFACE PRESSURE AFTER ADJUSTMENT
 - CALL FieldCreate FOR TARGET GRID VERTICAL VELOCITY.
 - CALL FieldCreate FOR TARGET 3D-WIND_S.
 - CALL FieldGet FOR OLD TERRAIN
 - CALL FieldGet FOR NEW TERRAIN
 - CALL FieldCreate FOR TARGET GRID DELP.
 - CALL FieldCreate FOR TARGET U_W.
 - CALL FieldCreate FOR TARGET V_W.
 - CALL FieldCreate FOR TARGET HEIGHT.
 - CALL FieldCreate FOR TARGET 3D-WIND_W.
 - CALL FieldCreate FOR TARGET UNSTAGGERED 3D-WIND.
 - CALL FieldCreate FOR TARGET U_S.
 - CALL FieldCreate FOR TARGET SURFACE PRESSURE.
 - ADJUST SURFACE PRESSURE FOR NEW TERRAIN.
 - CALL FieldCreate FOR TARGET V_S.
 - CALL FieldGet FOR 3-D PRES.
 - CALL FieldCreate FOR TARGET 3D-WIND_S.
 - CALL FieldGet FOR TEMPERATURE
 - CALL FieldGet FOR SPECIFIC HUMIDITY
 - CALL FieldCreate FOR TARGET U_W.
 - CALL FieldGet FOR SURFACE PRESSURE BEFORE ADJUSTMENT
 - CALL FieldGet FOR SURFACE PRESSURE AFTER ADJUSTMENT
 - CALL FieldCreate FOR TARGET V_W.
 - CALL FieldGet FOR OLD TERRAIN
 - CALL FieldGet FOR NEW TERRAIN
 - CALL FieldCreate FOR TARGET 3D-WIND_W.
 - CALL FieldCreate FOR TARGET SURFACE PRESSURE.
 - ADJUST SURFACE PRESSURE FOR NEW TERRAIN.
 - CALL FieldGet FOR 3-D PRES.
 - CALL FieldGet FOR TEMPERATURE
 - CALL FieldGet FOR SPECIFIC HUMIDITY
 - CALL FieldGet FOR SURFACE PRESSURE BEFORE ADJUSTMENT
 - CALL FieldGet FOR SURFACE PRESSURE AFTER ADJUSTMENT
 - CALL FieldGet FOR OLD TERRAIN
 - CALL FieldGet FOR NEW TERRAIN
 sfcp adjust   -5.9726562350988388E-002   101680.17736736698        101680.88132301184     
 COMPUTE 3-D PRESSURE FROM ADJUSTED SURFACE PRESSURE.
 - CALL FieldGet FOR 3-D PRES.
 - CALL FieldGet FOR DELP.
 - CALL FieldGet FOR SURFACE PRESSURE AFTER ADJUSTMENT
 COMPUTE 3-D PRESSURE FROM ADJUSTED SURFACE PRESSURE.
 - CALL FieldGet FOR 3-D PRES.
 - CALL FieldGet FOR DELP.
 - CALL FieldGet FOR SURFACE PRESSURE AFTER ADJUSTMENT
 COMPUTE 3-D PRESSURE FROM ADJUSTED SURFACE PRESSURE.
 - CALL FieldGet FOR 3-D PRES.
 - CALL FieldGet FOR DELP.
 COMPUTE 3-D PRESSURE FROM ADJUSTED SURFACE PRESSURE.
 - CALL FieldGet FOR SURFACE PRESSURE AFTER ADJUSTMENT
 - CALL FieldGet FOR 3-D PRES.
 - CALL FieldGet FOR DELP.
 - CALL FieldGet FOR SURFACE PRESSURE AFTER ADJUSTMENT
 new pres    101409.96227441041        100832.02110659084        100177.58063332229        99437.697069599119        98602.730751133131        97662.415055942169        96605.968544702031        95422.244335551135        94099.935256116121        92627.845970573020        90995.234241427825        89192.227368038177        87210.309259854490        85042.865299799625        82685.769392669928        80137.979841308028        77402.108390739508        74484.912935884466        71397.654762389197        68156.271257358225        64781.321194855445        61297.661596049649        57733.852411872562        54121.311141710845        50493.253174006371        46883.501601145719        43325.249105600626        39849.866308435056        36485.851269589235        33257.981156998125        30186.727639359542        27287.939914367926        24572.776080782402        22047.753925685829        19715.056742270426        17573.153897927197        15617.439450184898        13840.830262470685        12234.353577724356        10787.690831351576        9489.6611656341120        8328.6383514428053        7292.8915710912552        6370.9619999999995        5552.0980000000000        4826.3194999999996        4184.2725000000000        3617.2560000000003        3117.2489999999998        2676.9130000000000        2289.5770000000002        1949.2085000000000        1650.3809999999999        1388.2314999999999        1158.4159999999999        957.06899999999996        780.75749999999994        626.44049999999993        491.42899999999997        373.35000000000002        270.11200000000002        179.87400000000000        101.01849999999999        42.123500000000000        10.000000000000000     
 delp        541.83809720286808        614.04423843626864        694.83670810083277        784.93041934550274        885.00221758647240        995.62917279546673        1117.2638496847940        1250.1845686169981        1394.4335902530438        1549.7449808331439        1715.4784774572618        1890.5352693220339        2073.3009470453399        2261.5869730643608        2452.6048411950323        2642.9742615287832        2828.7686396082718        3005.6222701017978        3168.8940768887405        3313.8729331731884        3436.0271918323851        3531.2920057792071        3596.3263625749605        3628.7561777484734        3627.3597576604807        3592.1433880608165        3524.3616030293779        3426.4039913017623        3301.6260863898788        3154.1141387923453        2988.3928964848164        2809.1825534984200        2621.1451136726209        2428.8991965205241        2236.4951703102852        2047.3105183761727        1864.1183771084270        1689.0999983199981        1523.8533711726614        1369.4721215728969        1226.5872098620293        1095.4584185205867        976.03514218251166        867.82399999999961        769.90400000000045        681.65299999999934        602.44100000000026        531.59200000000010        468.42200000000003        412.25000000000000        362.42200000000003        318.31500000000005        279.33999999999992        244.95900000000006        214.67200000000003        188.02199999999993        164.60100000000000        144.03300000000002        125.98999999999995        110.16800000000001        96.308000000000021        84.168000000000006        73.542999999999992        44.247000000000000        20.000000000000000     
 - VERTICALY INTERPOLATE FIELDS.
 - CALL FieldGet FOR 3-D PRES.
 - VERTICALY INTERPOLATE FIELDS.
 - CALL FieldGet FOR 3-D PRES.
 - VERTICALY INTERPOLATE FIELDS.
 - CALL FieldGet FOR 3-D PRES.
 - VERTICALY INTERPOLATE FIELDS.
 - CALL FieldGet FOR 3-D PRES.
 - CALL FieldGet FOR 3-D ADJUSTED PRESS
 - CALL FieldGet FOR 3-D ADJUSTED PRESS
 - CALL FieldGet FOR 3-D ADJUSTED PRESS
 - CALL FieldGet FOR 3-D ADJUSTED PRESS
 - CALL FieldGet FOR 3-D WIND.
 - CALL FieldGet FOR 3-D WIND.
 - CALL FieldGet FOR 3-D WIND.
 - CALL FieldGet FOR VERTICAL VELOCITY.
 - CALL FieldGet FOR VERTICAL VELOCITY.
 - CALL FieldGet FOR VERTICAL VELOCITY.
 - CALL FieldGet FOR 3-D WIND.
 MIN MAX W TARGETB4 IN VINTG =   -4.3878726392653711        7.5527325864943178     
 - CALL FieldGet FOR 3-D TEMP.
 - CALL FieldGet FOR 3-D TRACERS sphum
 MIN MAX W TARGETB4 IN VINTG =   -5.2353299735052889        10.363401778046184     
 - CALL FieldGet FOR 3-D TEMP.
 MIN MAX W TARGETB4 IN VINTG =   -6.8028482866806357        4.5103397318779255     
 - CALL FieldGet FOR 3-D TEMP.
 - CALL FieldGet FOR 3-D TRACERS liq_wat
 - CALL FieldGet FOR 3-D TRACERS sphum
 - CALL FieldGet FOR VERTICAL VELOCITY.
 - CALL FieldGet FOR 3-D TRACERS sphum
 - CALL FieldGet FOR 3-D TRACERS o3mr
 - CALL FieldGet FOR 3-D TRACERS liq_wat
 - CALL FieldGet FOR 3-D TRACERS liq_wat
 - CALL FieldGet FOR 3-D TRACERS ice_wat
 - CALL FieldGet FOR 3-D TRACERS o3mr
 - CALL FieldGet FOR 3-D TRACERS o3mr
 - CALL FieldGet FOR 3-D TRACERS rainwat
 MIN MAX W TARGETB4 IN VINTG =   -4.0011929075041301        5.4196337366426564     
 - CALL FieldGet FOR 3-D TEMP.
 - CALL FieldGet FOR 3-D TRACERS ice_wat
 - CALL FieldGet FOR 3-D TRACERS snowwat
 - CALL FieldGet FOR 3-D TRACERS sphum
 - CALL FieldGet FOR 3-D TRACERS ice_wat
 - CALL FieldGet FOR 3-D TRACERS graupel
 - CALL FieldGet FOR 3-D TRACERS rainwat
 - CALL FieldGet FOR 3-D TRACERS liq_wat
 - CALL FieldGet FOR 3-D TRACERS rainwat
 - CALL FieldGet FOR 3-D TRACERS snowwat
 - CALL FieldGet FOR 3-D TRACERS o3mr
 - CALL FieldGet FOR 3-D TRACERS snowwat
 - CALL FieldGet FOR 3-D TRACERS graupel
 - CALL FieldGet FOR 3-D TRACERS ice_wat
 - CALL FieldGet FOR 3-D TRACERS graupel
 - CALL FieldGet FOR 3-D TRACERS rainwat
 - CALL FieldGet FOR 3-D TRACERS snowwat
 - CALL FieldGet FOR 3-D TRACERS graupel
 - CALL FieldGet FOR 3-D ADJUSTED TEMP.
 - CALL FieldGet FOR ADJUSTED VERTICAL VELOCITY.
 - CALL FieldGet FOR 3-D ADJUSTED WIND.
 - CALL FieldGet FOR 3-D TRACER sphum
 - CALL FieldGet FOR 3-D TRACER liq_wat
 - CALL FieldGet FOR 3-D ADJUSTED TEMP.
 - CALL FieldGet FOR ADJUSTED VERTICAL VELOCITY.
 - CALL FieldGet FOR 3-D ADJUSTED WIND.
 - CALL FieldGet FOR 3-D ADJUSTED TEMP.
 - CALL FieldGet FOR ADJUSTED VERTICAL VELOCITY.
 - CALL FieldGet FOR 3-D ADJUSTED WIND.
 - CALL FieldGet FOR 3-D TRACER o3mr
 - CALL FieldGet FOR 3-D ADJUSTED TEMP.
 - CALL FieldGet FOR ADJUSTED VERTICAL VELOCITY.
 - CALL FieldGet FOR 3-D ADJUSTED WIND.
 - CALL FieldGet FOR 3-D TRACER ice_wat
 - CALL FieldGet FOR 3-D TRACER rainwat
 - CALL FieldGet FOR 3-D TRACER snowwat
 - CALL FieldGet FOR 3-D TRACER sphum
 - CALL FieldGet FOR 3-D TRACER graupel
 - CALL FieldGet FOR 3-D TRACER sphum
 - CALL FieldGet FOR 3-D TRACER liq_wat
 - COMPUTE HEIGHT
 - CALL FieldGet FOR SURFACE PRESSURE
 - CALL FieldGet FOR TERRAIN HEIGHT
 - CALL FieldGet FOR HEIGHT
 - CALL FieldGet FOR TEMPERATURE
 - CALL FieldGet FOR SPECIFIC HUMIDITY
 - CALL FieldGet FOR 3-D TRACER sphum
 - CALL FieldGet FOR 3-D TRACER o3mr
 - CALL FieldGet FOR 3-D TRACER liq_wat
 - CALL FieldGet FOR 3-D TRACER ice_wat
 - CALL FieldGet FOR 3-D TRACER liq_wat
 - CALL FieldGet FOR 3-D TRACER o3mr
 - CALL FieldGet FOR 3-D TRACER rainwat
 - CALL FieldGet FOR 3-D TRACER o3mr
 - CALL FieldGet FOR 3-D TRACER ice_wat
 - CALL FieldGet FOR 3-D TRACER snowwat
 - CALL FieldGet FOR 3-D TRACER ice_wat
 - CALL FieldGet FOR 3-D TRACER graupel
 - CALL FieldGet FOR 3-D TRACER rainwat
 - CALL FieldGet FOR 3-D TRACER rainwat
 - CALL FieldGet FOR 3-D TRACER snowwat
 - DESTROY TARGET GRID ATMOSPHERIC BEFORE ADJUSTMENT FIELDS.
 - CALL FieldRegridStore FOR 3D-WIND WEST EDGE.
 - COMPUTE HEIGHT
 - CALL FieldGet FOR SURFACE PRESSURE
 - CALL FieldGet FOR 3-D TRACER snowwat
 - CALL FieldGet FOR TERRAIN HEIGHT
 - CALL FieldGet FOR HEIGHT
 - CALL FieldGet FOR TEMPERATURE
 - CALL FieldGet FOR SPECIFIC HUMIDITY
 - CALL FieldGet FOR 3-D TRACER graupel
 - CALL FieldGet FOR 3-D TRACER graupel
 - COMPUTE HEIGHT
 - CALL FieldGet FOR SURFACE PRESSURE
 - CALL FieldGet FOR TERRAIN HEIGHT
 - CALL FieldGet FOR HEIGHT
 - CALL FieldGet FOR TEMPERATURE
 - CALL FieldGet FOR SPECIFIC HUMIDITY
 - COMPUTE HEIGHT
 - CALL FieldGet FOR SURFACE PRESSURE
 - CALL FieldGet FOR TERRAIN HEIGHT
 - CALL FieldGet FOR HEIGHT
 - CALL FieldGet FOR TEMPERATURE
 - CALL FieldGet FOR SPECIFIC HUMIDITY
 - DESTROY TARGET GRID ATMOSPHERIC BEFORE ADJUSTMENT FIELDS.
 - CALL FieldRegridStore FOR 3D-WIND WEST EDGE.
 - DESTROY TARGET GRID ATMOSPHERIC BEFORE ADJUSTMENT FIELDS.
 - CALL FieldRegridStore FOR 3D-WIND WEST EDGE.
 - DESTROY TARGET GRID ATMOSPHERIC BEFORE ADJUSTMENT FIELDS.
 - CALL FieldRegridStore FOR 3D-WIND WEST EDGE.
 - CALL Field_Regrid FOR 3-D WIND WEST EDGE.
 - CALL Field_Regrid FOR 3-D WIND WEST EDGE.
 - CALL Field_Regrid FOR 3-D WIND WEST EDGE.
 - CALL Field_Regrid FOR 3-D WIND WEST EDGE.
 - CALL FieldRegridRelease.
 - CALL FieldRegridStore FOR 3D-WIND SOUTH EDGE.
 - CALL FieldRegridRelease.
 - CALL FieldRegridRelease.
 - CALL FieldRegridRelease.
 - CALL FieldRegridStore FOR 3D-WIND SOUTH EDGE.
 - CALL FieldRegridStore FOR 3D-WIND SOUTH EDGE.
 - CALL FieldRegridStore FOR 3D-WIND SOUTH EDGE.
 - CALL Field_Regrid FOR 3-D WIND SOUTH EDGE.
 - CALL Field_Regrid FOR 3-D WIND SOUTH EDGE.
 - CALL Field_Regrid FOR 3-D WIND SOUTH EDGE.
 - CALL Field_Regrid FOR 3-D WIND SOUTH EDGE.
 - CALL FieldRegridRelease.
 - CALL FieldRegridRelease.
 - CALL FieldRegridRelease.
 - CALL FieldRegridRelease.
 - CONVERT WINDS.
 - CALL FieldGet FOR 3-D WIND_S.
 - CONVERT WINDS.
 - CALL FieldGet FOR U_S.
 - CALL FieldGet FOR V_S.
 - CALL FieldGet FOR LATITUDE_S.
 - CALL FieldGet FOR LONGITUDE_S.
 - CALL FieldGet FOR 3-D WIND_S.
 - CALL FieldGet FOR U_S.
 - CALL FieldGet FOR V_S.
 - CALL FieldGet FOR LATITUDE_S.
 - CALL FieldGet FOR LONGITUDE_S.
 - CONVERT WINDS.
 - CALL FieldGet FOR 3-D WIND_S.
 - CALL FieldGet FOR U_S.
 - CONVERT WINDS.
 - CALL FieldGet FOR V_S.
 - CALL FieldGet FOR 3-D WIND_S.
 - CALL FieldGet FOR LATITUDE_S.
 - CALL FieldGet FOR LONGITUDE_S.
 - CALL FieldGet FOR U_S.
 - CALL FieldGet FOR V_S.
 - CALL FieldGet FOR LATITUDE_S.
 - CALL FieldGet FOR LONGITUDE_S.
 - CALL FieldGet FOR 3-D WIND_W.
 - CALL FieldGet FOR U_W.
 - CALL FieldGet FOR V_W.
 - CALL FieldGet FOR LATITUDE_W.
 - CALL FieldGet FOR LONGITUDE_W.
 - CALL FieldGet FOR 3-D WIND_W.
 - CALL FieldGet FOR U_W.
 - CALL FieldGet FOR V_W.
 - CALL FieldGet FOR LATITUDE_W.
 - CALL FieldGet FOR LONGITUDE_W.
 - CALL FieldGet FOR 3-D WIND_W.
 - CALL FieldGet FOR U_W.
 - CALL FieldGet FOR V_W.
 - CALL FieldGet FOR LATITUDE_W.
 - CALL FieldGet FOR LONGITUDE_W.
 - CALL FieldGet FOR 3-D WIND_W.
 - CALL FieldGet FOR U_W.
 - CALL FieldGet FOR V_W.
 - CALL FieldGet FOR LATITUDE_W.
 - CALL FieldGet FOR LONGITUDE_W.
 - OUTPUT LATERAL BOUNDARY DATA.
 - CALL FieldGather FOR TARGET GRID SURFACE PRESSURE
 - OUTPUT LATERAL BOUNDARY DATA.
 - CALL FieldGather FOR TARGET GRID SURFACE PRESSURE
 - WRITE ATMOSPHERIC HEADER FILE: ./gfs_ctrl.nc
 - OUTPUT LATERAL BOUNDARY DATA.
 - CALL FieldGather FOR TARGET GRID SURFACE PRESSURE
 - OUTPUT LATERAL BOUNDARY DATA.
 - CALL FieldGather FOR TARGET GRID SURFACE PRESSURE
 - CALL FieldGather FOR TARGET GRID HEIGHT FOR TILE:            1
 - CALL FieldGather FOR TARGET GRID HEIGHT FOR TILE:            1
 - CALL FieldGather FOR TARGET GRID HEIGHT FOR TILE:            1
 - CALL FieldGather FOR TARGET GRID HEIGHT FOR TILE:            1
 - CALL FieldGather FOR TARGET GRID TRACER FOR TILE: sphum           1
 - CALL FieldGather FOR TARGET GRID TRACER FOR TILE: sphum           1
 - CALL FieldGather FOR TARGET GRID TRACER FOR TILE: sphum           1
 - CALL FieldGather FOR TARGET GRID TRACER FOR TILE: sphum           1
 - CALL FieldGather FOR TARGET GRID TRACER FOR TILE: liq_wat           1
 - CALL FieldGather FOR TARGET GRID TRACER FOR TILE: liq_wat           1
 - CALL FieldGather FOR TARGET GRID TRACER FOR TILE: liq_wat           1
 - CALL FieldGather FOR TARGET GRID TRACER FOR TILE: liq_wat           1
 - CALL FieldGather FOR TARGET GRID TRACER FOR TILE: o3mr           1
 - CALL FieldGather FOR TARGET GRID TRACER FOR TILE: o3mr           1
 - CALL FieldGather FOR TARGET GRID TRACER FOR TILE: o3mr           1
 - CALL FieldGather FOR TARGET GRID TRACER FOR TILE: o3mr           1
 - CALL FieldGather FOR TARGET GRID TRACER FOR TILE: ice_wat           1
 - CALL FieldGather FOR TARGET GRID TRACER FOR TILE: ice_wat           1
 - CALL FieldGather FOR TARGET GRID TRACER FOR TILE: ice_wat           1
 - CALL FieldGather FOR TARGET GRID TRACER FOR TILE: ice_wat           1
 - CALL FieldGather FOR TARGET GRID TRACER FOR TILE: rainwat           1
 - CALL FieldGather FOR TARGET GRID TRACER FOR TILE: rainwat           1
 - CALL FieldGather FOR TARGET GRID TRACER FOR TILE: rainwat           1
 - CALL FieldGather FOR TARGET GRID TRACER FOR TILE: rainwat           1
 - CALL FieldGather FOR TARGET GRID TRACER FOR TILE: snowwat           1
 - CALL FieldGather FOR TARGET GRID TRACER FOR TILE: snowwat           1
 - CALL FieldGather FOR TARGET GRID TRACER FOR TILE: snowwat           1
 - CALL FieldGather FOR TARGET GRID TRACER FOR TILE: snowwat           1
 - CALL FieldGather FOR TARGET GRID TRACER FOR TILE: graupel           1
 - CALL FieldGather FOR TARGET GRID TRACER FOR TILE: graupel           1
 - CALL FieldGather FOR TARGET GRID TRACER FOR TILE: graupel           1
 - CALL FieldGather FOR TARGET GRID TRACER FOR TILE: graupel           1
 - CALL FieldGather FOR TARGET GRID W FOR TILE:            1
 - CALL FieldGather FOR TARGET GRID W FOR TILE:            1
 - CALL FieldGather FOR TARGET GRID W FOR TILE:            1
 - CALL FieldGather FOR TARGET GRID W FOR TILE:            1
 - CALL FieldGather FOR TARGET GRID TEMPERATURE FOR TILE:            1
 - CALL FieldGather FOR TARGET GRID TEMPERATURE FOR TILE:            1
 - CALL FieldGather FOR TARGET GRID TEMPERATURE FOR TILE:            1
 - CALL FieldGather FOR TARGET GRID TEMPERATURE FOR TILE:            1
 - CALL FieldGather FOR TARGET GRID U_S FOR TILE:            1
 - CALL FieldGather FOR TARGET GRID U_S FOR TILE:            1
 - CALL FieldGather FOR TARGET GRID U_S FOR TILE:            1
 - CALL FieldGather FOR TARGET GRID U_S FOR TILE:            1
 - CALL FieldGather FOR TARGET GRID V_S FOR TILE:            1
 - CALL FieldGather FOR TARGET GRID V_S FOR TILE:            1
 - CALL FieldGather FOR TARGET GRID V_S FOR TILE:            1
 - CALL FieldGather FOR TARGET GRID V_S FOR TILE:            1
 - CALL FieldGather FOR TARGET GRID U_W FOR TILE:            1
 - CALL FieldGather FOR TARGET GRID U_W FOR TILE:            1
 - CALL FieldGather FOR TARGET GRID U_W FOR TILE:            1
 - CALL FieldGather FOR TARGET GRID U_W FOR TILE:            1
 - CALL FieldGather FOR TARGET GRID V_W FOR TILE:            1
 - CALL FieldGather FOR TARGET GRID V_W FOR TILE:            1
 - CALL FieldGather FOR TARGET GRID V_W FOR TILE:            1
 - CALL FieldGather FOR TARGET GRID V_W FOR TILE:            1
 - DESTROY TARGET GRID ATMOSPHERIC FIELDS.
 - DESTROY MODEL DATA.
 - CALL ESMF_finalize
 - DESTROY TARGET GRID ATMOSPHERIC FIELDS.
 - DESTROY MODEL DATA.
 - CALL ESMF_finalize
 - DESTROY TARGET GRID ATMOSPHERIC FIELDS.
 - DESTROY MODEL DATA.
 - CALL ESMF_finalize
 - DESTROY TARGET GRID ATMOSPHERIC FIELDS.
 - DESTROY MODEL DATA.
 - CALL ESMF_finalize
 - DONE.
 - DONE.
 - DONE.
 - DONE.

========================================================================
Lateral boundary condition (LBC) files (in NetCDF format) generated suc-
cessfully for all LBC update hours (except hour zero)!!!

Exiting script:  "exregional_make_lbcs.sh"
In directory:    "/usr/local/src/ufs-srweather-app/regional_workflow/scripts"
========================================================================

========================================================================
Exiting script:  "JREGIONAL_MAKE_LBCS"
In directory:    "/usr/local/src/ufs-srweather-app/regional_workflow/jobs"
========================================================================
