+ source /tmp/docker/experiment/test9_CONUS_25km_GFSv15p2/var_defns.sh
++ RUN_ENVIR=community
++ MACHINE=LINUX
++ ACCOUNT=an_account
++ WORKFLOW_MANAGER=none
++ SCHED=none
++ PARTITION_DEFAULT=
++ CLUSTERS_DEFAULT=
++ QUEUE_DEFAULT=
++ PARTITION_HPSS=
++ CLUSTERS_HPSS=
++ QUEUE_HPSS=
++ PARTITION_FCST=
++ CLUSTERS_FCST=
++ QUEUE_FCST=
++ RUN_CMD_UTILS='mpirun -np 4'
++ RUN_CMD_POST='mpirun -np 4'
++ USE_CRON_TO_RELAUNCH=FALSE
++ CRON_RELAUNCH_INTVL_MNTS=03
++ EXPT_BASEDIR=/tmp/docker/experiment
++ EXPT_SUBDIR=test9_CONUS_25km_GFSv15p2
++ COMINgfs=/base/path/of/directory/containing/gfs/input/files
++ STMP=/tmp/docker/stmp
++ NET=rrfs
++ envir=para
++ RUN=experiment_name
++ PTMP=/tmp/docker/ptmp
++ DOT_OR_USCORE=_
++ EXPT_CONFIG_FN=config.sh
++ RGNL_GRID_NML_FN=regional_grid.nml
++ DATA_TABLE_FN=data_table
++ DIAG_TABLE_FN=diag_table
++ FIELD_TABLE_FN=field_table
++ FV3_NML_BASE_SUITE_FN=input.nml.FV3
++ FV3_NML_YAML_CONFIG_FN=FV3.input.yml
++ FV3_NML_BASE_ENS_FN=input.nml.base_ens
++ MODEL_CONFIG_FN=model_configure
++ NEMS_CONFIG_FN=nems.configure
++ FV3_EXEC_FN=NEMS.exe
++ WFLOW_XML_FN=FV3LAM_wflow.xml
++ GLOBAL_VAR_DEFNS_FN=var_defns.sh
++ EXTRN_MDL_ICS_VAR_DEFNS_FN=extrn_mdl_ics_var_defns.sh
++ EXTRN_MDL_LBCS_VAR_DEFNS_FN=extrn_mdl_lbcs_var_defns.sh
++ WFLOW_LAUNCH_SCRIPT_FN=launch_FV3LAM_wflow.sh
++ WFLOW_LAUNCH_LOG_FN=log.launch_FV3LAM_wflow
++ DATE_FIRST_CYCL=20190615
++ DATE_LAST_CYCL=20190615
++ CYCL_HRS=00
++ FCST_LEN_HRS=6
++ EXTRN_MDL_NAME_ICS=FV3GFS
++ EXTRN_MDL_NAME_LBCS=FV3GFS
++ LBC_SPEC_INTVL_HRS=6
++ FV3GFS_FILE_FMT_ICS=grib2
++ FV3GFS_FILE_FMT_LBCS=grib2
++ NOMADS=FALSE
++ NOMADS_file_type=nemsio
++ USE_USER_STAGED_EXTRN_FILES=TRUE
++ EXTRN_MDL_SOURCE_BASEDIR_ICS=/tmp/docker/model_data/FV3GFS
++ EXTRN_MDL_FILES_ICS=gfs.pgrb2.0p25.f000
++ EXTRN_MDL_SOURCE_BASEDIR_LBCS=/tmp/docker/model_data/FV3GFS
++ EXTRN_MDL_FILES_LBCS=("gfs.pgrb2.0p25.f006" "gfs.pgrb2.0p25.f012" "gfs.pgrb2.0p25.f018" "gfs.pgrb2.0p25.f024" "gfs.pgrb2.0p25.f030" "gfs.pgrb2.0p25.f036" "gfs.pgrb2.0p25.f042" "gfs.pgrb2.0p25.f048")
++ CCPP_PHYS_SUITE=FV3_GFS_v15p2
++ GRID_GEN_METHOD=ESGgrid
++ GFDLgrid_LON_T6_CTR=
++ GFDLgrid_LAT_T6_CTR=
++ GFDLgrid_RES=
++ GFDLgrid_STRETCH_FAC=
++ GFDLgrid_REFINE_RATIO=
++ GFDLgrid_ISTART_OF_RGNL_DOM_ON_T6G=
++ GFDLgrid_IEND_OF_RGNL_DOM_ON_T6G=
++ GFDLgrid_JSTART_OF_RGNL_DOM_ON_T6G=
++ GFDLgrid_JEND_OF_RGNL_DOM_ON_T6G=
++ GFDLgrid_USE_GFDLgrid_RES_IN_FILENAMES=
++ ESGgrid_LON_CTR=-97.5
++ ESGgrid_LAT_CTR=38.55
++ ESGgrid_DELX=25000.0
++ ESGgrid_DELY=25000.0
++ ESGgrid_NX=202
++ ESGgrid_NY=117
++ ESGgrid_WIDE_HALO_WIDTH=6
++ DT_ATMOS=300
++ LAYOUT_X=1
++ LAYOUT_Y=3
++ BLOCKSIZE=40
++ QUILTING=TRUE
++ PRINT_ESMF=FALSE
++ WRTCMP_write_groups=1
++ WRTCMP_write_tasks_per_group=2
++ WRTCMP_output_grid=lambert_conformal
++ WRTCMP_cen_lon=-97.5
++ WRTCMP_cen_lat=38.52
++ WRTCMP_lon_lwr_left=-121.34461033
++ WRTCMP_lat_lwr_left=22.95987123
++ WRTCMP_lon_upr_rght=
++ WRTCMP_lat_upr_rght=
++ WRTCMP_dlon=
++ WRTCMP_dlat=
++ WRTCMP_stdlat1=38.52
++ WRTCMP_stdlat2=38.52
++ WRTCMP_nx=201
++ WRTCMP_ny=115
++ WRTCMP_dx=25000.0
++ WRTCMP_dy=25000.0
++ PREDEF_GRID_NAME=RRFS_CONUS_25km
++ PREEXISTING_DIR_METHOD=rename
++ VERBOSE=TRUE
++ RUN_TASK_MAKE_GRID=TRUE
++ GRID_DIR=/tmp/docker/experiment/test9_CONUS_25km_GFSv15p2/grid
++ RUN_TASK_MAKE_OROG=TRUE
++ OROG_DIR=/tmp/docker/experiment/test9_CONUS_25km_GFSv15p2/orog
++ RUN_TASK_MAKE_SFC_CLIMO=TRUE
++ SFC_CLIMO_DIR=/tmp/docker/experiment/test9_CONUS_25km_GFSv15p2/sfc_climo
++ SFC_CLIMO_FIELDS=("facsf" "maximum_snow_albedo" "slope_type" "snowfree_albedo" "soil_type" "substrate_temperature" "vegetation_greenness" "vegetation_type")
++ FIXgsm=/tmp/docker/fix_am
++ TOPO_DIR=/tmp/docker/fix_orog
++ SFC_CLIMO_INPUT_DIR=/tmp/docker/fix_sfc_climo
++ FNGLAC=global_glacier.2x2.grb
++ FNMXIC=global_maxice.2x2.grb
++ FNTSFC=RTGSST.1982.2012.monthly.clim.grb
++ FNSNOC=global_snoclim.1.875.grb
++ FNZORC=igbp
++ FNAISC=CFSR.SEAICE.1982.2012.monthly.clim.grb
++ FNSMCC=global_soilmgldas.t126.384.190.grb
++ FNMSKH=seaice_newland.grb
++ FIXgsm_FILES_TO_COPY_TO_FIXam=("global_glacier.2x2.grb" "global_maxice.2x2.grb" "RTGSST.1982.2012.monthly.clim.grb" "global_snoclim.1.875.grb" "CFSR.SEAICE.1982.2012.monthly.clim.grb" "global_soilmgldas.t126.384.190.grb" "seaice_newland.grb" "global_climaeropac_global.txt" "fix_co2_proj/global_co2historicaldata_2010.txt" "fix_co2_proj/global_co2historicaldata_2011.txt" "fix_co2_proj/global_co2historicaldata_2012.txt" "fix_co2_proj/global_co2historicaldata_2013.txt" "fix_co2_proj/global_co2historicaldata_2014.txt" "fix_co2_proj/global_co2historicaldata_2015.txt" "fix_co2_proj/global_co2historicaldata_2016.txt" "fix_co2_proj/global_co2historicaldata_2017.txt" "fix_co2_proj/global_co2historicaldata_2018.txt" "global_co2historicaldata_glob.txt" "co2monthlycyc.txt" "global_h2o_pltc.f77" "global_hyblev.l65.txt" "global_zorclim.1x1.grb" "global_sfc_emissivity_idx.txt" "global_solarconstant_noaa_an.txt" "ozprdlos_2015_new_sbuvO3_tclm15_nuchem.f77")
++ FV3_NML_VARNAME_TO_FIXam_FILES_MAPPING=("FNGLAC | global_glacier.2x2.grb" "FNMXIC | global_maxice.2x2.grb" "FNTSFC | RTGSST.1982.2012.monthly.clim.grb" "FNSNOC | global_snoclim.1.875.grb" "FNAISC | CFSR.SEAICE.1982.2012.monthly.clim.grb" "FNSMCC | global_soilmgldas.t126.384.190.grb" "FNMSKH | seaice_newland.grb")
++ FV3_NML_VARNAME_TO_SFC_CLIMO_FIELD_MAPPING=("FNALBC  | snowfree_albedo" "FNALBC2 | facsf" "FNTG3C  | substrate_temperature" "FNVEGC  | vegetation_greenness" "FNVETC  | vegetation_type" "FNSOTC  | soil_type" "FNVMNC  | vegetation_greenness" "FNVMXC  | vegetation_greenness" "FNSLPC  | slope_type" "FNABSC  | maximum_snow_albedo")
++ CYCLEDIR_LINKS_TO_FIXam_FILES_MAPPING=("aerosol.dat                | global_climaeropac_global.txt" "co2historicaldata_2010.txt | fix_co2_proj/global_co2historicaldata_2010.txt" "co2historicaldata_2011.txt | fix_co2_proj/global_co2historicaldata_2011.txt" "co2historicaldata_2012.txt | fix_co2_proj/global_co2historicaldata_2012.txt" "co2historicaldata_2013.txt | fix_co2_proj/global_co2historicaldata_2013.txt" "co2historicaldata_2014.txt | fix_co2_proj/global_co2historicaldata_2014.txt" "co2historicaldata_2015.txt | fix_co2_proj/global_co2historicaldata_2015.txt" "co2historicaldata_2016.txt | fix_co2_proj/global_co2historicaldata_2016.txt" "co2historicaldata_2017.txt | fix_co2_proj/global_co2historicaldata_2017.txt" "co2historicaldata_2018.txt | fix_co2_proj/global_co2historicaldata_2018.txt" "co2historicaldata_glob.txt | global_co2historicaldata_glob.txt" "co2monthlycyc.txt          | co2monthlycyc.txt" "global_h2oprdlos.f77       | global_h2o_pltc.f77" "global_zorclim.1x1.grb     | global_zorclim.1x1.grb" "sfc_emissivity_idx.txt     | global_sfc_emissivity_idx.txt" "solarconstant_noaa_an.txt  | global_solarconstant_noaa_an.txt" "global_o3prdlos.f77        | ozprdlos_2015_new_sbuvO3_tclm15_nuchem.f77")
++ MAKE_GRID_TN=make_grid
++ MAKE_OROG_TN=make_orog
++ MAKE_SFC_CLIMO_TN=make_sfc_climo
++ GET_EXTRN_ICS_TN=get_extrn_ics
++ GET_EXTRN_LBCS_TN=get_extrn_lbcs
++ MAKE_ICS_TN=make_ics
++ MAKE_LBCS_TN=make_lbcs
++ RUN_FCST_TN=run_fcst
++ RUN_POST_TN=run_post
++ NNODES_MAKE_GRID=1
++ NNODES_MAKE_OROG=1
++ NNODES_MAKE_SFC_CLIMO=2
++ NNODES_GET_EXTRN_ICS=1
++ NNODES_GET_EXTRN_LBCS=1
++ NNODES_MAKE_ICS=4
++ NNODES_MAKE_LBCS=4
++ NNODES_RUN_FCST=1
++ NNODES_RUN_POST=2
++ PPN_MAKE_GRID=24
++ PPN_MAKE_OROG=24
++ PPN_MAKE_SFC_CLIMO=24
++ PPN_GET_EXTRN_ICS=1
++ PPN_GET_EXTRN_LBCS=1
++ PPN_MAKE_ICS=12
++ PPN_MAKE_LBCS=12
++ PPN_RUN_FCST=24
++ PPN_RUN_POST=24
++ WTIME_MAKE_GRID=00:20:00
++ WTIME_MAKE_OROG=00:20:00
++ WTIME_MAKE_SFC_CLIMO=00:20:00
++ WTIME_GET_EXTRN_ICS=00:45:00
++ WTIME_GET_EXTRN_LBCS=00:45:00
++ WTIME_MAKE_ICS=00:30:00
++ WTIME_MAKE_LBCS=00:30:00
++ WTIME_RUN_FCST=01:00:00
++ WTIME_RUN_POST=00:15:00
++ MAXTRIES_MAKE_GRID=1
++ MAXTRIES_MAKE_OROG=1
++ MAXTRIES_MAKE_SFC_CLIMO=1
++ MAXTRIES_GET_EXTRN_ICS=1
++ MAXTRIES_GET_EXTRN_LBCS=1
++ MAXTRIES_MAKE_ICS=1
++ MAXTRIES_MAKE_LBCS=1
++ MAXTRIES_RUN_FCST=1
++ MAXTRIES_RUN_POST=1
++ USE_CUSTOM_POST_CONFIG_FILE=FALSE
++ CUSTOM_POST_CONFIG_FP=
++ DO_ENSEMBLE=FALSE
++ NUM_ENS_MEMBERS=1
++ DO_SHUM=FALSE
++ DO_SPPT=FALSE
++ DO_SKEB=FALSE
++ SHUM_MAG=-999.0
++ SHUM_LSCALE=150000
++ SHUM_TSCALE=21600
++ SHUM_INT=3600
++ SPPT_MAG=-999.0
++ SPPT_LSCALE=150000
++ SPPT_TSCALE=21600
++ SPPT_INT=3600
++ SKEB_MAG=-999.0
++ SKEB_LSCALE=150000
++ SKEB_TSCALE=21600
++ SKEB_INT=3600
++ SKEB_VDOF=10
++ USE_ZMTNBLCK=false
++ HALO_BLEND=10
++ USE_FVCOM=FALSE
++ FVCOM_DIR=/user/defined/dir/to/fvcom/data
++ FVCOM_FILE=fvcom.nc
++ COMPILER=intel
++ WFLOW_LAUNCH_SCRIPT_FP=/usr/local/src/ufs-srweather-app/regional_workflow/ush/launch_FV3LAM_wflow.sh
++ WFLOW_LAUNCH_LOG_FP=/tmp/docker/experiment/test9_CONUS_25km_GFSv15p2/log.launch_FV3LAM_wflow
++ CRONTAB_LINE=
++ SR_WX_APP_TOP_DIR=/usr/local/src/ufs-srweather-app
++ HOMErrfs=/usr/local/src/ufs-srweather-app/regional_workflow
++ USHDIR=/usr/local/src/ufs-srweather-app/regional_workflow/ush
++ SCRIPTSDIR=/usr/local/src/ufs-srweather-app/regional_workflow/scripts
++ JOBSDIR=/usr/local/src/ufs-srweather-app/regional_workflow/jobs
++ SORCDIR=/usr/local/src/ufs-srweather-app/regional_workflow/sorc
++ SRC_DIR=/usr/local/src/ufs-srweather-app/src
++ PARMDIR=/usr/local/src/ufs-srweather-app/regional_workflow/parm
++ MODULES_DIR=/usr/local/src/ufs-srweather-app/regional_workflow/modulefiles
++ EXECDIR=/usr/local/src/ufs-srweather-app/bin
++ FIXrrfs=/usr/local/src/ufs-srweather-app/regional_workflow/fix
++ FIXam=/tmp/docker/experiment/test9_CONUS_25km_GFSv15p2/fix_am
++ FIXLAM=/tmp/docker/experiment/test9_CONUS_25km_GFSv15p2/fix_lam
++ FIXgsm=/tmp/docker/fix_am
++ COMROOT=
++ COMOUT_BASEDIR=
++ TEMPLATE_DIR=/usr/local/src/ufs-srweather-app/regional_workflow/ush/templates
++ UFS_WTHR_MDL_DIR=/usr/local/src/ufs-srweather-app/src/ufs_weather_model
++ UFS_UTILS_DIR=/usr/local/src/ufs-srweather-app/src/UFS_UTILS
++ SFC_CLIMO_INPUT_DIR=/tmp/docker/fix_sfc_climo
++ TOPO_DIR=/tmp/docker/fix_orog
++ EMC_POST_DIR=/usr/local/src/ufs-srweather-app/src/EMC_post
++ EXPTDIR=/tmp/docker/experiment/test9_CONUS_25km_GFSv15p2
++ LOGDIR=/tmp/docker/experiment/test9_CONUS_25km_GFSv15p2/log
++ CYCLE_BASEDIR=/tmp/docker/experiment/test9_CONUS_25km_GFSv15p2
++ GRID_DIR=/tmp/docker/experiment/test9_CONUS_25km_GFSv15p2/grid
++ OROG_DIR=/tmp/docker/experiment/test9_CONUS_25km_GFSv15p2/orog
++ SFC_CLIMO_DIR=/tmp/docker/experiment/test9_CONUS_25km_GFSv15p2/sfc_climo
++ NDIGITS_ENSMEM_NAMES=0
++ ENSMEM_NAMES=("")
++ FV3_NML_ENSMEM_FPS=("")
++ GLOBAL_VAR_DEFNS_FP=/tmp/docker/experiment/test9_CONUS_25km_GFSv15p2/var_defns.sh
++ DATA_TABLE_TMPL_FN=data_table
++ DIAG_TABLE_TMPL_FN=diag_table.FV3_GFS_v15p2
++ FIELD_TABLE_TMPL_FN=field_table.FV3_GFS_v15p2
++ MODEL_CONFIG_TMPL_FN=model_configure
++ NEMS_CONFIG_TMPL_FN=nems.configure
++ DATA_TABLE_TMPL_FP=/usr/local/src/ufs-srweather-app/regional_workflow/ush/templates/data_table
++ DIAG_TABLE_TMPL_FP=/usr/local/src/ufs-srweather-app/regional_workflow/ush/templates/diag_table.FV3_GFS_v15p2
++ FIELD_TABLE_TMPL_FP=/usr/local/src/ufs-srweather-app/regional_workflow/ush/templates/field_table.FV3_GFS_v15p2
++ FV3_NML_BASE_SUITE_FP=/usr/local/src/ufs-srweather-app/regional_workflow/ush/templates/input.nml.FV3
++ FV3_NML_YAML_CONFIG_FP=/usr/local/src/ufs-srweather-app/regional_workflow/ush/templates/FV3.input.yml
++ FV3_NML_BASE_ENS_FP=/tmp/docker/experiment/test9_CONUS_25km_GFSv15p2/input.nml.base_ens
++ MODEL_CONFIG_TMPL_FP=/usr/local/src/ufs-srweather-app/regional_workflow/ush/templates/model_configure
++ NEMS_CONFIG_TMPL_FP=/usr/local/src/ufs-srweather-app/regional_workflow/ush/templates/nems.configure
++ CCPP_PHYS_SUITE_FN=suite_FV3_GFS_v15p2.xml
++ CCPP_PHYS_SUITE_IN_CCPP_FP=/usr/local/src/ufs-srweather-app/src/ufs_weather_model/FV3/ccpp/suites/suite_FV3_GFS_v15p2.xml
++ CCPP_PHYS_SUITE_FP=/tmp/docker/experiment/test9_CONUS_25km_GFSv15p2/suite_FV3_GFS_v15p2.xml
++ DATA_TABLE_FP=/tmp/docker/experiment/test9_CONUS_25km_GFSv15p2/data_table
++ FIELD_TABLE_FP=/tmp/docker/experiment/test9_CONUS_25km_GFSv15p2/field_table
++ FV3_NML_FN=input.nml
++ FV3_NML_FP=/tmp/docker/experiment/test9_CONUS_25km_GFSv15p2/input.nml
++ NEMS_CONFIG_FP=/tmp/docker/experiment/test9_CONUS_25km_GFSv15p2/nems.configure
++ FV3_EXEC_FP=/usr/local/src/ufs-srweather-app/bin/NEMS.exe
++ LOAD_MODULES_RUN_TASK_FP=/usr/local/src/ufs-srweather-app/regional_workflow/ush/load_modules_run_task.sh
++ GTYPE=regional
++ TILE_RGNL=7
++ NH0=0
++ NH3=3
++ NH4=4
++ LON_CTR=-97.5
++ LAT_CTR=38.55
++ NX=202
++ NY=117
++ NHW=6
++ STRETCH_FAC=0.999
++ RES_IN_FIXLAM_FILENAMES=
++ CRES=
++ DEL_ANGLE_X_SG=0.1124152007
++ DEL_ANGLE_Y_SG=0.1124152007
++ NEG_NX_OF_DOM_WITH_WIDE_HALO=-214
++ NEG_NY_OF_DOM_WITH_WIDE_HALO=-129
++ OZONE_PARAM=ozphys_2015
++ EXTRN_MDL_SYSBASEDIR_ICS=
++ EXTRN_MDL_SYSBASEDIR_LBCS=
++ EXTRN_MDL_LBCS_OFFSET_HRS=0
++ LBC_SPEC_FCST_HRS=(6)
++ NUM_CYCLES=1
++ ALL_CDATES=("2019061500")
++ USE_FVCOM=FALSE
++ FVCOM_DIR=/user/defined/dir/to/fvcom/data
++ FVCOM_FILE=fvcom.nc
++ NCORES_PER_NODE=
++ PE_MEMBER01=5
++ RUN_CMD_FCST='mpirun -np 5'
+ export CDATE=2019061500
+ CDATE=2019061500
+ export CYCLE_DIR=/tmp/docker/experiment/test9_CONUS_25km_GFSv15p2/2019061500
+ CYCLE_DIR=/tmp/docker/experiment/test9_CONUS_25km_GFSv15p2/2019061500
+ /usr/local/src/ufs-srweather-app/regional_workflow/jobs/JREGIONAL_MAKE_GRID

========================================================================
Entering script:  "JREGIONAL_MAKE_GRID"
In directory:     "/usr/local/src/ufs-srweather-app/regional_workflow/jobs"

This is the J-job script for the task that generates grid files.
========================================================================

========================================================================
Entering script:  "exregional_make_grid.sh"
In directory:     "/usr/local/src/ufs-srweather-app/regional_workflow/scripts"

This is the ex-script for the task that generates grid files.
========================================================================

No arguments have been passed to the script in file

  "/usr/local/src/ufs-srweather-app/regional_workflow/scripts/exregional_make_grid.sh"


Starting grid file generation...

Creating namelist file (rgnl_grid_nml_fp) to be read in by the grid
generation executable (exec_fp):
  rgnl_grid_nml_fp = "/tmp/docker/experiment/test9_CONUS_25km_GFSv15p2/grid/tmp/regional_grid.nml"
  exec_fp = "/usr/local/src/ufs-srweather-app/bin/regional_esg_grid"
arcx, arcy  24.0569 14.5016
For lam=    0.80 the best [smallest possible]
optimality criterion, Q, for this domain:  0.453511E-04
The corresponding optimal A and K:   0.1156  -0.3476
The corresponding m_arcx,y:  0.4167189652257E+00  0.2524146128930E+00
x and y central grid resolution in map units:  0.19473E-02  0.19567E-02
Get additional diagnostics from hgrid_ak_rr
0.06user 0.01system 0:00.12elapsed 62%CPU (0avgtext+0avgdata 13800maxresident)k
12944inputs+12136outputs (69major+2674minor)pagefaults 0swaps

"cd_vrfy" operation returned with a message.  This command was 
issued from the script in file:

  "/usr/local/src/ufs-srweather-app/regional_workflow/scripts/exregional_make_grid.sh"

Message from "cd_vrfy" function's "cd" operation:
  /usr/local/src/ufs-srweather-app/regional_workflow/ush/wrappers

Grid file generation completed successfully.

Opening NetCDF grid file for reading/writing:
  grid_fn = /tmp/docker/experiment/test9_CONUS_25km_GFSv15p2/grid/tmp/regional_grid.nc

Dimensions of supergrid are:
  nxSG =     428
  nySG =     258

Dimensions of (actual, i.e. computational) grid are:
  nx =     214
  ny =     129

Minimum, maximum, and average cell sizes are (based on square
root of cell area):
  min_cell_size = 0.2478E+05
  max_cell_size = 0.2487E+05
  avg_cell_size = 0.2484E+05

Equivalent global uniform cubed-sphere resolution is:
   RES_equiv =          403

Writing avg_cell_size and RES_equiv to the grid specification
file as global attributes...

Done.
0.01user 0.00system 0:00.04elapsed 34%CPU (0avgtext+0avgdata 8860maxresident)k
8816inputs+0outputs (47major+782minor)pagefaults 0swaps
Setting parameter "CRES" in file "var_defns.sh" to ""C403"" ...

"Shaving" grid file with wide halo to obtain grid file with 3-cell-wide
halo...
  id          202  jd          117  halo            3
  fn_f /tmp/docker/experiment/test9_CONUS_25km_GFSv15p2/grid/C403_grid.tile7.halo6.nc
  fn_s /tmp/docker/experiment/test9_CONUS_25km_GFSv15p2/grid/tmp/C403_grid.tile7.halo3.nc
0.01user 0.01system 0:00.04elapsed 51%CPU (0avgtext+0avgdata 9608maxresident)k
9280inputs+11296outputs (64major+924minor)pagefaults 0swaps

"Shaving" grid file with wide halo to obtain grid file with 4-cell-wide
halo...
  id          202  jd          117  halo            4
  fn_f /tmp/docker/experiment/test9_CONUS_25km_GFSv15p2/grid/C403_grid.tile7.halo6.nc
  fn_s /tmp/docker/experiment/test9_CONUS_25km_GFSv15p2/grid/tmp/C403_grid.tile7.halo4.nc
0.00user 0.01system 0:00.02elapsed 95%CPU (0avgtext+0avgdata 9616maxresident)k
0inputs+11576outputs (0major+966minor)pagefaults 0swaps

"cd_vrfy" operation returned with a message.  This command was 
issued from the script in file:

  "/usr/local/src/ufs-srweather-app/regional_workflow/scripts/exregional_make_grid.sh"

Message from "cd_vrfy" function's "cd" operation:
  /usr/local/src/ufs-srweather-app/regional_workflow/ush/wrappers
++ uname -s
+ [[ Linux == Darwin ]]
++ readlink -f /usr/local/src/ufs-srweather-app/regional_workflow/ush/make_grid_mosaic_file.sh
+ local scrfunc_fp=/usr/local/src/ufs-srweather-app/regional_workflow/ush/make_grid_mosaic_file.sh
++ basename /usr/local/src/ufs-srweather-app/regional_workflow/ush/make_grid_mosaic_file.sh
+ local scrfunc_fn=make_grid_mosaic_file.sh
++ dirname /usr/local/src/ufs-srweather-app/regional_workflow/ush/make_grid_mosaic_file.sh
+ local scrfunc_dir=/usr/local/src/ufs-srweather-app/regional_workflow/ush
+ local func_name=make_grid_mosaic_file
+ valid_args=("grid_dir" "grid_fn" "mosaic_fn")
+ local valid_args
+ process_args valid_args grid_dir=/tmp/docker/experiment/test9_CONUS_25km_GFSv15p2/grid grid_fn=C403_grid.tile7.halo6.nc mosaic_fn=C403_mosaic.halo6.nc
+ print_input_args valid_args

The arguments to function "make_grid_mosaic_file" in file

  "/usr/local/src/ufs-srweather-app/regional_workflow/ush/make_grid_mosaic_file.sh"

have been set as follows:

  declare -- grid_dir="/tmp/docker/experiment/test9_CONUS_25km_GFSv15p2/grid"
  declare -- grid_fn="C403_grid.tile7.halo6.nc"
  declare -- mosaic_fn="C403_mosaic.halo6.nc"
+ local exec_fn exec_fp grid_fp mosaic_fp mosaic_fp_prefix
+ exec_fn=make_solo_mosaic
+ exec_fp=/usr/local/src/ufs-srweather-app/bin/make_solo_mosaic
+ '[' '!' -f /usr/local/src/ufs-srweather-app/bin/make_solo_mosaic ']'
+ grid_fp=/tmp/docker/experiment/test9_CONUS_25km_GFSv15p2/grid/C403_grid.tile7.halo6.nc
+ mosaic_fp=/tmp/docker/experiment/test9_CONUS_25km_GFSv15p2/grid/C403_mosaic.halo6.nc
+ mosaic_fp_prefix=/tmp/docker/experiment/test9_CONUS_25km_GFSv15p2/grid/C403_mosaic.halo6
+ time /usr/local/src/ufs-srweather-app/bin/make_solo_mosaic --num_tiles 1 --dir /tmp/docker/experiment/test9_CONUS_25km_GFSv15p2/grid --tile_file C403_grid.tile7.halo6.nc --mosaic /tmp/docker/experiment/test9_CONUS_25km_GFSv15p2/grid/C403_mosaic.halo6
NOTE from make_solo_mosaic: there are 0 contacts (align-contact)
congradulation: You have successfully run make_solo_mosaic
0.00user 0.00system 0:00.03elapsed 27%CPU (0avgtext+0avgdata 9188maxresident)k
8216inputs+40outputs (48major+1182minor)pagefaults 0swaps
++ uname -s
+ [[ Linux == Darwin ]]
++ readlink -f /usr/local/src/ufs-srweather-app/regional_workflow/ush/make_grid_mosaic_file.sh
+ local scrfunc_fp=/usr/local/src/ufs-srweather-app/regional_workflow/ush/make_grid_mosaic_file.sh
++ basename /usr/local/src/ufs-srweather-app/regional_workflow/ush/make_grid_mosaic_file.sh
+ local scrfunc_fn=make_grid_mosaic_file.sh
++ dirname /usr/local/src/ufs-srweather-app/regional_workflow/ush/make_grid_mosaic_file.sh
+ local scrfunc_dir=/usr/local/src/ufs-srweather-app/regional_workflow/ush
+ local func_name=make_grid_mosaic_file
+ valid_args=("grid_dir" "grid_fn" "mosaic_fn")
+ local valid_args
+ process_args valid_args grid_dir=/tmp/docker/experiment/test9_CONUS_25km_GFSv15p2/grid grid_fn=C403_grid.tile7.halo3.nc mosaic_fn=C403_mosaic.halo3.nc
+ print_input_args valid_args

The arguments to function "make_grid_mosaic_file" in file

  "/usr/local/src/ufs-srweather-app/regional_workflow/ush/make_grid_mosaic_file.sh"

have been set as follows:

  declare -- grid_dir="/tmp/docker/experiment/test9_CONUS_25km_GFSv15p2/grid"
  declare -- grid_fn="C403_grid.tile7.halo3.nc"
  declare -- mosaic_fn="C403_mosaic.halo3.nc"
+ local exec_fn exec_fp grid_fp mosaic_fp mosaic_fp_prefix
+ exec_fn=make_solo_mosaic
+ exec_fp=/usr/local/src/ufs-srweather-app/bin/make_solo_mosaic
+ '[' '!' -f /usr/local/src/ufs-srweather-app/bin/make_solo_mosaic ']'
+ grid_fp=/tmp/docker/experiment/test9_CONUS_25km_GFSv15p2/grid/C403_grid.tile7.halo3.nc
+ mosaic_fp=/tmp/docker/experiment/test9_CONUS_25km_GFSv15p2/grid/C403_mosaic.halo3.nc
+ mosaic_fp_prefix=/tmp/docker/experiment/test9_CONUS_25km_GFSv15p2/grid/C403_mosaic.halo3
+ time /usr/local/src/ufs-srweather-app/bin/make_solo_mosaic --num_tiles 1 --dir /tmp/docker/experiment/test9_CONUS_25km_GFSv15p2/grid --tile_file C403_grid.tile7.halo3.nc --mosaic /tmp/docker/experiment/test9_CONUS_25km_GFSv15p2/grid/C403_mosaic.halo3
NOTE from make_solo_mosaic: there are 0 contacts (align-contact)
congradulation: You have successfully run make_solo_mosaic
0.00user 0.00system 0:00.00elapsed 77%CPU (0avgtext+0avgdata 8748maxresident)k
208inputs+24outputs (11major+1059minor)pagefaults 0swaps
++ uname -s
+ [[ Linux == Darwin ]]
++ readlink -f /usr/local/src/ufs-srweather-app/regional_workflow/ush/make_grid_mosaic_file.sh
+ local scrfunc_fp=/usr/local/src/ufs-srweather-app/regional_workflow/ush/make_grid_mosaic_file.sh
++ basename /usr/local/src/ufs-srweather-app/regional_workflow/ush/make_grid_mosaic_file.sh
+ local scrfunc_fn=make_grid_mosaic_file.sh
++ dirname /usr/local/src/ufs-srweather-app/regional_workflow/ush/make_grid_mosaic_file.sh
+ local scrfunc_dir=/usr/local/src/ufs-srweather-app/regional_workflow/ush
+ local func_name=make_grid_mosaic_file
+ valid_args=("grid_dir" "grid_fn" "mosaic_fn")
+ local valid_args
+ process_args valid_args grid_dir=/tmp/docker/experiment/test9_CONUS_25km_GFSv15p2/grid grid_fn=C403_grid.tile7.halo4.nc mosaic_fn=C403_mosaic.halo4.nc
+ print_input_args valid_args

The arguments to function "make_grid_mosaic_file" in file

  "/usr/local/src/ufs-srweather-app/regional_workflow/ush/make_grid_mosaic_file.sh"

have been set as follows:

  declare -- grid_dir="/tmp/docker/experiment/test9_CONUS_25km_GFSv15p2/grid"
  declare -- grid_fn="C403_grid.tile7.halo4.nc"
  declare -- mosaic_fn="C403_mosaic.halo4.nc"
+ local exec_fn exec_fp grid_fp mosaic_fp mosaic_fp_prefix
+ exec_fn=make_solo_mosaic
+ exec_fp=/usr/local/src/ufs-srweather-app/bin/make_solo_mosaic
+ '[' '!' -f /usr/local/src/ufs-srweather-app/bin/make_solo_mosaic ']'
+ grid_fp=/tmp/docker/experiment/test9_CONUS_25km_GFSv15p2/grid/C403_grid.tile7.halo4.nc
+ mosaic_fp=/tmp/docker/experiment/test9_CONUS_25km_GFSv15p2/grid/C403_mosaic.halo4.nc
+ mosaic_fp_prefix=/tmp/docker/experiment/test9_CONUS_25km_GFSv15p2/grid/C403_mosaic.halo4
+ time /usr/local/src/ufs-srweather-app/bin/make_solo_mosaic --num_tiles 1 --dir /tmp/docker/experiment/test9_CONUS_25km_GFSv15p2/grid --tile_file C403_grid.tile7.halo4.nc --mosaic /tmp/docker/experiment/test9_CONUS_25km_GFSv15p2/grid/C403_mosaic.halo4
NOTE from make_solo_mosaic: there are 0 contacts (align-contact)
congradulation: You have successfully run make_solo_mosaic
0.00user 0.00system 0:00.00elapsed 100%CPU (0avgtext+0avgdata 8836maxresident)k
0inputs+24outputs (0major+1070minor)pagefaults 0swaps
++ readlink -f /usr/local/src/ufs-srweather-app/regional_workflow/ush/link_fix.sh
+ local scrfunc_fp=/usr/local/src/ufs-srweather-app/regional_workflow/ush/link_fix.sh
++ basename /usr/local/src/ufs-srweather-app/regional_workflow/ush/link_fix.sh
+ local scrfunc_fn=link_fix.sh
++ dirname /usr/local/src/ufs-srweather-app/regional_workflow/ush/link_fix.sh
+ local scrfunc_dir=/usr/local/src/ufs-srweather-app/regional_workflow/ush
+ local func_name=link_fix
+ valid_args=("verbose" "file_group" "output_varname_res_in_filenames")
+ local valid_args
+ process_args valid_args verbose=TRUE file_group=grid
+ print_input_args valid_args

The arguments to function "link_fix" in file

  "/usr/local/src/ufs-srweather-app/regional_workflow/ush/link_fix.sh"

have been set as follows:

  declare -- verbose="TRUE"
  declare -- file_group="grid"
  declare -- output_varname_res_in_filenames=""
+ local valid_vals_verbose valid_vals_file_group fns fps run_task sfc_climo_fields num_fields i ii res_prev res fp_prev fp fn relative_or_null cres tmp fns_sfc_climo_with_halo_in_fn fns_sfc_climo_no_halo_in_fn target symlink
+ valid_vals_verbose=("TRUE" "FALSE")
+ check_var_valid_value verbose valid_vals_verbose
+ valid_vals_file_group=("grid" "orog" "sfc_climo")
+ check_var_valid_value file_group valid_vals_file_group
+ print_info_msg TRUE '
Creating links in the FIXLAM directory to the grid files...'

Creating links in the FIXLAM directory to the grid files...
+ case "${file_group}" in
+ fns=("C*${DOT_OR_USCORE}mosaic.halo${NHW}.nc" "C*${DOT_OR_USCORE}mosaic.halo${NH4}.nc" "C*${DOT_OR_USCORE}mosaic.halo${NH3}.nc" "C*${DOT_OR_USCORE}grid.tile${TILE_RGNL}.halo${NHW}.nc" "C*${DOT_OR_USCORE}grid.tile${TILE_RGNL}.halo${NH3}.nc" "C*${DOT_OR_USCORE}grid.tile${TILE_RGNL}.halo${NH4}.nc")
+ fps=("${fns[@]/#/${GRID_DIR}/}")
+ run_task=TRUE
+ i=0
+ res_prev=
+ res=
+ fp_prev=
+ for fp in ${fps[@]}
++ basename /tmp/docker/experiment/test9_CONUS_25km_GFSv15p2/grid/C403_mosaic.halo6.nc
+ fn=C403_mosaic.halo6.nc
++ printf %s C403_mosaic.halo6.nc
++ sed -n -r -e 's/^C([0-9]*).*/\1/p'
+ res=403
+ '[' -z 403 ']'
+ '[' 0 -gt 0 ']'
+ i=1
+ fp_prev=/tmp/docker/experiment/test9_CONUS_25km_GFSv15p2/grid/C403_mosaic.halo6.nc
+ res_prev=403
+ for fp in ${fps[@]}
++ basename /tmp/docker/experiment/test9_CONUS_25km_GFSv15p2/grid/C403_mosaic.halo4.nc
+ fn=C403_mosaic.halo4.nc
++ printf %s C403_mosaic.halo4.nc
++ sed -n -r -e 's/^C([0-9]*).*/\1/p'
+ res=403
+ '[' -z 403 ']'
+ '[' 1 -gt 0 ']'
+ '[' 403 '!=' 403 ']'
+ i=2
+ fp_prev=/tmp/docker/experiment/test9_CONUS_25km_GFSv15p2/grid/C403_mosaic.halo4.nc
+ res_prev=403
+ for fp in ${fps[@]}
++ basename /tmp/docker/experiment/test9_CONUS_25km_GFSv15p2/grid/C403_mosaic.halo3.nc
+ fn=C403_mosaic.halo3.nc
++ printf %s C403_mosaic.halo3.nc
++ sed -n -r -e 's/^C([0-9]*).*/\1/p'
+ res=403
+ '[' -z 403 ']'
+ '[' 2 -gt 0 ']'
+ '[' 403 '!=' 403 ']'
+ i=3
+ fp_prev=/tmp/docker/experiment/test9_CONUS_25km_GFSv15p2/grid/C403_mosaic.halo3.nc
+ res_prev=403
+ for fp in ${fps[@]}
++ basename /tmp/docker/experiment/test9_CONUS_25km_GFSv15p2/grid/C403_grid.tile7.halo6.nc
+ fn=C403_grid.tile7.halo6.nc
++ printf %s C403_grid.tile7.halo6.nc
++ sed -n -r -e 's/^C([0-9]*).*/\1/p'
+ res=403
+ '[' -z 403 ']'
+ '[' 3 -gt 0 ']'
+ '[' 403 '!=' 403 ']'
+ i=4
+ fp_prev=/tmp/docker/experiment/test9_CONUS_25km_GFSv15p2/grid/C403_grid.tile7.halo6.nc
+ res_prev=403
+ for fp in ${fps[@]}
++ basename /tmp/docker/experiment/test9_CONUS_25km_GFSv15p2/grid/C403_grid.tile7.halo3.nc
+ fn=C403_grid.tile7.halo3.nc
++ printf %s C403_grid.tile7.halo3.nc
++ sed -n -r -e 's/^C([0-9]*).*/\1/p'
+ res=403
+ '[' -z 403 ']'
+ '[' 4 -gt 0 ']'
+ '[' 403 '!=' 403 ']'
+ i=5
+ fp_prev=/tmp/docker/experiment/test9_CONUS_25km_GFSv15p2/grid/C403_grid.tile7.halo3.nc
+ res_prev=403
+ for fp in ${fps[@]}
++ basename /tmp/docker/experiment/test9_CONUS_25km_GFSv15p2/grid/C403_grid.tile7.halo4.nc
+ fn=C403_grid.tile7.halo4.nc
++ printf %s C403_grid.tile7.halo4.nc
++ sed -n -r -e 's/^C([0-9]*).*/\1/p'
+ res=403
+ '[' -z 403 ']'
+ '[' 5 -gt 0 ']'
+ '[' 403 '!=' 403 ']'
+ i=6
+ fp_prev=/tmp/docker/experiment/test9_CONUS_25km_GFSv15p2/grid/C403_grid.tile7.halo4.nc
+ res_prev=403
+ '[' '!' -z '' ']'
+ fps=("${fps[@]/\*/$res}")
+ cd_vrfy /tmp/docker/experiment/test9_CONUS_25km_GFSv15p2/fix_lam
+ relative_or_null=
+ '[' TRUE = TRUE ']'
+ '[' LINUX '!=' WCOSS_CRAY ']'
+ relative_or_null=--relative
+ for fp in "${fps[@]}"
+ '[' -f /tmp/docker/experiment/test9_CONUS_25km_GFSv15p2/grid/C403_mosaic.halo6.nc ']'
+ ln_vrfy -sf --relative /tmp/docker/experiment/test9_CONUS_25km_GFSv15p2/grid/C403_mosaic.halo6.nc .
+ for fp in "${fps[@]}"
+ '[' -f /tmp/docker/experiment/test9_CONUS_25km_GFSv15p2/grid/C403_mosaic.halo4.nc ']'
+ ln_vrfy -sf --relative /tmp/docker/experiment/test9_CONUS_25km_GFSv15p2/grid/C403_mosaic.halo4.nc .
+ for fp in "${fps[@]}"
+ '[' -f /tmp/docker/experiment/test9_CONUS_25km_GFSv15p2/grid/C403_mosaic.halo3.nc ']'
+ ln_vrfy -sf --relative /tmp/docker/experiment/test9_CONUS_25km_GFSv15p2/grid/C403_mosaic.halo3.nc .
+ for fp in "${fps[@]}"
+ '[' -f /tmp/docker/experiment/test9_CONUS_25km_GFSv15p2/grid/C403_grid.tile7.halo6.nc ']'
+ ln_vrfy -sf --relative /tmp/docker/experiment/test9_CONUS_25km_GFSv15p2/grid/C403_grid.tile7.halo6.nc .
+ for fp in "${fps[@]}"
+ '[' -f /tmp/docker/experiment/test9_CONUS_25km_GFSv15p2/grid/C403_grid.tile7.halo3.nc ']'
+ ln_vrfy -sf --relative /tmp/docker/experiment/test9_CONUS_25km_GFSv15p2/grid/C403_grid.tile7.halo3.nc .
+ for fp in "${fps[@]}"
+ '[' -f /tmp/docker/experiment/test9_CONUS_25km_GFSv15p2/grid/C403_grid.tile7.halo4.nc ']'
+ ln_vrfy -sf --relative /tmp/docker/experiment/test9_CONUS_25km_GFSv15p2/grid/C403_grid.tile7.halo4.nc .
+ cres=C403
+ '[' grid = grid ']'
+ target=C403_grid.tile7.halo4.nc
+ symlink=C403_grid.tile7.nc
+ '[' -f C403_grid.tile7.halo4.nc ']'
+ ln_vrfy -sf C403_grid.tile7.halo4.nc C403_grid.tile7.nc
+ '[' TRUE = TRUE ']'
+ '[' ESGgrid = GFDLgrid ']'
+ '[' grid = sfc_climo ']'
+ cd_vrfy -

"cd_vrfy" operation returned with a message.  This command was 
issued from function "link_fix" in file:

  "/usr/local/src/ufs-srweather-app/regional_workflow/ush/link_fix.sh"

Message from "cd_vrfy" function's "cd" operation:
  /usr/local/src/ufs-srweather-app/regional_workflow/ush/wrappers
++ readlink -f /usr/local/src/ufs-srweather-app/regional_workflow/ush/set_FV3nml_sfc_climo_filenames.sh
+ local scrfunc_fp=/usr/local/src/ufs-srweather-app/regional_workflow/ush/set_FV3nml_sfc_climo_filenames.sh
++ basename /usr/local/src/ufs-srweather-app/regional_workflow/ush/set_FV3nml_sfc_climo_filenames.sh
+ local scrfunc_fn=set_FV3nml_sfc_climo_filenames.sh
++ dirname /usr/local/src/ufs-srweather-app/regional_workflow/ush/set_FV3nml_sfc_climo_filenames.sh
+ local scrfunc_dir=/usr/local/src/ufs-srweather-app/regional_workflow/ush
+ local func_name=set_FV3nml_sfc_climo_filenames
+ valid_args=()
+ local valid_args
+ process_args valid_args
+ return
+ print_input_args valid_args

No arguments have been passed to function "set_FV3nml_sfc_climo_filenames" in file

  "/usr/local/src/ufs-srweather-app/regional_workflow/ush/set_FV3nml_sfc_climo_filenames.sh"

+ local regex_search suffix num_nml_vars mapping nml_var_name sfc_climo_field_name fp
+ regex_search='^[ ]*([^| ]+)[ ]*[|][ ]*([^| ]+)[ ]*$'
+ suffix=tileX.nc
+ settings=''\''namsfc'\'': {'
+ dummy_run_dir=/tmp/docker/experiment/test9_CONUS_25km_GFSv15p2/any_cyc
+ '[' FALSE = TRUE ']'
+ num_nml_vars=10
+ (( i=0 ))
+ (( i<10 ))
+ mapping='FNALBC  | snowfree_albedo'
++ printf '%s\n' 'FNALBC  | snowfree_albedo'
++ sed -n -r -e 's/^[ ]*([^| ]+)[ ]*[|][ ]*([^| ]+)[ ]*$/\1/p'
+ nml_var_name=FNALBC
++ printf '%s\n' 'FNALBC  | snowfree_albedo'
++ sed -n -r -e 's/^[ ]*([^| ]+)[ ]*[|][ ]*([^| ]+)[ ]*$/\2/p'
+ sfc_climo_field_name=snowfree_albedo
+ check_var_valid_value sfc_climo_field_name SFC_CLIMO_FIELDS
+ fp=/tmp/docker/experiment/test9_CONUS_25km_GFSv15p2/fix_lam/C403.snowfree_albedo.tileX.nc
+ '[' community '!=' nco ']'
++ realpath --canonicalize-missing --relative-to=/tmp/docker/experiment/test9_CONUS_25km_GFSv15p2/any_cyc /tmp/docker/experiment/test9_CONUS_25km_GFSv15p2/fix_lam/C403.snowfree_albedo.tileX.nc
+ fp=../fix_lam/C403.snowfree_albedo.tileX.nc
+ settings=''\''namsfc'\'': {
    '\''FNALBC'\'': ../fix_lam/C403.snowfree_albedo.tileX.nc,'
+ (( i++  ))
+ (( i<10 ))
+ mapping='FNALBC2 | facsf'
++ printf '%s\n' 'FNALBC2 | facsf'
++ sed -n -r -e 's/^[ ]*([^| ]+)[ ]*[|][ ]*([^| ]+)[ ]*$/\1/p'
+ nml_var_name=FNALBC2
++ printf '%s\n' 'FNALBC2 | facsf'
++ sed -n -r -e 's/^[ ]*([^| ]+)[ ]*[|][ ]*([^| ]+)[ ]*$/\2/p'
+ sfc_climo_field_name=facsf
+ check_var_valid_value sfc_climo_field_name SFC_CLIMO_FIELDS
+ fp=/tmp/docker/experiment/test9_CONUS_25km_GFSv15p2/fix_lam/C403.facsf.tileX.nc
+ '[' community '!=' nco ']'
++ realpath --canonicalize-missing --relative-to=/tmp/docker/experiment/test9_CONUS_25km_GFSv15p2/any_cyc /tmp/docker/experiment/test9_CONUS_25km_GFSv15p2/fix_lam/C403.facsf.tileX.nc
+ fp=../fix_lam/C403.facsf.tileX.nc
+ settings=''\''namsfc'\'': {
    '\''FNALBC'\'': ../fix_lam/C403.snowfree_albedo.tileX.nc,
    '\''FNALBC2'\'': ../fix_lam/C403.facsf.tileX.nc,'
+ (( i++  ))
+ (( i<10 ))
+ mapping='FNTG3C  | substrate_temperature'
++ printf '%s\n' 'FNTG3C  | substrate_temperature'
++ sed -n -r -e 's/^[ ]*([^| ]+)[ ]*[|][ ]*([^| ]+)[ ]*$/\1/p'
+ nml_var_name=FNTG3C
++ printf '%s\n' 'FNTG3C  | substrate_temperature'
++ sed -n -r -e 's/^[ ]*([^| ]+)[ ]*[|][ ]*([^| ]+)[ ]*$/\2/p'
+ sfc_climo_field_name=substrate_temperature
+ check_var_valid_value sfc_climo_field_name SFC_CLIMO_FIELDS
+ fp=/tmp/docker/experiment/test9_CONUS_25km_GFSv15p2/fix_lam/C403.substrate_temperature.tileX.nc
+ '[' community '!=' nco ']'
++ realpath --canonicalize-missing --relative-to=/tmp/docker/experiment/test9_CONUS_25km_GFSv15p2/any_cyc /tmp/docker/experiment/test9_CONUS_25km_GFSv15p2/fix_lam/C403.substrate_temperature.tileX.nc
+ fp=../fix_lam/C403.substrate_temperature.tileX.nc
+ settings=''\''namsfc'\'': {
    '\''FNALBC'\'': ../fix_lam/C403.snowfree_albedo.tileX.nc,
    '\''FNALBC2'\'': ../fix_lam/C403.facsf.tileX.nc,
    '\''FNTG3C'\'': ../fix_lam/C403.substrate_temperature.tileX.nc,'
+ (( i++  ))
+ (( i<10 ))
+ mapping='FNVEGC  | vegetation_greenness'
++ printf '%s\n' 'FNVEGC  | vegetation_greenness'
++ sed -n -r -e 's/^[ ]*([^| ]+)[ ]*[|][ ]*([^| ]+)[ ]*$/\1/p'
+ nml_var_name=FNVEGC
++ printf '%s\n' 'FNVEGC  | vegetation_greenness'
++ sed -n -r -e 's/^[ ]*([^| ]+)[ ]*[|][ ]*([^| ]+)[ ]*$/\2/p'
+ sfc_climo_field_name=vegetation_greenness
+ check_var_valid_value sfc_climo_field_name SFC_CLIMO_FIELDS
+ fp=/tmp/docker/experiment/test9_CONUS_25km_GFSv15p2/fix_lam/C403.vegetation_greenness.tileX.nc
+ '[' community '!=' nco ']'
++ realpath --canonicalize-missing --relative-to=/tmp/docker/experiment/test9_CONUS_25km_GFSv15p2/any_cyc /tmp/docker/experiment/test9_CONUS_25km_GFSv15p2/fix_lam/C403.vegetation_greenness.tileX.nc
+ fp=../fix_lam/C403.vegetation_greenness.tileX.nc
+ settings=''\''namsfc'\'': {
    '\''FNALBC'\'': ../fix_lam/C403.snowfree_albedo.tileX.nc,
    '\''FNALBC2'\'': ../fix_lam/C403.facsf.tileX.nc,
    '\''FNTG3C'\'': ../fix_lam/C403.substrate_temperature.tileX.nc,
    '\''FNVEGC'\'': ../fix_lam/C403.vegetation_greenness.tileX.nc,'
+ (( i++  ))
+ (( i<10 ))
+ mapping='FNVETC  | vegetation_type'
++ printf '%s\n' 'FNVETC  | vegetation_type'
++ sed -n -r -e 's/^[ ]*([^| ]+)[ ]*[|][ ]*([^| ]+)[ ]*$/\1/p'
+ nml_var_name=FNVETC
++ printf '%s\n' 'FNVETC  | vegetation_type'
++ sed -n -r -e 's/^[ ]*([^| ]+)[ ]*[|][ ]*([^| ]+)[ ]*$/\2/p'
+ sfc_climo_field_name=vegetation_type
+ check_var_valid_value sfc_climo_field_name SFC_CLIMO_FIELDS
+ fp=/tmp/docker/experiment/test9_CONUS_25km_GFSv15p2/fix_lam/C403.vegetation_type.tileX.nc
+ '[' community '!=' nco ']'
++ realpath --canonicalize-missing --relative-to=/tmp/docker/experiment/test9_CONUS_25km_GFSv15p2/any_cyc /tmp/docker/experiment/test9_CONUS_25km_GFSv15p2/fix_lam/C403.vegetation_type.tileX.nc
+ fp=../fix_lam/C403.vegetation_type.tileX.nc
+ settings=''\''namsfc'\'': {
    '\''FNALBC'\'': ../fix_lam/C403.snowfree_albedo.tileX.nc,
    '\''FNALBC2'\'': ../fix_lam/C403.facsf.tileX.nc,
    '\''FNTG3C'\'': ../fix_lam/C403.substrate_temperature.tileX.nc,
    '\''FNVEGC'\'': ../fix_lam/C403.vegetation_greenness.tileX.nc,
    '\''FNVETC'\'': ../fix_lam/C403.vegetation_type.tileX.nc,'
+ (( i++  ))
+ (( i<10 ))
+ mapping='FNSOTC  | soil_type'
++ printf '%s\n' 'FNSOTC  | soil_type'
++ sed -n -r -e 's/^[ ]*([^| ]+)[ ]*[|][ ]*([^| ]+)[ ]*$/\1/p'
+ nml_var_name=FNSOTC
++ printf '%s\n' 'FNSOTC  | soil_type'
++ sed -n -r -e 's/^[ ]*([^| ]+)[ ]*[|][ ]*([^| ]+)[ ]*$/\2/p'
+ sfc_climo_field_name=soil_type
+ check_var_valid_value sfc_climo_field_name SFC_CLIMO_FIELDS
+ fp=/tmp/docker/experiment/test9_CONUS_25km_GFSv15p2/fix_lam/C403.soil_type.tileX.nc
+ '[' community '!=' nco ']'
++ realpath --canonicalize-missing --relative-to=/tmp/docker/experiment/test9_CONUS_25km_GFSv15p2/any_cyc /tmp/docker/experiment/test9_CONUS_25km_GFSv15p2/fix_lam/C403.soil_type.tileX.nc
+ fp=../fix_lam/C403.soil_type.tileX.nc
+ settings=''\''namsfc'\'': {
    '\''FNALBC'\'': ../fix_lam/C403.snowfree_albedo.tileX.nc,
    '\''FNALBC2'\'': ../fix_lam/C403.facsf.tileX.nc,
    '\''FNTG3C'\'': ../fix_lam/C403.substrate_temperature.tileX.nc,
    '\''FNVEGC'\'': ../fix_lam/C403.vegetation_greenness.tileX.nc,
    '\''FNVETC'\'': ../fix_lam/C403.vegetation_type.tileX.nc,
    '\''FNSOTC'\'': ../fix_lam/C403.soil_type.tileX.nc,'
+ (( i++  ))
+ (( i<10 ))
+ mapping='FNVMNC  | vegetation_greenness'
++ printf '%s\n' 'FNVMNC  | vegetation_greenness'
++ sed -n -r -e 's/^[ ]*([^| ]+)[ ]*[|][ ]*([^| ]+)[ ]*$/\1/p'
+ nml_var_name=FNVMNC
++ printf '%s\n' 'FNVMNC  | vegetation_greenness'
++ sed -n -r -e 's/^[ ]*([^| ]+)[ ]*[|][ ]*([^| ]+)[ ]*$/\2/p'
+ sfc_climo_field_name=vegetation_greenness
+ check_var_valid_value sfc_climo_field_name SFC_CLIMO_FIELDS
+ fp=/tmp/docker/experiment/test9_CONUS_25km_GFSv15p2/fix_lam/C403.vegetation_greenness.tileX.nc
+ '[' community '!=' nco ']'
++ realpath --canonicalize-missing --relative-to=/tmp/docker/experiment/test9_CONUS_25km_GFSv15p2/any_cyc /tmp/docker/experiment/test9_CONUS_25km_GFSv15p2/fix_lam/C403.vegetation_greenness.tileX.nc
+ fp=../fix_lam/C403.vegetation_greenness.tileX.nc
+ settings=''\''namsfc'\'': {
    '\''FNALBC'\'': ../fix_lam/C403.snowfree_albedo.tileX.nc,
    '\''FNALBC2'\'': ../fix_lam/C403.facsf.tileX.nc,
    '\''FNTG3C'\'': ../fix_lam/C403.substrate_temperature.tileX.nc,
    '\''FNVEGC'\'': ../fix_lam/C403.vegetation_greenness.tileX.nc,
    '\''FNVETC'\'': ../fix_lam/C403.vegetation_type.tileX.nc,
    '\''FNSOTC'\'': ../fix_lam/C403.soil_type.tileX.nc,
    '\''FNVMNC'\'': ../fix_lam/C403.vegetation_greenness.tileX.nc,'
+ (( i++  ))
+ (( i<10 ))
+ mapping='FNVMXC  | vegetation_greenness'
++ printf '%s\n' 'FNVMXC  | vegetation_greenness'
++ sed -n -r -e 's/^[ ]*([^| ]+)[ ]*[|][ ]*([^| ]+)[ ]*$/\1/p'
+ nml_var_name=FNVMXC
++ printf '%s\n' 'FNVMXC  | vegetation_greenness'
++ sed -n -r -e 's/^[ ]*([^| ]+)[ ]*[|][ ]*([^| ]+)[ ]*$/\2/p'
+ sfc_climo_field_name=vegetation_greenness
+ check_var_valid_value sfc_climo_field_name SFC_CLIMO_FIELDS
+ fp=/tmp/docker/experiment/test9_CONUS_25km_GFSv15p2/fix_lam/C403.vegetation_greenness.tileX.nc
+ '[' community '!=' nco ']'
++ realpath --canonicalize-missing --relative-to=/tmp/docker/experiment/test9_CONUS_25km_GFSv15p2/any_cyc /tmp/docker/experiment/test9_CONUS_25km_GFSv15p2/fix_lam/C403.vegetation_greenness.tileX.nc
+ fp=../fix_lam/C403.vegetation_greenness.tileX.nc
+ settings=''\''namsfc'\'': {
    '\''FNALBC'\'': ../fix_lam/C403.snowfree_albedo.tileX.nc,
    '\''FNALBC2'\'': ../fix_lam/C403.facsf.tileX.nc,
    '\''FNTG3C'\'': ../fix_lam/C403.substrate_temperature.tileX.nc,
    '\''FNVEGC'\'': ../fix_lam/C403.vegetation_greenness.tileX.nc,
    '\''FNVETC'\'': ../fix_lam/C403.vegetation_type.tileX.nc,
    '\''FNSOTC'\'': ../fix_lam/C403.soil_type.tileX.nc,
    '\''FNVMNC'\'': ../fix_lam/C403.vegetation_greenness.tileX.nc,
    '\''FNVMXC'\'': ../fix_lam/C403.vegetation_greenness.tileX.nc,'
+ (( i++  ))
+ (( i<10 ))
+ mapping='FNSLPC  | slope_type'
++ printf '%s\n' 'FNSLPC  | slope_type'
++ sed -n -r -e 's/^[ ]*([^| ]+)[ ]*[|][ ]*([^| ]+)[ ]*$/\1/p'
+ nml_var_name=FNSLPC
++ printf '%s\n' 'FNSLPC  | slope_type'
++ sed -n -r -e 's/^[ ]*([^| ]+)[ ]*[|][ ]*([^| ]+)[ ]*$/\2/p'
+ sfc_climo_field_name=slope_type
+ check_var_valid_value sfc_climo_field_name SFC_CLIMO_FIELDS
+ fp=/tmp/docker/experiment/test9_CONUS_25km_GFSv15p2/fix_lam/C403.slope_type.tileX.nc
+ '[' community '!=' nco ']'
++ realpath --canonicalize-missing --relative-to=/tmp/docker/experiment/test9_CONUS_25km_GFSv15p2/any_cyc /tmp/docker/experiment/test9_CONUS_25km_GFSv15p2/fix_lam/C403.slope_type.tileX.nc
+ fp=../fix_lam/C403.slope_type.tileX.nc
+ settings=''\''namsfc'\'': {
    '\''FNALBC'\'': ../fix_lam/C403.snowfree_albedo.tileX.nc,
    '\''FNALBC2'\'': ../fix_lam/C403.facsf.tileX.nc,
    '\''FNTG3C'\'': ../fix_lam/C403.substrate_temperature.tileX.nc,
    '\''FNVEGC'\'': ../fix_lam/C403.vegetation_greenness.tileX.nc,
    '\''FNVETC'\'': ../fix_lam/C403.vegetation_type.tileX.nc,
    '\''FNSOTC'\'': ../fix_lam/C403.soil_type.tileX.nc,
    '\''FNVMNC'\'': ../fix_lam/C403.vegetation_greenness.tileX.nc,
    '\''FNVMXC'\'': ../fix_lam/C403.vegetation_greenness.tileX.nc,
    '\''FNSLPC'\'': ../fix_lam/C403.slope_type.tileX.nc,'
+ (( i++  ))
+ (( i<10 ))
+ mapping='FNABSC  | maximum_snow_albedo'
++ printf '%s\n' 'FNABSC  | maximum_snow_albedo'
++ sed -n -r -e 's/^[ ]*([^| ]+)[ ]*[|][ ]*([^| ]+)[ ]*$/\1/p'
+ nml_var_name=FNABSC
++ printf '%s\n' 'FNABSC  | maximum_snow_albedo'
++ sed -n -r -e 's/^[ ]*([^| ]+)[ ]*[|][ ]*([^| ]+)[ ]*$/\2/p'
+ sfc_climo_field_name=maximum_snow_albedo
+ check_var_valid_value sfc_climo_field_name SFC_CLIMO_FIELDS
+ fp=/tmp/docker/experiment/test9_CONUS_25km_GFSv15p2/fix_lam/C403.maximum_snow_albedo.tileX.nc
+ '[' community '!=' nco ']'
++ realpath --canonicalize-missing --relative-to=/tmp/docker/experiment/test9_CONUS_25km_GFSv15p2/any_cyc /tmp/docker/experiment/test9_CONUS_25km_GFSv15p2/fix_lam/C403.maximum_snow_albedo.tileX.nc
+ fp=../fix_lam/C403.maximum_snow_albedo.tileX.nc
+ settings=''\''namsfc'\'': {
    '\''FNALBC'\'': ../fix_lam/C403.snowfree_albedo.tileX.nc,
    '\''FNALBC2'\'': ../fix_lam/C403.facsf.tileX.nc,
    '\''FNTG3C'\'': ../fix_lam/C403.substrate_temperature.tileX.nc,
    '\''FNVEGC'\'': ../fix_lam/C403.vegetation_greenness.tileX.nc,
    '\''FNVETC'\'': ../fix_lam/C403.vegetation_type.tileX.nc,
    '\''FNSOTC'\'': ../fix_lam/C403.soil_type.tileX.nc,
    '\''FNVMNC'\'': ../fix_lam/C403.vegetation_greenness.tileX.nc,
    '\''FNVMXC'\'': ../fix_lam/C403.vegetation_greenness.tileX.nc,
    '\''FNSLPC'\'': ../fix_lam/C403.slope_type.tileX.nc,
    '\''FNABSC'\'': ../fix_lam/C403.maximum_snow_albedo.tileX.nc,'
+ (( i++  ))
+ (( i<10 ))
+ settings=''\''namsfc'\'': {
    '\''FNALBC'\'': ../fix_lam/C403.snowfree_albedo.tileX.nc,
    '\''FNALBC2'\'': ../fix_lam/C403.facsf.tileX.nc,
    '\''FNTG3C'\'': ../fix_lam/C403.substrate_temperature.tileX.nc,
    '\''FNVEGC'\'': ../fix_lam/C403.vegetation_greenness.tileX.nc,
    '\''FNVETC'\'': ../fix_lam/C403.vegetation_type.tileX.nc,
    '\''FNSOTC'\'': ../fix_lam/C403.soil_type.tileX.nc,
    '\''FNVMNC'\'': ../fix_lam/C403.vegetation_greenness.tileX.nc,
    '\''FNVMXC'\'': ../fix_lam/C403.vegetation_greenness.tileX.nc,
    '\''FNSLPC'\'': ../fix_lam/C403.slope_type.tileX.nc,
    '\''FNABSC'\'': ../fix_lam/C403.maximum_snow_albedo.tileX.nc,
  }'
+ print_info_msg TRUE '
The variable "settings" specifying values of the namelist variables
has been set as follows:

settings =
'\''namsfc'\'': {
    '\''FNALBC'\'': ../fix_lam/C403.snowfree_albedo.tileX.nc,
    '\''FNALBC2'\'': ../fix_lam/C403.facsf.tileX.nc,
    '\''FNTG3C'\'': ../fix_lam/C403.substrate_temperature.tileX.nc,
    '\''FNVEGC'\'': ../fix_lam/C403.vegetation_greenness.tileX.nc,
    '\''FNVETC'\'': ../fix_lam/C403.vegetation_type.tileX.nc,
    '\''FNSOTC'\'': ../fix_lam/C403.soil_type.tileX.nc,
    '\''FNVMNC'\'': ../fix_lam/C403.vegetation_greenness.tileX.nc,
    '\''FNVMXC'\'': ../fix_lam/C403.vegetation_greenness.tileX.nc,
    '\''FNSLPC'\'': ../fix_lam/C403.slope_type.tileX.nc,
    '\''FNABSC'\'': ../fix_lam/C403.maximum_snow_albedo.tileX.nc,
  }'

The variable "settings" specifying values of the namelist variables
has been set as follows:

settings =
'namsfc': {
    'FNALBC': ../fix_lam/C403.snowfree_albedo.tileX.nc,
    'FNALBC2': ../fix_lam/C403.facsf.tileX.nc,
    'FNTG3C': ../fix_lam/C403.substrate_temperature.tileX.nc,
    'FNVEGC': ../fix_lam/C403.vegetation_greenness.tileX.nc,
    'FNVETC': ../fix_lam/C403.vegetation_type.tileX.nc,
    'FNSOTC': ../fix_lam/C403.soil_type.tileX.nc,
    'FNVMNC': ../fix_lam/C403.vegetation_greenness.tileX.nc,
    'FNVMXC': ../fix_lam/C403.vegetation_greenness.tileX.nc,
    'FNSLPC': ../fix_lam/C403.slope_type.tileX.nc,
    'FNABSC': ../fix_lam/C403.maximum_snow_albedo.tileX.nc,
  }
+ fv3_nml_base_fp=/tmp/docker/experiment/test9_CONUS_25km_GFSv15p2/input.nml.base
+ mv_vrfy /tmp/docker/experiment/test9_CONUS_25km_GFSv15p2/input.nml /tmp/docker/experiment/test9_CONUS_25km_GFSv15p2/input.nml.base
+ /usr/local/src/ufs-srweather-app/regional_workflow/ush/set_namelist.py -q -n /tmp/docker/experiment/test9_CONUS_25km_GFSv15p2/input.nml.base -u ''\''namsfc'\'': {
    '\''FNALBC'\'': ../fix_lam/C403.snowfree_albedo.tileX.nc,
    '\''FNALBC2'\'': ../fix_lam/C403.facsf.tileX.nc,
    '\''FNTG3C'\'': ../fix_lam/C403.substrate_temperature.tileX.nc,
    '\''FNVEGC'\'': ../fix_lam/C403.vegetation_greenness.tileX.nc,
    '\''FNVETC'\'': ../fix_lam/C403.vegetation_type.tileX.nc,
    '\''FNSOTC'\'': ../fix_lam/C403.soil_type.tileX.nc,
    '\''FNVMNC'\'': ../fix_lam/C403.vegetation_greenness.tileX.nc,
    '\''FNVMXC'\'': ../fix_lam/C403.vegetation_greenness.tileX.nc,
    '\''FNSLPC'\'': ../fix_lam/C403.slope_type.tileX.nc,
    '\''FNABSC'\'': ../fix_lam/C403.maximum_snow_albedo.tileX.nc,
  }' -o /tmp/docker/experiment/test9_CONUS_25km_GFSv15p2/input.nml
+ rm_vrfy /tmp/docker/experiment/test9_CONUS_25km_GFSv15p2/input.nml.base
++ readlink -f /usr/local/src/ufs-srweather-app/regional_workflow/ush/create_diag_table_files.sh
+ local scrfunc_fp=/usr/local/src/ufs-srweather-app/regional_workflow/ush/create_diag_table_files.sh
++ basename /usr/local/src/ufs-srweather-app/regional_workflow/ush/create_diag_table_files.sh
+ local scrfunc_fn=create_diag_table_files.sh
++ dirname /usr/local/src/ufs-srweather-app/regional_workflow/ush/create_diag_table_files.sh
+ local scrfunc_dir=/usr/local/src/ufs-srweather-app/regional_workflow/ush
+ local func_name=create_diag_table_files
+ valid_args=()
+ local valid_args
+ process_args valid_args
+ return
+ print_input_args valid_args

No arguments have been passed to function "create_diag_table_files" in file

  "/usr/local/src/ufs-srweather-app/regional_workflow/ush/create_diag_table_files.sh"

+ local i cdate cycle_dir diag_table_fp settings
+ print_info_msg TRUE '                                            
Creating a diagnostics table file ("diag_table") within each cycle
directory...'
                                            
Creating a diagnostics table file ("diag_table") within each cycle
directory...
+ (( i=0 ))
+ (( i<1 ))
+ cdate=2019061500
+ cycle_dir=/tmp/docker/experiment/test9_CONUS_25km_GFSv15p2/2019061500
+ diag_table_fp=/tmp/docker/experiment/test9_CONUS_25km_GFSv15p2/2019061500/diag_table
+ print_info_msg TRUE '
Using the template diagnostics table file:

    diag_table_tmpl_fp = /usr/local/src/ufs-srweather-app/regional_workflow/ush/templates/diag_table.FV3_GFS_v15p2

to create:

    diag_table_fp = "/tmp/docker/experiment/test9_CONUS_25km_GFSv15p2/2019061500/diag_table"'

Using the template diagnostics table file:

    diag_table_tmpl_fp = /usr/local/src/ufs-srweather-app/regional_workflow/ush/templates/diag_table.FV3_GFS_v15p2

to create:

    diag_table_fp = "/tmp/docker/experiment/test9_CONUS_25km_GFSv15p2/2019061500/diag_table"
+ settings='
  starttime: !datetime 2019061500
  cres: C403
'
+ /usr/local/src/ufs-srweather-app/regional_workflow/ush/fill_jinja_template.py -q -u '
  starttime: !datetime 2019061500
  cres: C403
' -t /usr/local/src/ufs-srweather-app/regional_workflow/ush/templates/diag_table.FV3_GFS_v15p2 -o /tmp/docker/experiment/test9_CONUS_25km_GFSv15p2/2019061500/diag_table
+ (( i++  ))
+ (( i<1 ))

========================================================================
Grid files with various halo widths generated successfully!!!

Exiting script:  "exregional_make_grid.sh"
In directory:    "/usr/local/src/ufs-srweather-app/regional_workflow/scripts"
========================================================================

========================================================================
Exiting script:  "JREGIONAL_MAKE_GRID"
In directory:    "/usr/local/src/ufs-srweather-app/regional_workflow/jobs"
========================================================================
