+ source /tmp/docker/experiment/test9_CONUS_25km_GFSv15p2/var_defns.sh
++ RUN_ENVIR=community
++ MACHINE=LINUX
++ ACCOUNT=an_account
++ WORKFLOW_MANAGER=none
++ SCHED=none
++ PARTITION_DEFAULT=
++ CLUSTERS_DEFAULT=
++ QUEUE_DEFAULT=
++ PARTITION_HPSS=
++ CLUSTERS_HPSS=
++ QUEUE_HPSS=
++ PARTITION_FCST=
++ CLUSTERS_FCST=
++ QUEUE_FCST=
++ RUN_CMD_UTILS='mpirun -np 12'
++ RUN_CMD_POST='mpirun -np 12'
++ USE_CRON_TO_RELAUNCH=FALSE
++ CRON_RELAUNCH_INTVL_MNTS=03
++ EXPT_BASEDIR=/tmp/docker/experiment
++ EXPT_SUBDIR=test9_CONUS_25km_GFSv15p2
++ COMINgfs=/base/path/of/directory/containing/gfs/input/files
++ STMP=/tmp/docker/stmp
++ NET=rrfs
++ envir=para
++ RUN=experiment_name
++ PTMP=/tmp/docker/ptmp
++ DOT_OR_USCORE=_
++ EXPT_CONFIG_FN=config.sh
++ RGNL_GRID_NML_FN=regional_grid.nml
++ DATA_TABLE_FN=data_table
++ DIAG_TABLE_FN=diag_table
++ FIELD_TABLE_FN=field_table
++ FV3_NML_BASE_SUITE_FN=input.nml.FV3
++ FV3_NML_YAML_CONFIG_FN=FV3.input.yml
++ FV3_NML_BASE_ENS_FN=input.nml.base_ens
++ MODEL_CONFIG_FN=model_configure
++ NEMS_CONFIG_FN=nems.configure
++ FV3_EXEC_FN=NEMS.exe
++ WFLOW_XML_FN=FV3LAM_wflow.xml
++ GLOBAL_VAR_DEFNS_FN=var_defns.sh
++ EXTRN_MDL_ICS_VAR_DEFNS_FN=extrn_mdl_ics_var_defns.sh
++ EXTRN_MDL_LBCS_VAR_DEFNS_FN=extrn_mdl_lbcs_var_defns.sh
++ WFLOW_LAUNCH_SCRIPT_FN=launch_FV3LAM_wflow.sh
++ WFLOW_LAUNCH_LOG_FN=log.launch_FV3LAM_wflow
++ DATE_FIRST_CYCL=20190615
++ DATE_LAST_CYCL=20190615
++ CYCL_HRS=00
++ FCST_LEN_HRS=6
++ EXTRN_MDL_NAME_ICS=FV3GFS
++ EXTRN_MDL_NAME_LBCS=FV3GFS
++ LBC_SPEC_INTVL_HRS=6
++ FV3GFS_FILE_FMT_ICS=grib2
++ FV3GFS_FILE_FMT_LBCS=grib2
++ NOMADS=FALSE
++ NOMADS_file_type=nemsio
++ USE_USER_STAGED_EXTRN_FILES=TRUE
++ EXTRN_MDL_SOURCE_BASEDIR_ICS=/tmp/docker/model_data/FV3GFS
++ EXTRN_MDL_FILES_ICS=gfs.pgrb2.0p25.f000
++ EXTRN_MDL_SOURCE_BASEDIR_LBCS=/tmp/docker/model_data/FV3GFS
++ EXTRN_MDL_FILES_LBCS=("gfs.pgrb2.0p25.f006" "gfs.pgrb2.0p25.f012" "gfs.pgrb2.0p25.f018" "gfs.pgrb2.0p25.f024" "gfs.pgrb2.0p25.f030" "gfs.pgrb2.0p25.f036" "gfs.pgrb2.0p25.f042" "gfs.pgrb2.0p25.f048")
++ CCPP_PHYS_SUITE=FV3_GFS_v15p2
++ GRID_GEN_METHOD=ESGgrid
++ GFDLgrid_LON_T6_CTR=
++ GFDLgrid_LAT_T6_CTR=
++ GFDLgrid_RES=
++ GFDLgrid_STRETCH_FAC=
++ GFDLgrid_REFINE_RATIO=
++ GFDLgrid_ISTART_OF_RGNL_DOM_ON_T6G=
++ GFDLgrid_IEND_OF_RGNL_DOM_ON_T6G=
++ GFDLgrid_JSTART_OF_RGNL_DOM_ON_T6G=
++ GFDLgrid_JEND_OF_RGNL_DOM_ON_T6G=
++ GFDLgrid_USE_GFDLgrid_RES_IN_FILENAMES=
++ ESGgrid_LON_CTR=-97.5
++ ESGgrid_LAT_CTR=38.55
++ ESGgrid_DELX=25000.0
++ ESGgrid_DELY=25000.0
++ ESGgrid_NX=202
++ ESGgrid_NY=117
++ ESGgrid_WIDE_HALO_WIDTH=6
++ DT_ATMOS=300
++ LAYOUT_X=5
++ LAYOUT_Y=2
++ BLOCKSIZE=40
++ QUILTING=TRUE
++ PRINT_ESMF=FALSE
++ WRTCMP_write_groups=1
++ WRTCMP_write_tasks_per_group=2
++ WRTCMP_output_grid=lambert_conformal
++ WRTCMP_cen_lon=-97.5
++ WRTCMP_cen_lat=38.52
++ WRTCMP_lon_lwr_left=-121.34461033
++ WRTCMP_lat_lwr_left=22.95987123
++ WRTCMP_lon_upr_rght=
++ WRTCMP_lat_upr_rght=
++ WRTCMP_dlon=
++ WRTCMP_dlat=
++ WRTCMP_stdlat1=38.52
++ WRTCMP_stdlat2=38.52
++ WRTCMP_nx=201
++ WRTCMP_ny=115
++ WRTCMP_dx=25000.0
++ WRTCMP_dy=25000.0
++ PREDEF_GRID_NAME=RRFS_CONUS_25km
++ PREEXISTING_DIR_METHOD=rename
++ VERBOSE=TRUE
++ RUN_TASK_MAKE_GRID=TRUE
++ GRID_DIR=/tmp/docker/experiment/test9_CONUS_25km_GFSv15p2/grid
++ RUN_TASK_MAKE_OROG=TRUE
++ OROG_DIR=/tmp/docker/experiment/test9_CONUS_25km_GFSv15p2/orog
++ RUN_TASK_MAKE_SFC_CLIMO=TRUE
++ SFC_CLIMO_DIR=/tmp/docker/experiment/test9_CONUS_25km_GFSv15p2/sfc_climo
++ SFC_CLIMO_FIELDS=("facsf" "maximum_snow_albedo" "slope_type" "snowfree_albedo" "soil_type" "substrate_temperature" "vegetation_greenness" "vegetation_type")
++ FIXgsm=/tmp/docker/fix_am
++ TOPO_DIR=/tmp/docker/fix_orog
++ SFC_CLIMO_INPUT_DIR=/tmp/docker/fix_sfc_climo
++ FNGLAC=global_glacier.2x2.grb
++ FNMXIC=global_maxice.2x2.grb
++ FNTSFC=RTGSST.1982.2012.monthly.clim.grb
++ FNSNOC=global_snoclim.1.875.grb
++ FNZORC=igbp
++ FNAISC=CFSR.SEAICE.1982.2012.monthly.clim.grb
++ FNSMCC=global_soilmgldas.t126.384.190.grb
++ FNMSKH=seaice_newland.grb
++ FIXgsm_FILES_TO_COPY_TO_FIXam=("global_glacier.2x2.grb" "global_maxice.2x2.grb" "RTGSST.1982.2012.monthly.clim.grb" "global_snoclim.1.875.grb" "CFSR.SEAICE.1982.2012.monthly.clim.grb" "global_soilmgldas.t126.384.190.grb" "seaice_newland.grb" "global_climaeropac_global.txt" "fix_co2_proj/global_co2historicaldata_2010.txt" "fix_co2_proj/global_co2historicaldata_2011.txt" "fix_co2_proj/global_co2historicaldata_2012.txt" "fix_co2_proj/global_co2historicaldata_2013.txt" "fix_co2_proj/global_co2historicaldata_2014.txt" "fix_co2_proj/global_co2historicaldata_2015.txt" "fix_co2_proj/global_co2historicaldata_2016.txt" "fix_co2_proj/global_co2historicaldata_2017.txt" "fix_co2_proj/global_co2historicaldata_2018.txt" "global_co2historicaldata_glob.txt" "co2monthlycyc.txt" "global_h2o_pltc.f77" "global_hyblev.l65.txt" "global_zorclim.1x1.grb" "global_sfc_emissivity_idx.txt" "global_solarconstant_noaa_an.txt" "ozprdlos_2015_new_sbuvO3_tclm15_nuchem.f77")
++ FV3_NML_VARNAME_TO_FIXam_FILES_MAPPING=("FNGLAC | global_glacier.2x2.grb" "FNMXIC | global_maxice.2x2.grb" "FNTSFC | RTGSST.1982.2012.monthly.clim.grb" "FNSNOC | global_snoclim.1.875.grb" "FNAISC | CFSR.SEAICE.1982.2012.monthly.clim.grb" "FNSMCC | global_soilmgldas.t126.384.190.grb" "FNMSKH | seaice_newland.grb")
++ FV3_NML_VARNAME_TO_SFC_CLIMO_FIELD_MAPPING=("FNALBC  | snowfree_albedo" "FNALBC2 | facsf" "FNTG3C  | substrate_temperature" "FNVEGC  | vegetation_greenness" "FNVETC  | vegetation_type" "FNSOTC  | soil_type" "FNVMNC  | vegetation_greenness" "FNVMXC  | vegetation_greenness" "FNSLPC  | slope_type" "FNABSC  | maximum_snow_albedo")
++ CYCLEDIR_LINKS_TO_FIXam_FILES_MAPPING=("aerosol.dat                | global_climaeropac_global.txt" "co2historicaldata_2010.txt | fix_co2_proj/global_co2historicaldata_2010.txt" "co2historicaldata_2011.txt | fix_co2_proj/global_co2historicaldata_2011.txt" "co2historicaldata_2012.txt | fix_co2_proj/global_co2historicaldata_2012.txt" "co2historicaldata_2013.txt | fix_co2_proj/global_co2historicaldata_2013.txt" "co2historicaldata_2014.txt | fix_co2_proj/global_co2historicaldata_2014.txt" "co2historicaldata_2015.txt | fix_co2_proj/global_co2historicaldata_2015.txt" "co2historicaldata_2016.txt | fix_co2_proj/global_co2historicaldata_2016.txt" "co2historicaldata_2017.txt | fix_co2_proj/global_co2historicaldata_2017.txt" "co2historicaldata_2018.txt | fix_co2_proj/global_co2historicaldata_2018.txt" "co2historicaldata_glob.txt | global_co2historicaldata_glob.txt" "co2monthlycyc.txt          | co2monthlycyc.txt" "global_h2oprdlos.f77       | global_h2o_pltc.f77" "global_zorclim.1x1.grb     | global_zorclim.1x1.grb" "sfc_emissivity_idx.txt     | global_sfc_emissivity_idx.txt" "solarconstant_noaa_an.txt  | global_solarconstant_noaa_an.txt" "global_o3prdlos.f77        | ozprdlos_2015_new_sbuvO3_tclm15_nuchem.f77")
++ MAKE_GRID_TN=make_grid
++ MAKE_OROG_TN=make_orog
++ MAKE_SFC_CLIMO_TN=make_sfc_climo
++ GET_EXTRN_ICS_TN=get_extrn_ics
++ GET_EXTRN_LBCS_TN=get_extrn_lbcs
++ MAKE_ICS_TN=make_ics
++ MAKE_LBCS_TN=make_lbcs
++ RUN_FCST_TN=run_fcst
++ RUN_POST_TN=run_post
++ NNODES_MAKE_GRID=1
++ NNODES_MAKE_OROG=1
++ NNODES_MAKE_SFC_CLIMO=2
++ NNODES_GET_EXTRN_ICS=1
++ NNODES_GET_EXTRN_LBCS=1
++ NNODES_MAKE_ICS=4
++ NNODES_MAKE_LBCS=4
++ NNODES_RUN_FCST=1
++ NNODES_RUN_POST=2
++ PPN_MAKE_GRID=24
++ PPN_MAKE_OROG=24
++ PPN_MAKE_SFC_CLIMO=24
++ PPN_GET_EXTRN_ICS=1
++ PPN_GET_EXTRN_LBCS=1
++ PPN_MAKE_ICS=12
++ PPN_MAKE_LBCS=12
++ PPN_RUN_FCST=24
++ PPN_RUN_POST=24
++ WTIME_MAKE_GRID=00:20:00
++ WTIME_MAKE_OROG=00:20:00
++ WTIME_MAKE_SFC_CLIMO=00:20:00
++ WTIME_GET_EXTRN_ICS=00:45:00
++ WTIME_GET_EXTRN_LBCS=00:45:00
++ WTIME_MAKE_ICS=00:30:00
++ WTIME_MAKE_LBCS=00:30:00
++ WTIME_RUN_FCST=01:00:00
++ WTIME_RUN_POST=00:15:00
++ MAXTRIES_MAKE_GRID=1
++ MAXTRIES_MAKE_OROG=1
++ MAXTRIES_MAKE_SFC_CLIMO=1
++ MAXTRIES_GET_EXTRN_ICS=1
++ MAXTRIES_GET_EXTRN_LBCS=1
++ MAXTRIES_MAKE_ICS=1
++ MAXTRIES_MAKE_LBCS=1
++ MAXTRIES_RUN_FCST=1
++ MAXTRIES_RUN_POST=1
++ USE_CUSTOM_POST_CONFIG_FILE=FALSE
++ CUSTOM_POST_CONFIG_FP=
++ DO_ENSEMBLE=FALSE
++ NUM_ENS_MEMBERS=1
++ DO_SHUM=FALSE
++ DO_SPPT=FALSE
++ DO_SKEB=FALSE
++ SHUM_MAG=-999.0
++ SHUM_LSCALE=150000
++ SHUM_TSCALE=21600
++ SHUM_INT=3600
++ SPPT_MAG=-999.0
++ SPPT_LSCALE=150000
++ SPPT_TSCALE=21600
++ SPPT_INT=3600
++ SKEB_MAG=-999.0
++ SKEB_LSCALE=150000
++ SKEB_TSCALE=21600
++ SKEB_INT=3600
++ SKEB_VDOF=10
++ USE_ZMTNBLCK=false
++ HALO_BLEND=10
++ USE_FVCOM=FALSE
++ FVCOM_DIR=/user/defined/dir/to/fvcom/data
++ FVCOM_FILE=fvcom.nc
++ COMPILER=intel
++ WFLOW_LAUNCH_SCRIPT_FP=/usr/local/src/ufs-srweather-app/regional_workflow/ush/launch_FV3LAM_wflow.sh
++ WFLOW_LAUNCH_LOG_FP=/tmp/docker/experiment/test9_CONUS_25km_GFSv15p2/log.launch_FV3LAM_wflow
++ CRONTAB_LINE=
++ SR_WX_APP_TOP_DIR=/usr/local/src/ufs-srweather-app
++ HOMErrfs=/usr/local/src/ufs-srweather-app/regional_workflow
++ USHDIR=/usr/local/src/ufs-srweather-app/regional_workflow/ush
++ SCRIPTSDIR=/usr/local/src/ufs-srweather-app/regional_workflow/scripts
++ JOBSDIR=/usr/local/src/ufs-srweather-app/regional_workflow/jobs
++ SORCDIR=/usr/local/src/ufs-srweather-app/regional_workflow/sorc
++ SRC_DIR=/usr/local/src/ufs-srweather-app/src
++ PARMDIR=/usr/local/src/ufs-srweather-app/regional_workflow/parm
++ MODULES_DIR=/usr/local/src/ufs-srweather-app/regional_workflow/modulefiles
++ EXECDIR=/usr/local/src/ufs-srweather-app/bin
++ FIXrrfs=/usr/local/src/ufs-srweather-app/regional_workflow/fix
++ FIXam=/tmp/docker/experiment/test9_CONUS_25km_GFSv15p2/fix_am
++ FIXLAM=/tmp/docker/experiment/test9_CONUS_25km_GFSv15p2/fix_lam
++ FIXgsm=/tmp/docker/fix_am
++ COMROOT=
++ COMOUT_BASEDIR=
++ TEMPLATE_DIR=/usr/local/src/ufs-srweather-app/regional_workflow/ush/templates
++ UFS_WTHR_MDL_DIR=/usr/local/src/ufs-srweather-app/src/ufs_weather_model
++ UFS_UTILS_DIR=/usr/local/src/ufs-srweather-app/src/UFS_UTILS
++ SFC_CLIMO_INPUT_DIR=/tmp/docker/fix_sfc_climo
++ TOPO_DIR=/tmp/docker/fix_orog
++ EMC_POST_DIR=/usr/local/src/ufs-srweather-app/src/EMC_post
++ EXPTDIR=/tmp/docker/experiment/test9_CONUS_25km_GFSv15p2
++ LOGDIR=/tmp/docker/experiment/test9_CONUS_25km_GFSv15p2/log
++ CYCLE_BASEDIR=/tmp/docker/experiment/test9_CONUS_25km_GFSv15p2
++ GRID_DIR=/tmp/docker/experiment/test9_CONUS_25km_GFSv15p2/grid
++ OROG_DIR=/tmp/docker/experiment/test9_CONUS_25km_GFSv15p2/orog
++ SFC_CLIMO_DIR=/tmp/docker/experiment/test9_CONUS_25km_GFSv15p2/sfc_climo
++ NDIGITS_ENSMEM_NAMES=0
++ ENSMEM_NAMES=("")
++ FV3_NML_ENSMEM_FPS=("")
++ GLOBAL_VAR_DEFNS_FP=/tmp/docker/experiment/test9_CONUS_25km_GFSv15p2/var_defns.sh
++ DATA_TABLE_TMPL_FN=data_table
++ DIAG_TABLE_TMPL_FN=diag_table.FV3_GFS_v15p2
++ FIELD_TABLE_TMPL_FN=field_table.FV3_GFS_v15p2
++ MODEL_CONFIG_TMPL_FN=model_configure
++ NEMS_CONFIG_TMPL_FN=nems.configure
++ DATA_TABLE_TMPL_FP=/usr/local/src/ufs-srweather-app/regional_workflow/ush/templates/data_table
++ DIAG_TABLE_TMPL_FP=/usr/local/src/ufs-srweather-app/regional_workflow/ush/templates/diag_table.FV3_GFS_v15p2
++ FIELD_TABLE_TMPL_FP=/usr/local/src/ufs-srweather-app/regional_workflow/ush/templates/field_table.FV3_GFS_v15p2
++ FV3_NML_BASE_SUITE_FP=/usr/local/src/ufs-srweather-app/regional_workflow/ush/templates/input.nml.FV3
++ FV3_NML_YAML_CONFIG_FP=/usr/local/src/ufs-srweather-app/regional_workflow/ush/templates/FV3.input.yml
++ FV3_NML_BASE_ENS_FP=/tmp/docker/experiment/test9_CONUS_25km_GFSv15p2/input.nml.base_ens
++ MODEL_CONFIG_TMPL_FP=/usr/local/src/ufs-srweather-app/regional_workflow/ush/templates/model_configure
++ NEMS_CONFIG_TMPL_FP=/usr/local/src/ufs-srweather-app/regional_workflow/ush/templates/nems.configure
++ CCPP_PHYS_SUITE_FN=suite_FV3_GFS_v15p2.xml
++ CCPP_PHYS_SUITE_IN_CCPP_FP=/usr/local/src/ufs-srweather-app/src/ufs_weather_model/FV3/ccpp/suites/suite_FV3_GFS_v15p2.xml
++ CCPP_PHYS_SUITE_FP=/tmp/docker/experiment/test9_CONUS_25km_GFSv15p2/suite_FV3_GFS_v15p2.xml
++ DATA_TABLE_FP=/tmp/docker/experiment/test9_CONUS_25km_GFSv15p2/data_table
++ FIELD_TABLE_FP=/tmp/docker/experiment/test9_CONUS_25km_GFSv15p2/field_table
++ FV3_NML_FN=input.nml
++ FV3_NML_FP=/tmp/docker/experiment/test9_CONUS_25km_GFSv15p2/input.nml
++ NEMS_CONFIG_FP=/tmp/docker/experiment/test9_CONUS_25km_GFSv15p2/nems.configure
++ FV3_EXEC_FP=/usr/local/src/ufs-srweather-app/bin/NEMS.exe
++ LOAD_MODULES_RUN_TASK_FP=/usr/local/src/ufs-srweather-app/regional_workflow/ush/load_modules_run_task.sh
++ GTYPE=regional
++ TILE_RGNL=7
++ NH0=0
++ NH3=3
++ NH4=4
++ LON_CTR=-97.5
++ LAT_CTR=38.55
++ NX=202
++ NY=117
++ NHW=6
++ STRETCH_FAC=0.999
++ RES_IN_FIXLAM_FILENAMES=
++ CRES=C403
++ DEL_ANGLE_X_SG=0.1124152007
++ DEL_ANGLE_Y_SG=0.1124152007
++ NEG_NX_OF_DOM_WITH_WIDE_HALO=-214
++ NEG_NY_OF_DOM_WITH_WIDE_HALO=-129
++ OZONE_PARAM=ozphys_2015
++ EXTRN_MDL_SYSBASEDIR_ICS=
++ EXTRN_MDL_SYSBASEDIR_LBCS=
++ EXTRN_MDL_LBCS_OFFSET_HRS=0
++ LBC_SPEC_FCST_HRS=(6)
++ NUM_CYCLES=1
++ ALL_CDATES=("2019061500")
++ USE_FVCOM=FALSE
++ FVCOM_DIR=/user/defined/dir/to/fvcom/data
++ FVCOM_FILE=fvcom.nc
++ NCORES_PER_NODE=
++ PE_MEMBER01=12
++ RUN_CMD_FCST='mpirun -np 12'
+ export CDATE=2019061500
+ CDATE=2019061500
+ export CYCLE_DIR=/tmp/docker/experiment/test9_CONUS_25km_GFSv15p2/2019061500
+ CYCLE_DIR=/tmp/docker/experiment/test9_CONUS_25km_GFSv15p2/2019061500
+ export SLASH_ENSMEM_SUBDIR=
+ SLASH_ENSMEM_SUBDIR=
+ export ENSMEM_INDX=
+ ENSMEM_INDX=
+ /usr/local/src/ufs-srweather-app/regional_workflow/jobs/JREGIONAL_RUN_FCST

========================================================================
Entering script:  "JREGIONAL_RUN_FCST"
In directory:     "/usr/local/src/ufs-srweather-app/regional_workflow/jobs"

This is the J-job script for the task that runs a forecast with FV3 for 
the specified cycle.
========================================================================

========================================================================
Entering script:  "exregional_run_fcst.sh"
In directory:     "/usr/local/src/ufs-srweather-app/regional_workflow/scripts"

This is the ex-script for the task that runs a forecast with FV3 for the
specified cycle.
========================================================================

The arguments to the script in file

  "/usr/local/src/ufs-srweather-app/regional_workflow/scripts/exregional_run_fcst.sh"

have been set as follows:

  declare -- cdate="2019061500"
  declare -- cycle_dir="/tmp/docker/experiment/test9_CONUS_25km_GFSv15p2/2019061500"
  declare -- ensmem_indx=""
  declare -- slash_ensmem_subdir=""

Creating links in the INPUT subdirectory of the current run directory to
the grid and (filtered) orography files ...

Creating links with names that FV3 looks for in the INPUT subdirectory
of the current run directory (run_dir), where
  run_dir = "/tmp/docker/experiment/test9_CONUS_25km_GFSv15p2/2019061500"
...

Creating links in the current run directory (run_dir) to fixed (i.e.
static) files in the FIXam directory:
  FIXam = "/tmp/docker/experiment/test9_CONUS_25km_GFSv15p2/fix_am"
  run_dir = "/tmp/docker/experiment/test9_CONUS_25km_GFSv15p2/2019061500"

Creating links in the current run directory to cycle-independent model
input files in the main experiment directory...
++ readlink -f /usr/local/src/ufs-srweather-app/regional_workflow/ush/create_model_configure_file.sh
+ local scrfunc_fp=/usr/local/src/ufs-srweather-app/regional_workflow/ush/create_model_configure_file.sh
++ basename /usr/local/src/ufs-srweather-app/regional_workflow/ush/create_model_configure_file.sh
+ local scrfunc_fn=create_model_configure_file.sh
++ dirname /usr/local/src/ufs-srweather-app/regional_workflow/ush/create_model_configure_file.sh
+ local scrfunc_dir=/usr/local/src/ufs-srweather-app/regional_workflow/ush
+ local func_name=create_model_configure_file
+ valid_args=(cdate run_dir nthreads)
+ local valid_args
+ process_args valid_args cdate=2019061500 nthreads=1 run_dir=/tmp/docker/experiment/test9_CONUS_25km_GFSv15p2/2019061500
+ print_input_args valid_args

The arguments to function "create_model_configure_file" in file

  "/usr/local/src/ufs-srweather-app/regional_workflow/ush/create_model_configure_file.sh"

have been set as follows:

  declare -- cdate="2019061500"
  declare -- run_dir="/tmp/docker/experiment/test9_CONUS_25km_GFSv15p2/2019061500"
  declare -- nthreads="1"
+ local write_groups write_tasks_per_group cen_lon cen_lat lon_lwr_left lat_lwr_left lon_upr_rght lat_upr_rght stdlat1 stdlat2 nx ny dx dy dlon dlat yyyy mm dd hh quilting print_esmf settings model_config_fp
+ write_groups=
+ write_tasks_per_group=
+ cen_lon=
+ cen_lat=
+ lon_lwr_left=
+ lat_lwr_left=
+ lon_upr_rght=
+ lat_upr_rght=
+ stdlat1=
+ stdlat2=
+ nx=
+ ny=
+ dx=
+ dy=
+ dlon=
+ dlat=
+ '[' TRUE = TRUE ']'
+ write_groups=1
+ write_tasks_per_group=2
+ cen_lon=-97.5
+ cen_lat=38.52
+ lon_lwr_left=-121.34461033
+ lat_lwr_left=22.95987123
+ '[' lambert_conformal = lambert_conformal ']'
+ stdlat1=38.52
+ stdlat2=38.52
+ nx=201
+ ny=115
+ dx=25000.0
+ dy=25000.0
+ yyyy=2019
+ mm=06
+ dd=15
+ hh=00
++ echo_lowercase TRUE
+ quilting=true
++ echo_lowercase FALSE
+ print_esmf=false
+ print_info_msg TRUE '
Creating a model configuration file ("model_configure") in the specified
run directory (run_dir):
  run_dir = "/tmp/docker/experiment/test9_CONUS_25km_GFSv15p2/2019061500"'

Creating a model configuration file ("model_configure") in the specified
run directory (run_dir):
  run_dir = "/tmp/docker/experiment/test9_CONUS_25km_GFSv15p2/2019061500"
+ settings='  '\''PE_MEMBER01'\'': 12
  '\''start_year'\'': 2019
  '\''start_month'\'': 06
  '\''start_day'\'': 15
  '\''start_hour'\'': 00
  '\''nhours_fcst'\'': 6
  '\''dt_atmos'\'': 300
  '\''atmos_nthreads'\'': 1
  '\''ncores_per_node'\'': 
  '\''quilting'\'': true
  '\''print_esmf'\'': false
  '\''output_grid'\'': lambert_conformal
  '\''write_groups'\'': 1
  '\''write_tasks_per_group'\'': 2
  '\''cen_lon'\'': -97.5
  '\''cen_lat'\'': 38.52
  '\''lon1'\'': -121.34461033
  '\''lat1'\'': 22.95987123
  '\''stdlat1'\'': 38.52
  '\''stdlat2'\'': 38.52
  '\''nx'\'': 201
  '\''ny'\'': 115
  '\''dx'\'': 25000.0
  '\''dy'\'': 25000.0
  '\''lon2'\'': 
  '\''lat2'\'': 
  '\''dlon'\'': 
  '\''dlat'\'': '
+ print_info_msg TRUE '
The variable "settings" specifying values to be used in the "model_configure"
file has been set as follows:
#-----------------------------------------------------------------------
settings =
  '\''PE_MEMBER01'\'': 12
  '\''start_year'\'': 2019
  '\''start_month'\'': 06
  '\''start_day'\'': 15
  '\''start_hour'\'': 00
  '\''nhours_fcst'\'': 6
  '\''dt_atmos'\'': 300
  '\''atmos_nthreads'\'': 1
  '\''ncores_per_node'\'': 
  '\''quilting'\'': true
  '\''print_esmf'\'': false
  '\''output_grid'\'': lambert_conformal
  '\''write_groups'\'': 1
  '\''write_tasks_per_group'\'': 2
  '\''cen_lon'\'': -97.5
  '\''cen_lat'\'': 38.52
  '\''lon1'\'': -121.34461033
  '\''lat1'\'': 22.95987123
  '\''stdlat1'\'': 38.52
  '\''stdlat2'\'': 38.52
  '\''nx'\'': 201
  '\''ny'\'': 115
  '\''dx'\'': 25000.0
  '\''dy'\'': 25000.0
  '\''lon2'\'': 
  '\''lat2'\'': 
  '\''dlon'\'': 
  '\''dlat'\'': '

The variable "settings" specifying values to be used in the "model_configure"
file has been set as follows:
#-----------------------------------------------------------------------
settings =
  'PE_MEMBER01': 12
  'start_year': 2019
  'start_month': 06
  'start_day': 15
  'start_hour': 00
  'nhours_fcst': 6
  'dt_atmos': 300
  'atmos_nthreads': 1
  'ncores_per_node': 
  'quilting': true
  'print_esmf': false
  'output_grid': lambert_conformal
  'write_groups': 1
  'write_tasks_per_group': 2
  'cen_lon': -97.5
  'cen_lat': 38.52
  'lon1': -121.34461033
  'lat1': 22.95987123
  'stdlat1': 38.52
  'stdlat2': 38.52
  'nx': 201
  'ny': 115
  'dx': 25000.0
  'dy': 25000.0
  'lon2': 
  'lat2': 
  'dlon': 
  'dlat': 
+ model_config_fp=/tmp/docker/experiment/test9_CONUS_25km_GFSv15p2/2019061500/model_configure
+ /usr/local/src/ufs-srweather-app/regional_workflow/ush/fill_jinja_template.py -q -u '  '\''PE_MEMBER01'\'': 12
  '\''start_year'\'': 2019
  '\''start_month'\'': 06
  '\''start_day'\'': 15
  '\''start_hour'\'': 00
  '\''nhours_fcst'\'': 6
  '\''dt_atmos'\'': 300
  '\''atmos_nthreads'\'': 1
  '\''ncores_per_node'\'': 
  '\''quilting'\'': true
  '\''print_esmf'\'': false
  '\''output_grid'\'': lambert_conformal
  '\''write_groups'\'': 1
  '\''write_tasks_per_group'\'': 2
  '\''cen_lon'\'': -97.5
  '\''cen_lat'\'': 38.52
  '\''lon1'\'': -121.34461033
  '\''lat1'\'': 22.95987123
  '\''stdlat1'\'': 38.52
  '\''stdlat2'\'': 38.52
  '\''nx'\'': 201
  '\''ny'\'': 115
  '\''dx'\'': 25000.0
  '\''dy'\'': 25000.0
  '\''lon2'\'': 
  '\''lat2'\'': 
  '\''dlon'\'': 
  '\''dlat'\'': ' -t /usr/local/src/ufs-srweather-app/regional_workflow/ush/templates/model_configure -o /tmp/docker/experiment/test9_CONUS_25km_GFSv15p2/2019061500/model_configure


* . * . * . * . * . * . * . * . * . * . * . * . * . * . * . * . * . * . * . * . 
     PROGRAM nems      HAS BEGUN. COMPILED       0.00     ORG: np23   
     STARTING DATE-TIME  FEB 07,2022  16:38:29.752   38  MON   2459618


 af nems config,num_restart_interval=           1
 af nems config,restart_interval=           0
 af nems config,quilting= T calendar=julian iau_offset=           0
 af nems config,ideflate=           0 nbits=           0
 af nems config,quilting= T write_groups=           1           2 calendar=juliancalendar_type=         -99
 af nems config,num_files=           2
 num_file=           1 filename_base= dyn output_file= netcdf
 num_file=           2 filename_base= phy output_file= netcdf
 af nems config,nfhout,nsout=           1          60           1          -1
 output_grid=lambert_conformal
 cen_lon=  -97.5000000      cen_lat=   38.5200005    
 stdlat1=   38.5200005      stdlat2=   38.5200005    
 lon1=  -121.344612      lat1=   22.9598713    
 nx=         201  ny=         115
 dx=   25000.0000      dy=   25000.0000    
 af nems config,dt_atmos=         300 nfhmax=           6
 in fcst comp init, ntasks=          10
NOTE from PE     0: MPP_DOMAINS_SET_STACK_SIZE: stack size set to    32768.
&MPP_IO_NML
 HEADER_BUFFER_VAL=16384      ,
 GLOBAL_FIELD_ON_ROOT_PE=T,
 IO_CLOCKS_ON=F,
 SHUFFLE=0          ,
 DEFLATE_LEVEL=-1         ,
 CF_COMPLIANCE=F,
 /
NOTE from PE     0: MPP_IO_SET_STACK_SIZE: stack size set to     131072.
NOTE from PE     0: MPP_DOMAINS_SET_STACK_SIZE: stack size set to  1800200.
StartTime= 2019    6   15    0    0    0
CurrTime = 2019    6   15    0    0    0
StopTime = 2019    6   15    6    0    0
 num_atmos_calls=          72 time_init=        2019           6          15           0           0           0 time_atmos=        2019           6          15           0           0           0 time_end=        2019           6          15           6           0           0 dt_atmos=         300 Run_length=       21600
 frestart=           6           0           0           0           0           0           0           0           0           0 restart_endfcst= T total_inttime=       21600
atmosphere_init: current_time_seconds =       0.0
Using n_split from the namelist: 008
 Off center implicit scheme param=   1.00000000    
  p_fac=  0.100000001    
Using n_sponge : 030
Using non_ortho :       T
 Starting PEs :           10
 Starting Threads :            1
 Cubed-sphere, single face domain decomposition
whalo =    3, ehalo =    3, shalo =    3, nhalo =    3
  X-AXIS =   41  40  40  40  41
  Y-AXIS =   59  58
 Cubed-sphere, single face domain decomposition
whalo =    1, ehalo =    1, shalo =    1, nhalo =    1
  X-AXIS =   41  40  40  40  41
  Y-AXIS =   59  58
 ncnst=           9  num_prog=           9  pnats=           0  dnats=           1  num_family=           0
 
  Bounded domain: nested =  F , regional =  T
 ==>Note from fv_grid_tools_mod(read_grid): read atmosphere grid from mosaic version grid
MAX    AREA (m*m): 0.61870447479132E+09          MIN AREA (m*m): 0.61460639484121E+09
GLOBAL AREA (m*m): 0.14586793966927E+14 IDEAL GLOBAL AREA (m*m): 0.51009649655132E+15
 
  Cubed-Sphere Grid Stats :          203 x         118 x           1
   24303.466796875000        25318.066406250000        24842.652819049363        24303.466796875000        25318.066406250000     
      Grid Length               : min:  24303.47 max:  25318.07 avg:  24842.65 min/max:      0.96
      Deviation from Orthogonal : min:      0.00 max:      1.81 avg:      0.44
      Aspect Ratio              : min:      1.00 max:      1.04 avg:      1.01
 
 da_max/da_min=   1.0066678120899875     
 da_max_c/da_min_c=   1.0066571630804939     
  
 Divergence damping Coefficients
 For small dt=   37.5000000    
 External mode del-2 (m**2/s)=   0.0000000000000000     
 Internal mode del-2 SMAG dimensionless coeff=  0.100000001    
 Internal mode del-2 background diff=   0.0000000000000000     
 Internal mode del-6 background diff=  0.150000006    
 tracer del-2 diff=   0.00000000    
 Vorticity del-4 (m**4/s)=   56661157.446925320     
 beta=   0.00000000    
  
 in fv_restart ncnst=           9
 FV_RESTART:            1 F F
Tracer sphum initialized with surface value of 0.100000E+31 and vertical multiplier of   1.000000
Tracer liq_wat initialized with surface value of 0.100000E+31 and vertical multiplier of   1.000000
Tracer rainwat initialized with surface value of 0.100000E+31 and vertical multiplier of   1.000000
Tracer ice_wat initialized with surface value of 0.100000E+31 and vertical multiplier of   1.000000
Tracer snowwat initialized with surface value of 0.100000E+31 and vertical multiplier of   1.000000
Tracer graupel initialized with surface value of 0.100000E+31 and vertical multiplier of   1.000000
Tracer o3mr initialized with surface value of 0.100000E+31 and vertical multiplier of   1.000000
Tracer sgs_tke initialized with surface value of 0.100000E+31 and vertical multiplier of   1.000000
Tracer cld_amt initialized with surface value of 0.100000E+31 and vertical multiplier of   1.000000
 Calling get_external_ic
 enter get_nggps_ic is= 162 ie= 202 js=  60 je= 117 isd= 159 ied= 205 jsd=  57 jed= 120
 enter get_nggps_ic is=  82 ie= 121 js=   1 je=  59 isd=  79 ied= 124 jsd=  -2 jed=  62
 enter get_nggps_ic is=  42 ie=  81 js=   1 je=  59 isd=  39 ied=  84 jsd=  -2 jed=  62
 enter get_nggps_ic is= 162 ie= 202 js=   1 je=  59 isd= 159 ied= 205 jsd=  -2 jed=  62
 enter get_nggps_ic is=  82 ie= 121 js=  60 je= 117 isd=  79 ied= 124 jsd=  57 jed= 120
 enter get_nggps_ic is=  42 ie=  81 js=  60 je= 117 isd=  39 ied=  84 jsd=  57 jed= 120
NOTE from PE     0: Using external_IC::get_nggps_ic which is valid only for data which has been horizontally interpolated to the current cubed-sphere grid
 enter get_nggps_ic is= 122 ie= 161 js=   1 je=  59 isd= 119 ied= 164 jsd=  -2 jed=  62
NOTE from PE     0: External_IC::get_nggps_ic -  use externally-generated, filtered terrain and NCEP pressure levels (no vertical remapping)
 enter get_nggps_ic is=   1 ie=  41 js=   1 je=  59 isd=  -2 ied=  44 jsd=  -2 jed=  62
NOTE from PE     0: ==> External_ic::get_nggps_ic: using control file gfs_ctrl.nc for NGGPS IC
 enter get_nggps_ic is=   1 ie=  41 js=  60 je= 117 isd=  -2 ied=  44 jsd=  57 jed= 120
 enter get_nggps_ic is= 122 ie= 161 js=  60 je= 117 isd= 119 ied= 164 jsd=  57 jed= 120
NOTE from PE     0: ==> External_ic::get_nggps_ic: using tiled data file oro_data.nc for NGGPS IC
NOTE from PE     0: ==> External_ic::get_nggps_ic: using tiled data file sfc_data.nc for NGGPS IC
NOTE from PE     0: ==> External_ic::get_nggps_ic: using tiled data file gfs_data.nc for NGGPS IC
Tracer sphum initialized with surface value of 0.100000E+31 and vertical multiplier of   1.000000
Tracer liq_wat initialized with surface value of 0.100000E+31 and vertical multiplier of   1.000000
Tracer rainwat initialized with surface value of 0.100000E+31 and vertical multiplier of   1.000000
Tracer ice_wat initialized with surface value of 0.100000E+31 and vertical multiplier of   1.000000
Tracer snowwat initialized with surface value of 0.100000E+31 and vertical multiplier of   1.000000
Tracer graupel initialized with surface value of 0.100000E+31 and vertical multiplier of   1.000000
Tracer o3mr initialized with surface value of 0.100000E+31 and vertical multiplier of   1.000000
Tracer sgs_tke initialized with surface value of 0.100000E+31 and vertical multiplier of   1.000000
Tracer cld_amt initialized with surface value of 0.100000E+31 and vertical multiplier of   1.000000
NOTE from PE     0: MPP_IO_SET_STACK_SIZE: stack size set to     161070.
  ptop & ks    20.0000000              21
 GFS ak(1)=   0.00000000      ak(2)=   20.0000000    
 regional_bc_data file_name=INPUT/gfs_bndy.tile7.000.nc
  opened BC file INPUT/gfs_bndy.tile7.000.nc
NOTE from PE     0:  opened grid file INPUT/grid.tile7.halo4.nc
 topo filename=INPUT/oro_data.tile7.halo4.nc
 regional_bc_data file_name=INPUT/gfs_bndy.tile7.000.nc
  opened BC file INPUT/gfs_bndy.tile7.000.nc
 sphum =            1
 clwmr =            2
  o3mr =            7
 ncnst =            9
 ntracers =            9
  WARNING: Tracer sgs_tke_bottom not in input file
  WARNING: Tracer sgs_tke_left not in input file
  WARNING: Tracer cld_amt_bottom not in input file
  WARNING: Tracer cld_amt_left not in input file
 done remap_scalar_nggps_regional_bc
 done remap_scalar_nggps_regional_bc
 sphum =            1
 clwmr =            2
  o3mr =            7
 ncnst =            9
 ntracers =            9
 done remap_dwinds
 In remap_scalar:
 ncnst =            9
 nwat =            6
 sphum    =            1
 clwmr    =            2
  o3mr    =            7
 liq_aero =  -2147483646
 ice_aero =  -2147483646
 rainwat =            3
 ice_wat =            4
 snowwat =            5
 graupel =            6
 done remap_dwinds
 regional_bc_data file_name=INPUT/gfs_bndy.tile7.006.nc
  opened BC file INPUT/gfs_bndy.tile7.006.nc
  WARNING: Tracer sgs_tke_bottom not in input file
  WARNING: Tracer sgs_tke_left not in input file
  WARNING: Tracer cld_amt_bottom not in input file
  WARNING: Tracer cld_amt_left not in input file
 done remap_scalar_nggps_regional_bc
 done remap_scalar_nggps_regional_bc
 done remap_dwinds
 done remap_dwinds
 delz_model  -43.5594368      -9415.42480    
 sphum_model   1.85678434E-02   0.00000000    
 liq_wat_model   9.70288587E-04   0.00000000    
 ice_wat_model   4.22062236E-04   0.00000000    
 PS_model (mb)   1023.67493       669.450684    
 PT_model   311.799866       197.181900    
 Global Area=   14586793966926.871     
 ZS_model   3473.91724      -29.0225544       522.605286    
 ZS_data   3605.23657      -44.5048676       522.594666    
 ZS_diff (m)   634.053711      -587.948120       1.06462846E-02
 PS_diff (mb)   57.8249969      -58.6729660      -2.44304109E-02
 done remap_scalar
 done remap_dwinds
 PS max =    1023.67493      min =    669.450684    
 T max =    311.799866      min =    197.181900    
 W max =    3.22436428      min =   -1.40726960    
 SPHUM max =    1.85678434E-02  min =    0.00000000    
 TS max =    326.500000      min =    273.164062    
 liq_wat max =    9.69348068E-04  min =    0.00000000    
 ice_wat max =    4.21884150E-04  min =    0.00000000    
 rainwat max =    0.00000000      min =    0.00000000    
 snowwat max =    0.00000000      min =    0.00000000    
 graupel max =    0.00000000      min =    0.00000000    
 O3MR max =    1.56489532E-05  min =    6.43543618E-09
 IC generated from the specified external source
 in fv_restart ncnst=           9

 fv_restart u    =   1176458969653348134
 fv_restart v    =  -1971785120133524103
 fv_restart w    =   1866876517980808748
 fv_restart delp =   -910645352776802607
 fv_restart phis =   6420412916843373942
 fv_restart pt   =  -6722683620090370547
 fv_restart q(prog) nq   =           9  8194686286570627434
 fv_restart sphum =   1330143653262697357
 fv_restart liq_wat =   -869159265429264938
 fv_restart rainwat =                     0
 fv_restart ice_wat =   6499919559783938719
 fv_restart snowwat =                     0
 fv_restart graupel =                     0
 fv_restart o3mr =   1233782338953256296
 fv_restart sgs_tke =                     0
 fv_restart cld_amt =                     0
 ZS   3473.91724      -29.0225544       522.605286    
 PS   1023.67493       669.450684       954.654114    
 T    311.799866       197.181900       294.996521    
 sphum   1.85678434E-02   0.00000000       9.45572183E-03
 liq_wat   9.69348068E-04   0.00000000       1.67135923E-07
 rainwat   0.00000000       0.00000000       0.00000000    
 ice_wat   4.21884150E-04   0.00000000       0.00000000    
 snowwat   0.00000000       0.00000000       0.00000000    
 graupel   0.00000000       0.00000000       0.00000000    
 o3mr   1.56489532E-05   6.43543618E-09   8.71721682E-08
 sgs_tke   0.00000000       0.00000000       0.00000000    
 cld_amt   0.00000000       0.00000000       0.00000000    
 U  max =    52.9331131      min =   -42.3663330    
 V  max =    71.2313080      min =   -44.7154274    
 W    3.22436428      -1.40726960       2.20742216E-03

 mp_top=           1 pfull=  0.379150778    
 Mean specific humidity (mg/kg) above 75 mb=   2.51387477    
 Total surface pressure (mb) =    954.654419    
 mean dry surface pressure =    952.360107    
 Total Water Vapor (kg/m**2) =   23.3504429    
 --- Micro Phys water substances (kg/m**2) ---
 Total cloud water=   4.23114337E-02
 Total rain  water=   0.00000000    
 Total cloud ice  =   2.22700438E-03
 Total snow       =   0.00000000    
 Total graupel    =   0.00000000    
 ---------------------------------------------
NOTE from PE     0: READING FROM SST_restart DISABLED
 Before adi: W max =    3.22436428      min =   -1.40726960    
NOTE from PE     0: Performing adiabatic init   1 times
 Rayleigh_Super tau=   5.00000000    
           1  0.379150778    
           2  0.963871598    
           3   1.76542628    
           4   2.67225790    
           5   3.70624995    
           6   4.88725281    
           7   6.23670864    
           8   7.77857113    
           9   9.53982735    
          10   11.5509300    
          11   13.8462181    
          12   16.4643364    
          13   19.4486904    
          14   22.8478794    
          15   26.7161369    
          16   31.1137390    
          17   36.1073532    
          18   41.7703247    
          19   48.1828461    
          20   55.4319000    
          21   63.6109810    
          22   72.8196259    
 Rayleigh friction E-folding time (days):
           1  0.379150778       5.40480709    
           2  0.963871598       8.29093456    
           3   1.76542628       14.5280180    
           4   2.67225790       26.7301407    
           5   3.70624995       55.2723618    
           6   4.88725281       146.805038    
           7   6.23670864       784.069458    
 After adi: W max =    1.27939904      min =  -0.705776393    
 na_ini Z500   5794.85303       5794.85303      -0.00000000      -0.00000000    

WARNING from PE     0: atmos_modeldefine_blocks_packed: domain (  41  59) is not an even divisor with definition (  40) - blocks will not be uniform with a remainder of   19


WARNING from PE     0: atmos_modeldefine_blocks_packed: domain (  41  59) is not an even divisor with definition (  40) - blocks will not be uniform with a remainder of   19

 FLAG: gwd_opt==1 so gwd not generic

WARNING from PE     4: atmos_modeldefine_blocks_packed: domain (  41  59) is not an even divisor with definition (  40) - blocks will not be uniform with a remainder of   19

 FLAG: hybedmf so pbl not generic
 NO FLAG: scnv is generic
 NO FLAG: dcnv is generic
  model init,iaufhrs=  -1.0000000000000000       -1.0000000000000000       -1.0000000000000000       -1.0000000000000000       -1.0000000000000000       -1.0000000000000000       -1.0000000000000000     
  dxmax=   18.199108087004454       dxmin=   24.516413583664988       dxinv= -0.15829533660017264      max_lon=        5000  max_lat=        2000  min_lon=         192  min_lat=          94  rhc_max=  0.99999990000000005     
  NOAH Land Surface Model used
  nst_anl= T  use_ufo= T  frac_grid= F  ignore_lake= T
  min_lakeice=  0.14999999999999999       min_seaice=   9.9999999999999994E-012 min_lake_height=   250.00000000000000     
 flake model parameters
 lkm                :            0
  NSSTM is active 
  nstf_name(1)=           2
  nstf_name(2)=           1
  nstf_name(3)=           0
  nstf_name(4)=           0
  nstf_name(5)=           0
  scale & aerosol-aware mass-flux deep conv scheme
  scale-aware hybrid edmf PBL scheme used
  scale- & aerosol-aware mass-flux shallow conv scheme (2017)
  Original mountain blocking and oragraphic  gravity wave drag parameterization used
  non-statioary gravity wave drag parameterization used
  do_gwd= T
  Radiative heating calculated at          64  layers
  max-random cloud overlap for Shortwave IOVR_SW=           1
  max-random cloud overlap for Longwave IOVR_LW=           1
  sub-grid cloud for Shortwave ISUBC_SW=           2
  sub-grid cloud for Longwave ISUBC_LW=           2
  avg_max_length=   3600.0000000000000     
  Using GFDL Cloud Microphysics
  num_p3d=           5  num_p2d=           1  crtrh=  0.90000000000000002       0.90000000000000002       0.90000000000000002       npdf3d=           0  pdfcld= F  shcnvcw= F  cnvcld= T  ncnvcld3d=           1  do_shoc= F  nshoc3d=           0  nshoc_2d=           0  shoc_cld= F  nkbfshoc=        -999  nahdshoc=        -999  nscfshoc=        -999  uni_cld= F  ntot3d=           6  ntot2d=           1  shocaftcnv= F  indcld=          -1  shoc_parm=   7000.0000000000000        1.0000000000000000        4.2857143000000004       0.69999999999999996       -999.00000000000000       ncnvw=           6  ncnvc=        -999
  
 basic control parameters
  me                :            0
  master            :            0

  communicator      :  -1006632903
  nlunit            :         9999
  fn_nml            : using internal file
  fhzero            :    6.0000000000000000     
  ldiag3d           :  F
  qdiag3d           :  F
  lssav             :  F
  naux2d            :            0
  naux3d            :            0
  fhcyc             :    0.0000000000000000     
  thermodyn_id      :            1
  sfcpress_id       :            1
  gen_coord_hybrid  :  F
  
 grid extent parameters
  isc               :            1
  jsc               :            1
  nx                :           41
  ny                :           59
  levs              :           64
  cnx               :          202
  cny               :          117
  lonr              :          808
  latr              :          234
  blksz(1)          :           40
  blksz(nblks)      :           19

  Model%ncols       :         2419
  
 coupling parameters
  cplflx            :  F
  cplwav            :  F
  cplwav2atm        :  F
  cplchm            :  F
  
 integrated dynamics through earth atmosphere
  lsidea            :  F
  
 calendars and time parameters and activation triggers
WARNING from PE     5: atmos_modeldefine_blocks_packed: domain (  41  58) is not an even divisor with definition (  40) - blocks will not be uniform with a remainder of   18

  dtp               :    300.00000000000000     
  dtf               :    300.00000000000000     
  nscyc             :            0
  nszero            :           72
  idat              :         2019           6          15           0           0           0           0           0
  idate             :            0           6          15        2019
  
 radiation control parameters
  fhswr             :    3600.0000000000000     
  fhlwr             :    3600.0000000000000     
  nsswr             :           12
  nslwr             :           12
  nhfrad            :            0
  levr              :           64
  nfxr              :           45
  ntrcaer           :            1
  lmfshal           :  T
  lmfdeep2          :  T
  nrcm              :            2
  iflip             :            1
  isol              :            2
  ico2              :            2
  ialb              :            1
  iems              :            1
  iaer              :          111
  icliq_sw          :            1
  iovr_sw           :            1
  iovr_lw           :            1
  ictm              :            1
  isubc_sw          :            2
  isubc_lw          :            2
  crick_proof       :  F
  ccnorm            :  F
  norad_precip      :  F
  lwhtr             :  T
  swhtr             :  T
  
 microphysical switch
  ncld              :            5
  imp_physics       :           11
  
  GFDL microphysical parameters
  GFDL MP radiation inter:  T
  lrefres                :  F
  
 land/surface model parameters
  lsm               :            1
  lsoil             :            4
  rdlai             :  F
  lsoil_lsm         :            4
  lsnow_lsm         :            3
  ivegsrc           :            1
  isot              :            1
  use_ufo           :  T
  
 flake model parameters
 lkm                :            0
  
 tuning parameters for physical parameterizations
  ras               :  F
  flipv             :  T
  trans_trac        :  T
  old_monin         :  F
  do_gwd            :  T
  cnvgwd            :  T
  do_cnvgwd         :  F
  mstrat            :  F
  moist_adj         :  F
  cscnv             :  F
  cal_pre           :  F
  do_aw             :  F
  flx_form          :  F
  do_shoc           :  F
  shoc_parm         :    7000.0000000000000        1.0000000000000000        4.2857143000000004       0.69999999999999996       -999.00000000000000     
  shocaftcnv        :  F
  shoc_cld          :  F
  uni_cld           :  F
  h2o_phys          :  T
  pdfcld            :  F
  shcnvcw           :  F
  redrag            :  T
  hybedmf           :  T
  satmedmf          :  F
  isatmedmf         :            0
  shinhong          :  F
  do_ysu            :  F
  dspheat           :  T
  lheatstrg         :  F
  cnvcld            :  T
  random_clds       :  F
  shal_cnv          :  T
  imfshalcnv        :            2
  imfdeepcnv        :            2
  do_deep           :  T
  nmtvr             :           14
  jcap              :            1
  cs_parm           :    8.0000000000000000        4.0000000000000000        1000.0000000000000        3500.0000000000000        20.000000000000000        1.0000000000000000       -999.00000000000000        1.0000000000000000       0.59999999999999998        0.0000000000000000     
  flgmin            :   0.17999999999999999       0.22000000000000000     
  cgwf              :   0.50000000000000000        5.0000000000000003E-002
  ccwf              :    1.0000000000000000        1.0000000000000000     
  cdmbgwd           :    3.5000000000000000       0.25000000000000000        1.0000000000000000        1.0000000000000000     
  sup               :    1.0000000000000000     
  ctei_rm           :    10.000000000000000        10.000000000000000     
  crtrh             :   0.90000000000000002       0.90000000000000002       0.90000000000000002     
  dlqf              :    0.0000000000000000        0.0000000000000000     
  seed0             :            0
  rbcr              :   0.25000000000000000     
  do_mynnedmf       :  F
  do_mynnsfclay     :  F
  do_myjsfc         :  F
  do_myjpbl         :  F
  gwd_opt           :            1
  
 Rayleigh friction
  prslrd0           :    0.0000000000000000     
  ral_ts            :    0.0000000000000000     
  
 mass flux deep convection
  clam_deep         :   0.10000000000000001     
  c0s_deep          :    2.0000000000000000E-003
  c1_deep           :    2.0000000000000000E-003
  betal_deep        :    5.0000000000000003E-002
  betas_deep        :    5.0000000000000003E-002
  evfact_deep       :   0.29999999999999999     
  evfactl_deep      :   0.29999999999999999     
  pgcon_deep        :   0.55000000000000004     
  asolfac_deep      :   0.95799999999999996     
  
 mass flux shallow convection
  clam_shal         :   0.29999999999999999     
  c0s_shal          :    2.0000000000000000E-003
  c1_shal           :    5.0000000000000001E-004
  pgcon_shal        :   0.55000000000000004     
  asolfac_shal      :   0.95799999999999996     
  
 near surface sea temperature model
  nst_anl           :  T
  nstf_name         :            2           1           0           0           0
  lsea              :            0
  
 surface layer options
  sfc_z0_type       :            0
  
 vertical diffusion coefficients
  xkzm_m            :    1.0000000000000000     
WARNING from PE     9: atmos_modeldefine_blocks_packed: domain (  41  58) is not an even divisor with definition (  40) - blocks will not be uniform with a remainder of   18

  xkzm_h            :    1.0000000000000000     
  xkzm_s            :    1.0000000000000000     
  xkzminv           :   0.29999999999999999     
  moninq_fac        :    1.0000000000000000     
  dspfac            :    1.0000000000000000     
  bl_upfr           :   0.13000000000000000     
  bl_dnfr           :   0.10000000000000001     
  
 parameters for canopy heat storage parametrization
  z0fac             :   0.29999999999999999     
  e0fac             :   0.50000000000000000     
  
 stochastic physics
  do_sppt           :  F
  do_shum           :  F
  do_skeb           :  F
  do_sfcperts       :  F
  
 cellular automata
  nca               :            1
  ncells            :            5
  nlives            :           30
  nca_g             :            1
  ncells_g          :            1
  nlives_g          :          100
  nfracseed         :   0.50000000000000000     
  nseed_g           :          100
  nseed             :       100000
  ca_global         :  F
  ca_sgs            :  F
  do_ca             :  F
  iseed_ca          :            0
  ca_smooth         :  F
  nspinup           :            1
  nthresh           :    0.0000000000000000     
  ca_amplitude      :    500.00000000000000     
  nsmooth           :          100
  ca_closure        :  F
  ca_entr           :  F
  ca_trigger        :  F
  
 tracers
  tracer_names      : sphum                           liq_wat                         rainwat                         ice_wat                         snowwat                         graupel                         o3mr                            sgs_tke                         cld_amt                         
  ntrac             :            9
  nqrimef           :          -99
  ntqv              :            1
  ntoz              :            7
  ntcw              :            2
  ntiw              :            4
  ntrw              :            3
  ntsw              :            5
  ntgl              :            6
  ntclamt           :            9
  ntlnc             :          -99
  ntinc             :          -99
  ntrnc             :          -99
  ntsnc             :          -99
  ntgnc             :          -99
  ntke              :            8
  nto               :            0
  nto2              :            0
  ntwa              :          -99
  ntia              :          -99
  ntchm             :            0
  ntchs             :          -99
  fscav             : 
  
 derived totals for phy_f*d
  ntot2d            :            1
  ntot3d            :            6
  num_p2d           :            1
  num_p3d           :            5
  nshoc_2d          :            0
  nshoc_3d          :            0
  ncnvcld3d         :            1
  npdf3d            :            0
  nctp              :            0
  nkbfshoc          :         -999
  nahdshoc          :         -999
  nscfshoc          :         -999
  
 debug flags
  debug             :  F
  pre_rad           :  F
  
 variables modified at each time step
  ipt               :            1
  lprnt             :  F
  lsswr             :  F
  lslwr             :  F
  solhr             :   -9999.0000000000000     
  solcon            :   -9999.0000000000000     
  slag              :   -9999.0000000000000     
  sdec              :   -9999.0000000000000     
  cdec              :   -9999.0000000000000     
  clstp             :   -9999.0000000000000     
  phour             :    0.0000000000000000     
  fhour             :    8.3333333333333329E-002
  zhour             :    0.0000000000000000     
  kdt               :            0
  jdat              :         2019           6          15           0           0           0           0           0
  si                :    1.0000000000000000       0.99467011390542659       0.98863002986288051       0.98179532878402775       0.97407482438141357       0.96537059653659052       0.95557903224591956       0.94459228172488641       0.93229958919704292       0.91858987865416930       0.90335455297817746       0.88649145628467996       0.86790918122332938       0.84753202796305960       0.82530587260694044       0.80120397105068009       0.77523261652630115       0.74743669198028995       0.71790393300037869       0.68676757687942447       0.65420697959658713       0.62044606714327266       0.58574854847468294       0.55041095899497705       0.51475311168871918       0.47910681794281745       0.44380375582787873       0.40916336210286719       0.37548163719738198       0.34302163052685986       0.31200634990891196       0.28261436766209225       0.25497801974110562       0.22918393369500242       0.20527397932419567       0.18325054246503311       0.16308292768414634       0.14471320883061078       0.12806207082125337       0.11303454864027634        9.9524928086086234E-002   8.7421294747575401E-002   7.6609208701572062E-002   6.6974720136592475E-002   5.8408270121785698E-002   5.0808410207726667E-002   4.4079691664404522E-002   3.8132885859070383E-002   3.2885444557894480E-002   2.8261567404743101E-002   2.4192173001702778E-002   2.0614638633797689E-002   1.7472494204537042E-002   1.4715078817139455E-002   1.2297043118552885E-002   1.0177976961203174E-002   8.3219780208127689E-003   6.6971716126039563E-003   5.2753961919990997E-003   4.0317258820247335E-003   2.9442376112821431E-003   1.9935639164277274E-003   1.1627263539423802E-003   4.3677016581559862E-004   0.0000000000000000     
  sec               :    0.0000000000000000     
  first_time_step   :  T
  restart           :  F
  hydrostatic       :  F
 in iau_init  -1.0000000000000000     
 nfiles =            0
 in fv3gfs_diag_register, nrgst_bl=          53  nrgst_nb=         350  nrgst_vctbl=           2 isco=           1          41 jsco=           1          59  num_axes_phys=           3
NOTE from PE     0: reading topographic/orographic information from INPUT/oro_data.tile*.nc
NOTE from PE     0: reading surface properties data from INPUT/sfc_data.tile*.nc
NOTE from PE     0: gfs_driver:: - after put to container
NOTE from PE     0: gfs_driver::surface_props_input - computing sncovr
NOTE from PE     0: gfs_driver::surface_props_input - computing tsfcl
NOTE from PE     0: gfs_driver::surface_props_input - computing zorll
NOTE from PE     0: gfs_driver::surface_props_input - computing zorli
NOTE from PE     0: gfs_driver::surface_props_input - computing zorli
NOTE from PE     0: gfs_driver::surface_props_input - computing tiice
NOTE from PE     0: No physics restarts - cold starting physical parameterizations
   In rad_initialize (GFS_rrtmg_setup_init), before calling radinit
  si =   1.0000000000000000       0.99467011390542659       0.98863002986288051       0.98179532878402775       0.97407482438141357       0.96537059653659052       0.95557903224591956       0.94459228172488641       0.93229958919704292       0.91858987865416930       0.90335455297817746       0.88649145628467996       0.86790918122332938       0.84753202796305960       0.82530587260694044       0.80120397105068009       0.77523261652630115       0.74743669198028995       0.71790393300037869       0.68676757687942447       0.65420697959658713       0.62044606714327266       0.58574854847468294       0.55041095899497705       0.51475311168871918       0.47910681794281745       0.44380375582787873       0.40916336210286719       0.37548163719738198       0.34302163052685986       0.31200634990891196       0.28261436766209225       0.25497801974110562       0.22918393369500242       0.20527397932419567       0.18325054246503311       0.16308292768414634       0.14471320883061078       0.12806207082125337       0.11303454864027634        9.9524928086086234E-002   8.7421294747575401E-002   7.6609208701572062E-002   6.6974720136592475E-002   5.8408270121785698E-002   5.0808410207726667E-002   4.4079691664404522E-002   3.8132885859070383E-002   3.2885444557894480E-002   2.8261567404743101E-002   2.4192173001702778E-002   2.0614638633797689E-002   1.7472494204537042E-002   1.4715078817139455E-002   1.2297043118552885E-002   1.0177976961203174E-002   8.3219780208127689E-003   6.6971716126039563E-003   5.2753961919990997E-003   4.0317258820247335E-003   2.9442376112821431E-003   1.9935639164277274E-003   1.1627263539423802E-003   4.3677016581559862E-004   0.0000000000000000     
  levr=          64  ictm=           1  isol=           2  ico2=           2  iaer=         111  ialb=           1  iems=           1  ntcw=           2
  np3d=           5  ntoz=           7  iovr_sw=           1  iovr_lw=           1  isubc_sw=           2  isubc_lw=           2  icliq_sw=           1  iflip=           1   me=           0
  crick_proof= F  ccnorm= F  norad_precip= F
  NEW RADIATION PROGRAM STRUCTURES BECAME OPER.   May 01 2007
 NCEP-Radiation_driver    v5.2  Jan 2013 
  - Selected Control Flag settings: ICTMflg=           1  ISOLar =           2  ICO2flg=           2  IAERflg=         111  IALBflg=           1  IEMSflg=           1  ICLDflg=           1  IMP_PHYSICS=          11  IOZNflg=           7
  IVFLIP=           1  IOVRSW=           1  IOVRLW=           1  ISUBCSW=           2  ISUBCLW=           2
  LCRICK= F  LCNORM= F  LNOPREC= F
  LTP =           0 , add extra top layer = F
  - ISUBCLW=           2  Use McICA with random permutation seeds for LW random number generator
  - ISUBCSW=           2  Use McICA with random permutation seeds for SW random number generator
 NCEP-Radiation_astronomy v5.2  Jan 2013 
  - Using NOAA annual mean TSI table in TIM scale with cycle approximation (new values)!
 NCEP-Radiation_aerosols  v5.2  Jan 2013 
  - Using OPAC-seasonal climatology for tropospheric aerosol effect
    IAER=         111   LW-trop-aer= T   SW-trop-aer= T   Volc-aer= T
  - Include stratospheric volcanic aerosol effect
    - Compute multi-band aerosol optical properties for SW input parameters
    - Compute multi-band aerosol optical properties for LW input parameters
 NCEP-Radiation_gases     v5.1  Nov 2012 
  - Using interactive ozone distribution
  - Using observed co2 monthly 2-d data
 NCEP-Radiation_surface   v5.1  Nov 2012 
  - Using MODIS based land surface albedo for sw
  - Using Varying Surface Emissivity for lw
    Opened data file: sfc_emissivity_idx.txt    
 SURFACE EMISSIVITY INDEX, IDM,JDM: 360 180    NOTE: DATA FROM N TO S            
 NCEP-Radiation_clouds    v5.1  Nov 2012 
  - Using Prognostic Cloud Method
    --- GFDL Lin cloud microphysics
  - Using AER Longwave Radiation, Version: NCEP LW v5.1  Nov 2012 -RRTMG-LW v4.82  
    --- Include rare gases N2O, CH4, O2, CFCs absorptions in LW
    --- Using MCICA sub-colum clouds approximation with provided input array of permutation seeds
  - Using AER Shortwave Radiation, Version: NCEP SW v5.1  Nov 2012 -RRTMG-SW v3.8   
    --- PIFM 2-stream transfer scheme
    --- Include rare gases N2O, CH4, O2, absorptions in SW
    --- Using MCICA sub-colum clouds approximation with provided input array of permutation seeds
   Radiation sub-cloud initial seed =       47250  IC-idate =           0           6          15        2019
  return from rad_initialize (GFS_rrtmg_setup_init) - after calling radinit
 Reading in o3data from global_o3prdlos.f77 
       oz_coeff =            6
        latsozp =           71
         levozp =           53
         timeoz =           12
 Reading in h2odata from global_h2oprdlos.f77 
      h2o_coeff =            3
        latsh2o =           73
         levh2o =           72
        timeh2o =           12
  do_physb_gwsrcs  T  in cires_ugwp_init 
  init_okw_gws 
  init_fjet_gws 
  init_convective GWs cgwf          25           4
 ugwp_v0: init_gw_wmsdis_control 
 ugwp_v0: WMSDIS launch layer           25
 ugwp_v0: WMSDID tot_mflux in mpa   30.000000000000000     

 ugwp_v0: zcimin=  0.50000000000000000     
 ugwp_v0: zcimax=   125.00000000000000     
 ugwp_v0: cd_crit=  0.25000000000000000     
 ugwp_v0: launch_level          25
  ugwp_v0 zms_l=   2000.0000000000000     
  ugwp_vgw  nslope=   1.0000000000000000     

  VAY-ugwp is initialized  T
 ---fdiag   1.00000000       2.00000000       3.00000000       4.00000000       5.00000000       6.00000000       7.00000000       8.00000000       9.00000000       10.0000000       11.0000000       12.0000000       13.0000000       14.0000000       15.0000000       16.0000000       17.0000000       18.0000000       19.0000000       20.0000000       21.0000000       22.0000000       23.0000000       24.0000000       25.0000000       26.0000000       27.0000000       28.0000000       29.0000000       30.0000000       31.0000000       32.0000000       33.0000000       34.0000000       35.0000000       36.0000000       37.0000000       38.0000000       39.0000000       40.0000000    
 be create fcst grid
 dateS=hours since 2019-06-15 00:00:00date_init=        2019           6          15           0           0           0
 af create fcst fieldbundle, name=dynrc=           0
 max hourly 0-1km vert. vorticity, output name=maxvort01
 max hourly 0-2km vert. vorticity, output name=maxvort02
 max hourly lev 1 vert. vorticity output name=maxvorthy1
 max hourly updraft vel, output name=upvvelmax
 max hourly downdraft vel, output name=dnvvelmax
 max hourly 0-3km updraft helicity, output name=uhmax03
 max hourly 0-3km updraft helicity, output name=uhmin03
 max hourly 2-5km updraft helicity, output name=uhmax25
 max hourly 2-5km updraft helicity, output name=uhmin25
 af create fcst fieldbundle, name=phy_nearest_stodrc=           0
 af create fcst fieldbundle, name=phy_bilinearrc=           0
 in fv_phys bundle,nbdl=           2
 add 3D field to after nearest_stod, fld=skebu_wts
 add 3D field to after nearest_stod, fld=skebv_wts
 add 3D field to after nearest_stod, fld=sppt_wts
 add 3D field to after nearest_stod, fld=shum_wts
 in fcst,init total time:    174.17922925949097     
 af fcstCom FBCount=            3
 af allco wrtComp,write_groups=           1
 af wrtState reconcile, FBcount=           3
 af get wrtfb=mirror_dyn_bilinear rc=           0
 af get wrtfb=mirror_phy_bilinear rc=           0
 af get wrtfb=mirror_phy_nearest_stod rc=           0
 in fv3cap init, time wrtcrt/regrdst   90.944024562835693     
 af set up output_interval,rc=           0 nfhout=           1           0           0
 in fv3_cap, init time=   266.76816391944885     
   Updating solar constant with cycle approx
    Opened solar constant data file: solarconstant_noaa_an.txt 
  CHECK: Solar constant data used for year        2019   1361.0400000000000        1361.0400000000000     
0 FORECAST DATE          15 JUNE  2019 AT  0 HRS  0.00 MINS
  JULIAN DAY             2458649  PLUS   0.500000
  RADIUS VECTOR          1.0156983
  RIGHT ASCENSION OF SUN   5.5393701 HRS, OR   5 HRS  32 MINS  21.7 SECS
  DECLINATION OF THE SUN  23.2847260 DEGS, OR   23 DEGS  17 MINS   5.0 SECS
  EQUATION OF TIME        -0.3720964 MINS, OR    -22.33 SECS, OR-0.001628 RADIANS
  SOLAR CONSTANT        1319.2936695 (DISTANCE AJUSTED)


    for cosz calculations: nswr,deltim,deltsw,dtswh =          12   300.00000000000000        3600.0000000000000        1.0000000000000000        anginc,nstp =   2.1816615649929118E-002          12
    Opened aerosol data file: aerosol.dat               
   --- Reading  MONTH OF JUNE      CLIMATOLOGICAL AEROSOL GLOBAL DISTRIBUTION                  
    Request volcanic date out of range, optical depth set to lowest value
  CHECK: Sample Volcanic data used for month, year:           6        2019
           1           1           1           1
    Requested co2 data for year        2019  not found, check for other available data set
  Looking for CO2 file co2historicaldata_2018.txt
    Opened co2 data file: co2historicaldata_2018.txt
        2018  MONTHLY CO2 (PPMV)   24  12  LON/LAT (N-S/0-360E) IN 15 DEGREE RESOLUTION,  GLB ANNUAL MEAN =   408.80000000000001        GROWTH RATE =   2.7799999999999998     
    Global annual mean CO2 data for year        2019   4.1080000000000001E-004
  CHECK: Sample of selected months of CO2 data used for year:        2019
         Month =           1
   4.1644999999999996E-004   4.1701999999999999E-004   4.1825000000000000E-004   4.1708999999999995E-004   4.1502999999999993E-004   4.1123000000000000E-004   4.0939999999999998E-004   4.0797000000000001E-004   4.0706000000000000E-004   4.0602999999999993E-004   4.0557999999999995E-004   4.0570999999999994E-004
         Month =           4
   4.1659999999999999E-004   4.1718000000000001E-004   4.2276000000000000E-004   4.2367000000000001E-004   4.2391000000000000E-004   4.1531000000000001E-004   4.1103999999999999E-004   4.0814999999999997E-004   4.0757999999999994E-004   4.0702999999999996E-004   4.0680999999999996E-004   4.0675999999999999E-004
         Month =           7
   4.0397000000000002E-004   4.0560999999999999E-004   4.0689999999999997E-004   4.0886999999999998E-004   4.1068999999999996E-004   4.1173000000000002E-004   4.1187999999999999E-004   4.1066000000000003E-004   4.0981999999999998E-004   4.0901999999999996E-004   4.0879000000000002E-004   4.0864999999999999E-004
         Month =          10
   4.1219999999999999E-004   4.1443999999999997E-004   4.1451999999999998E-004   4.1299999999999996E-004   4.1050000000000000E-004   4.0999999999999999E-004   4.1007999999999995E-004   4.0981999999999998E-004   4.0935000000000000E-004   4.0898999999999997E-004   4.0902999999999995E-004   4.0888999999999997E-004
 PASS: fcstRUN phase 1, na =            0  time is    31.592309713363647     
 in fcst run phase 2, na=           0
 ---isec,seconds         300         300
  gfs diags time since last bucket empty:    8.3333333333333329E-002 hrs
 in,fv3gfs_io. 3D fields, idx=         179 varname=skebu_wtslcnvfac=   1.0000000000000000      levo=          64 nx=          41 ny=          59
 in,fv3gfs_io. 3D fields, idx=         180 varname=skebv_wtslcnvfac=   1.0000000000000000      levo=          64 nx=          41 ny=          59
 in,fv3gfs_io. 3D fields, idx=         184 varname=sppt_wtslcnvfac=   1.0000000000000000      levo=          64 nx=          41 ny=          59
 in,fv3gfs_io. 3D fields, idx=         185 varname=shum_wtslcnvfac=   1.0000000000000000      levo=          64 nx=          41 ny=          59
 PASS: fcstRUN phase 2, na =            0  time is   0.83334636688232422     
 in write grid comp, nf_hours=           0
 in wrt run, nf_hours=           0           5           0 nseconds_num=           0           1  FBCount=           3  cfhour=000
 ichunk2d,jchunk2d           1           1
 ichunk3d,jchunk3d,kchunk3d           1           1          64
 mask_fields time is    0.07366
 netcdf      Write Time is    3.93976 at Fcst   00:05
 ichunk2d,jchunk2d           1           1
 ichunk3d,jchunk3d,kchunk3d           1           1          64
 mask_fields time is    0.03746
 netcdf      Write Time is    0.52846 at Fcst   00:05
 total            Write Time is    4.96365 at Fcst   00:05
 PASS: fcstRUN phase 1, na =            1  time is    16.528146505355835     
 in fcst run phase 2, na=           1
 PASS: fcstRUN phase 2, na =            1  time is   0.24461030960083008     
 PASS: fcstRUN phase 1, na =            2  time is    13.249589443206787     
 in fcst run phase 2, na=           2
 PASS: fcstRUN phase 2, na =            2  time is   0.12598800659179688     
 PASS: fcstRUN phase 1, na =            3  time is    13.370646238327026     
 in fcst run phase 2, na=           3
 PASS: fcstRUN phase 2, na =            3  time is   0.24456238746643066     
 PASS: fcstRUN phase 1, na =            4  time is    13.306005954742432     
 in fcst run phase 2, na=           4
 PASS: fcstRUN phase 2, na =            4  time is   0.15063762664794922     
 PASS: fcstRUN phase 1, na =            5  time is    13.411970376968384     
 in fcst run phase 2, na=           5
 PASS: fcstRUN phase 2, na =            5  time is   0.10110521316528320     
 PASS: fcstRUN phase 1, na =            6  time is    13.455987215042114     
 in fcst run phase 2, na=           6
 PASS: fcstRUN phase 2, na =            6  time is   0.12091493606567383     
 PASS: fcstRUN phase 1, na =            7  time is    13.587467432022095     
 in fcst run phase 2, na=           7
 PASS: fcstRUN phase 2, na =            7  time is   0.19329524040222168     
 PASS: fcstRUN phase 1, na =            8  time is    13.499436378479004     
 in fcst run phase 2, na=           8
 PASS: fcstRUN phase 2, na =            8  time is   0.16851019859313965     
 PASS: fcstRUN phase 1, na =            9  time is    13.470255851745605     
 in fcst run phase 2, na=           9
 PASS: fcstRUN phase 2, na =            9  time is   0.11267638206481934     
 PASS: fcstRUN phase 1, na =           10  time is    13.317862987518311     
 in fcst run phase 2, na=          10
 PASS: fcstRUN phase 2, na =           10  time is   0.18856120109558105     
 PASS: fcstRUN phase 1, na =           11  time is    13.488124132156372     
 in fcst run phase 2, na=          11
 ---isec,seconds        3600        3600
  gfs diags time since last bucket empty:    1.0000000000000000      hrs
 in,fv3gfs_io. 3D fields, idx=         179 varname=skebu_wtslcnvfac=   1.0000000000000000      levo=          64 nx=          41 ny=          59
 in,fv3gfs_io. 3D fields, idx=         180 varname=skebv_wtslcnvfac=   1.0000000000000000      levo=          64 nx=          41 ny=          59
 in,fv3gfs_io. 3D fields, idx=         184 varname=sppt_wtslcnvfac=   1.0000000000000000      levo=          64 nx=          41 ny=          59
 in,fv3gfs_io. 3D fields, idx=         185 varname=shum_wtslcnvfac=   1.0000000000000000      levo=          64 nx=          41 ny=          59
 PASS: fcstRUN phase 2, na =           11  time is   0.25543212890625000     
 in write grid comp, nf_hours=           1
 in wrt run, nf_hours=           1           0           0 nseconds_num=           0           1  FBCount=           3  cfhour=001
 ichunk2d,jchunk2d           1           1
 ichunk3d,jchunk3d,kchunk3d           1           1          64
 mask_fields time is    0.07168
 netcdf      Write Time is    0.74926 at Fcst   01:00
 ichunk2d,jchunk2d           1           1
 ichunk3d,jchunk3d,kchunk3d           1           1          64
 mask_fields time is    0.03641
 netcdf      Write Time is    0.97323 at Fcst   01:00
 total            Write Time is    2.15406 at Fcst   01:00
0 FORECAST DATE          15 JUNE  2019 AT  1 HRS  0.00 MINS
  JULIAN DAY             2458649  PLUS   0.541667
  RADIUS VECTOR          1.0157023
  RIGHT ASCENSION OF SUN   5.5422556 HRS, OR   5 HRS  32 MINS  32.1 SECS
  DECLINATION OF THE SUN  23.2866245 DEGS, OR   23 DEGS  17 MINS  11.8 SECS
  EQUATION OF TIME        -0.3809316 MINS, OR    -22.86 SECS, OR-0.001667 RADIANS
  SOLAR CONSTANT        1319.2832311 (DISTANCE AJUSTED)


    for cosz calculations: nswr,deltim,deltsw,dtswh =          12   300.00000000000000        3600.0000000000000        1.0000000000000000        anginc,nstp =   2.1816615649929118E-002          12
 PASS: fcstRUN phase 1, na =           12  time is    30.213472604751587     
 in fcst run phase 2, na=          12
 PASS: fcstRUN phase 2, na =           12  time is   0.98487138748168945     
 PASS: fcstRUN phase 1, na =           13  time is    13.520120382308960     
 in fcst run phase 2, na=          13
 PASS: fcstRUN phase 2, na =           13  time is   0.26105594635009766     
 PASS: fcstRUN phase 1, na =           14  time is    13.517719030380249     
 in fcst run phase 2, na=          14
 PASS: fcstRUN phase 2, na =           14  time is   0.14756894111633301     
 PASS: fcstRUN phase 1, na =           15  time is    13.684020996093750     
 in fcst run phase 2, na=          15
 PASS: fcstRUN phase 2, na =           15  time is   0.18863129615783691     
 PASS: fcstRUN phase 1, na =           16  time is    13.620308160781860     
 in fcst run phase 2, na=          16
 PASS: fcstRUN phase 2, na =           16  time is   0.14876937866210938     
 PASS: fcstRUN phase 1, na =           17  time is    13.657710790634155     
 in fcst run phase 2, na=          17
 PASS: fcstRUN phase 2, na =           17  time is   0.15576291084289551     
 PASS: fcstRUN phase 1, na =           18  time is    13.636400461196899     
 in fcst run phase 2, na=          18
 PASS: fcstRUN phase 2, na =           18  time is   0.17562747001647949     
 PASS: fcstRUN phase 1, na =           19  time is    13.752337932586670     
 in fcst run phase 2, na=          19
 PASS: fcstRUN phase 2, na =           19  time is   0.15260505676269531     
 PASS: fcstRUN phase 1, na =           20  time is    13.904109001159668     
 in fcst run phase 2, na=          20
 PASS: fcstRUN phase 2, na =           20  time is   0.17292475700378418     
 PASS: fcstRUN phase 1, na =           21  time is    13.703703165054321     
 in fcst run phase 2, na=          21
 PASS: fcstRUN phase 2, na =           21  time is   0.28086757659912109     
 PASS: fcstRUN phase 1, na =           22  time is    13.558588266372681     
 in fcst run phase 2, na=          22
 PASS: fcstRUN phase 2, na =           22  time is   0.19661283493041992     
 PASS: fcstRUN phase 1, na =           23  time is    16.077060937881470     
 in fcst run phase 2, na=          23
 ---isec,seconds        7200        7200
  gfs diags time since last bucket empty:    2.0000000000000000      hrs
 in,fv3gfs_io. 3D fields, idx=         179 varname=skebu_wtslcnvfac=   1.0000000000000000      levo=          64 nx=          41 ny=          59
 in,fv3gfs_io. 3D fields, idx=         180 varname=skebv_wtslcnvfac=   1.0000000000000000      levo=          64 nx=          41 ny=          59
 in,fv3gfs_io. 3D fields, idx=         184 varname=sppt_wtslcnvfac=   1.0000000000000000      levo=          64 nx=          41 ny=          59
 in,fv3gfs_io. 3D fields, idx=         185 varname=shum_wtslcnvfac=   1.0000000000000000      levo=          64 nx=          41 ny=          59
 PASS: fcstRUN phase 2, na =           23  time is    1.1951136589050293     
 in write grid comp, nf_hours=           2
 in wrt run, nf_hours=           2           0           0 nseconds_num=           0           1  FBCount=           3  cfhour=002
 ichunk2d,jchunk2d           1           1
 ichunk3d,jchunk3d,kchunk3d           1           1          64
 mask_fields time is    0.09136
 netcdf      Write Time is    2.24667 at Fcst   02:00
 ichunk2d,jchunk2d           1           1
 ichunk3d,jchunk3d,kchunk3d           1           1          64
 mask_fields time is    0.04252
 netcdf      Write Time is    1.08766 at Fcst   02:00
 total            Write Time is    4.00694 at Fcst   02:00
0 FORECAST DATE          15 JUNE  2019 AT  2 HRS  0.00 MINS
  JULIAN DAY             2458649  PLUS   0.583333
  RADIUS VECTOR          1.0157063
  RIGHT ASCENSION OF SUN   5.5451411 HRS, OR   5 HRS  32 MINS  42.5 SECS
  DECLINATION OF THE SUN  23.2885111 DEGS, OR   23 DEGS  17 MINS  18.6 SECS
  EQUATION OF TIME        -0.3897704 MINS, OR    -23.39 SECS, OR-0.001705 RADIANS
  SOLAR CONSTANT        1319.2728133 (DISTANCE AJUSTED)


    for cosz calculations: nswr,deltim,deltsw,dtswh =          12   300.00000000000000        3600.0000000000000        1.0000000000000000        anginc,nstp =   2.1816615649929118E-002          12
 PASS: fcstRUN phase 1, na =           24  time is    40.019041776657104     
 in fcst run phase 2, na=          24
 PASS: fcstRUN phase 2, na =           24  time is    1.1025924682617188     
 PASS: fcstRUN phase 1, na =           25  time is    18.075218200683594     
 in fcst run phase 2, na=          25
 PASS: fcstRUN phase 2, na =           25  time is   0.15331339836120605     
 PASS: fcstRUN phase 1, na =           26  time is    13.814554929733276     
 in fcst run phase 2, na=          26
 PASS: fcstRUN phase 2, na =           26  time is   0.15667128562927246     
 PASS: fcstRUN phase 1, na =           27  time is    13.753048658370972     
 in fcst run phase 2, na=          27
 PASS: fcstRUN phase 2, na =           27  time is   0.21656799316406250     
 PASS: fcstRUN phase 1, na =           28  time is    13.691376924514771     
 in fcst run phase 2, na=          28
 PASS: fcstRUN phase 2, na =           28  time is   0.16895365715026855     
 PASS: fcstRUN phase 1, na =           29  time is    14.176012277603149     
 in fcst run phase 2, na=          29
 PASS: fcstRUN phase 2, na =           29  time is   0.12458348274230957     
 PASS: fcstRUN phase 1, na =           30  time is    13.741845607757568     
 in fcst run phase 2, na=          30
 PASS: fcstRUN phase 2, na =           30  time is   0.19660401344299316     
 PASS: fcstRUN phase 1, na =           31  time is    13.771582841873169     
 in fcst run phase 2, na=          31
 PASS: fcstRUN phase 2, na =           31  time is   0.29248976707458496     
 PASS: fcstRUN phase 1, na =           32  time is    13.831463336944580     
 in fcst run phase 2, na=          32
 PASS: fcstRUN phase 2, na =           32  time is   0.20881628990173340     
 PASS: fcstRUN phase 1, na =           33  time is    13.723693609237671     
 in fcst run phase 2, na=          33
 PASS: fcstRUN phase 2, na =           33  time is   0.27650189399719238     
 PASS: fcstRUN phase 1, na =           34  time is    13.756909370422363     
 in fcst run phase 2, na=          34
 PASS: fcstRUN phase 2, na =           34  time is   0.20058608055114746     
 PASS: fcstRUN phase 1, na =           35  time is    13.737411022186279     
 in fcst run phase 2, na=          35
 ---isec,seconds       10800       10800
  gfs diags time since last bucket empty:    3.0000000000000000      hrs
 in,fv3gfs_io. 3D fields, idx=         179 varname=skebu_wtslcnvfac=   1.0000000000000000      levo=          64 nx=          41 ny=          59
 in,fv3gfs_io. 3D fields, idx=         180 varname=skebv_wtslcnvfac=   1.0000000000000000      levo=          64 nx=          41 ny=          59
 in,fv3gfs_io. 3D fields, idx=         184 varname=sppt_wtslcnvfac=   1.0000000000000000      levo=          64 nx=          41 ny=          59
 in,fv3gfs_io. 3D fields, idx=         185 varname=shum_wtslcnvfac=   1.0000000000000000      levo=          64 nx=          41 ny=          59
 PASS: fcstRUN phase 2, na =           35  time is   0.28497672080993652     
 in write grid comp, nf_hours=           3
 in wrt run, nf_hours=           3           0           0 nseconds_num=           0           1  FBCount=           3  cfhour=003
 ichunk2d,jchunk2d           1           1
 ichunk3d,jchunk3d,kchunk3d           1           1          64
 mask_fields time is    0.06661
 netcdf      Write Time is    0.90048 at Fcst   03:00
 ichunk2d,jchunk2d           1           1
 ichunk3d,jchunk3d,kchunk3d           1           1          64
 mask_fields time is    0.03744
 netcdf      Write Time is    0.55590 at Fcst   03:00
 total            Write Time is    1.89712 at Fcst   03:00
0 FORECAST DATE          15 JUNE  2019 AT  3 HRS  0.00 MINS
  JULIAN DAY             2458649  PLUS   0.625000
  RADIUS VECTOR          1.0157103
  RIGHT ASCENSION OF SUN   5.5480266 HRS, OR   5 HRS  32 MINS  52.9 SECS
  DECLINATION OF THE SUN  23.2903858 DEGS, OR   23 DEGS  17 MINS  25.4 SECS
  EQUATION OF TIME        -0.3986128 MINS, OR    -23.92 SECS, OR-0.001744 RADIANS
  SOLAR CONSTANT        1319.2624159 (DISTANCE AJUSTED)


    for cosz calculations: nswr,deltim,deltsw,dtswh =          12   300.00000000000000        3600.0000000000000        1.0000000000000000        anginc,nstp =   2.1816615649929118E-002          12
 PASS: fcstRUN phase 1, na =           36  time is    25.124385356903076     
 in fcst run phase 2, na=          36
 PASS: fcstRUN phase 2, na =           36  time is    6.6368165016174316     
 PASS: fcstRUN phase 1, na =           37  time is    13.807443141937256     
 in fcst run phase 2, na=          37
 PASS: fcstRUN phase 2, na =           37  time is   0.26853132247924805     
 PASS: fcstRUN phase 1, na =           38  time is    13.798008203506470     
 in fcst run phase 2, na=          38
 PASS: fcstRUN phase 2, na =           38  time is   0.17262864112854004     
 PASS: fcstRUN phase 1, na =           39  time is    13.864818572998047     
 in fcst run phase 2, na=          39
 PASS: fcstRUN phase 2, na =           39  time is   0.17146420478820801     
 PASS: fcstRUN phase 1, na =           40  time is    13.768538713455200     
 in fcst run phase 2, na=          40
 PASS: fcstRUN phase 2, na =           40  time is   0.19178104400634766     
 PASS: fcstRUN phase 1, na =           41  time is    13.779709815979004     
 in fcst run phase 2, na=          41
 PASS: fcstRUN phase 2, na =           41  time is   0.20054221153259277     
 PASS: fcstRUN phase 1, na =           42  time is    13.873705625534058     
 in fcst run phase 2, na=          42
 PASS: fcstRUN phase 2, na =           42  time is   0.13682913780212402     
 PASS: fcstRUN phase 1, na =           43  time is    13.981798887252808     
 in fcst run phase 2, na=          43
 PASS: fcstRUN phase 2, na =           43  time is   0.19258451461791992     
 PASS: fcstRUN phase 1, na =           44  time is    13.811704397201538     
 in fcst run phase 2, na=          44
 PASS: fcstRUN phase 2, na =           44  time is   0.29253172874450684     
 PASS: fcstRUN phase 1, na =           45  time is    13.626561641693115     
 in fcst run phase 2, na=          45
 PASS: fcstRUN phase 2, na =           45  time is   0.19654798507690430     
 PASS: fcstRUN phase 1, na =           46  time is    13.796847820281982     
 in fcst run phase 2, na=          46
 PASS: fcstRUN phase 2, na =           46  time is   0.22053718566894531     
 PASS: fcstRUN phase 1, na =           47  time is    13.799381732940674     
 in fcst run phase 2, na=          47
 ---isec,seconds       14400       14400
  gfs diags time since last bucket empty:    4.0000000000000000      hrs
 in,fv3gfs_io. 3D fields, idx=         179 varname=skebu_wtslcnvfac=   1.0000000000000000      levo=          64 nx=          41 ny=          59
 in,fv3gfs_io. 3D fields, idx=         180 varname=skebv_wtslcnvfac=   1.0000000000000000      levo=          64 nx=          41 ny=          59
 in,fv3gfs_io. 3D fields, idx=         184 varname=sppt_wtslcnvfac=   1.0000000000000000      levo=          64 nx=          41 ny=          59
 in,fv3gfs_io. 3D fields, idx=         185 varname=shum_wtslcnvfac=   1.0000000000000000      levo=          64 nx=          41 ny=          59
 PASS: fcstRUN phase 2, na =           47  time is   0.24540328979492188     
 in write grid comp, nf_hours=           4
 in wrt run, nf_hours=           4           0           0 nseconds_num=           0           1  FBCount=           3  cfhour=004
 ichunk2d,jchunk2d           1           1
 ichunk3d,jchunk3d,kchunk3d           1           1          64
 mask_fields time is    0.06382
 netcdf      Write Time is    0.88538 at Fcst   04:00
 ichunk2d,jchunk2d           1           1
 ichunk3d,jchunk3d,kchunk3d           1           1          64
 mask_fields time is    0.02974
 netcdf      Write Time is    1.07730 at Fcst   04:00
 total            Write Time is    2.40483 at Fcst   04:00
0 FORECAST DATE          15 JUNE  2019 AT  4 HRS  0.00 MINS
  JULIAN DAY             2458649  PLUS   0.666667
  RADIUS VECTOR          1.0157143
  RIGHT ASCENSION OF SUN   5.5509122 HRS, OR   5 HRS  33 MINS   3.3 SECS
  DECLINATION OF THE SUN  23.2922486 DEGS, OR   23 DEGS  17 MINS  32.1 SECS
  EQUATION OF TIME        -0.4074586 MINS, OR    -24.45 SECS, OR-0.001783 RADIANS
  SOLAR CONSTANT        1319.2520390 (DISTANCE AJUSTED)


    for cosz calculations: nswr,deltim,deltsw,dtswh =          12   300.00000000000000        3600.0000000000000        1.0000000000000000        anginc,nstp =   2.1816615649929118E-002          12
 PASS: fcstRUN phase 1, na =           48  time is    20.601879119873047     
 in fcst run phase 2, na=          48
 PASS: fcstRUN phase 2, na =           48  time is    2.4806149005889893     
 PASS: fcstRUN phase 1, na =           49  time is    13.611093282699585     
 in fcst run phase 2, na=          49
 PASS: fcstRUN phase 2, na =           49  time is   0.29273366928100586     
 PASS: fcstRUN phase 1, na =           50  time is    13.952069282531738     
 in fcst run phase 2, na=          50
 PASS: fcstRUN phase 2, na =           50  time is   0.29254341125488281     
 PASS: fcstRUN phase 1, na =           51  time is    13.773483037948608     
 in fcst run phase 2, na=          51
 PASS: fcstRUN phase 2, na =           51  time is   0.18749213218688965     
 PASS: fcstRUN phase 1, na =           52  time is    13.816071748733521     
 in fcst run phase 2, na=          52
 PASS: fcstRUN phase 2, na =           52  time is   0.16855621337890625     
 PASS: fcstRUN phase 1, na =           53  time is    13.804545164108276     
 in fcst run phase 2, na=          53
 PASS: fcstRUN phase 2, na =           53  time is   0.17261242866516113     
 PASS: fcstRUN phase 1, na =           54  time is    13.651761531829834     
 in fcst run phase 2, na=          54
 PASS: fcstRUN phase 2, na =           54  time is   0.17244982719421387     
 PASS: fcstRUN phase 1, na =           55  time is    13.984047889709473     
 in fcst run phase 2, na=          55
 PASS: fcstRUN phase 2, na =           55  time is   0.19647312164306641     
 PASS: fcstRUN phase 1, na =           56  time is    13.695263862609863     
 in fcst run phase 2, na=          56
 PASS: fcstRUN phase 2, na =           56  time is   0.19702959060668945     
 PASS: fcstRUN phase 1, na =           57  time is    13.842324495315552     
 in fcst run phase 2, na=          57
 PASS: fcstRUN phase 2, na =           57  time is   0.18201589584350586     
 PASS: fcstRUN phase 1, na =           58  time is    13.972791194915771     
 in fcst run phase 2, na=          58
 PASS: fcstRUN phase 2, na =           58  time is   0.20056390762329102     
 PASS: fcstRUN phase 1, na =           59  time is    13.832443952560425     
 in fcst run phase 2, na=          59
 ---isec,seconds       18000       18000
  gfs diags time since last bucket empty:    5.0000000000000000      hrs
 in,fv3gfs_io. 3D fields, idx=         179 varname=skebu_wtslcnvfac=   1.0000000000000000      levo=          64 nx=          41 ny=          59
 in,fv3gfs_io. 3D fields, idx=         180 varname=skebv_wtslcnvfac=   1.0000000000000000      levo=          64 nx=          41 ny=          59
 in,fv3gfs_io. 3D fields, idx=         184 varname=sppt_wtslcnvfac=   1.0000000000000000      levo=          64 nx=          41 ny=          59
 in,fv3gfs_io. 3D fields, idx=         185 varname=shum_wtslcnvfac=   1.0000000000000000      levo=          64 nx=          41 ny=          59
 PASS: fcstRUN phase 2, na =           59  time is   0.27949476242065430     
 in write grid comp, nf_hours=           5
 in wrt run, nf_hours=           5           0           0 nseconds_num=           0           1  FBCount=           3  cfhour=005
 ichunk2d,jchunk2d           1           1
 ichunk3d,jchunk3d,kchunk3d           1           1          64
 mask_fields time is    0.07411
 netcdf      Write Time is    2.11434 at Fcst   05:00
 ichunk2d,jchunk2d           1           1
 ichunk3d,jchunk3d,kchunk3d           1           1          64
 mask_fields time is    0.04711
 netcdf      Write Time is    0.51401 at Fcst   05:00
 total            Write Time is    3.08146 at Fcst   05:00
0 FORECAST DATE          15 JUNE  2019 AT  5 HRS  0.00 MINS
  JULIAN DAY             2458649  PLUS   0.708333
  RADIUS VECTOR          1.0157183
  RIGHT ASCENSION OF SUN   5.5537979 HRS, OR   5 HRS  33 MINS  13.7 SECS
  DECLINATION OF THE SUN  23.2940995 DEGS, OR   23 DEGS  17 MINS  38.8 SECS
  EQUATION OF TIME        -0.4163078 MINS, OR    -24.98 SECS, OR-0.001821 RADIANS
  SOLAR CONSTANT        1319.2416826 (DISTANCE AJUSTED)


    for cosz calculations: nswr,deltim,deltsw,dtswh =          12   300.00000000000000        3600.0000000000000        1.0000000000000000        anginc,nstp =   2.1816615649929118E-002          12
 PASS: fcstRUN phase 1, na =           60  time is    21.264460325241089     
 in fcst run phase 2, na=          60
 PASS: fcstRUN phase 2, na =           60  time is   0.17510509490966797     
 PASS: fcstRUN phase 1, na =           61  time is    14.227653741836548     
 in fcst run phase 2, na=          61
 PASS: fcstRUN phase 2, na =           61  time is   0.19667887687683105     
 PASS: fcstRUN phase 1, na =           62  time is    13.661386013031006     
 in fcst run phase 2, na=          62
 PASS: fcstRUN phase 2, na =           62  time is   0.16056776046752930     
 PASS: fcstRUN phase 1, na =           63  time is    13.910706520080566     
 in fcst run phase 2, na=          63
 PASS: fcstRUN phase 2, na =           63  time is   0.19706964492797852     
 PASS: fcstRUN phase 1, na =           64  time is    13.876915454864502     
 in fcst run phase 2, na=          64
 PASS: fcstRUN phase 2, na =           64  time is   0.18114662170410156     
 PASS: fcstRUN phase 1, na =           65  time is    13.732864856719971     
 in fcst run phase 2, na=          65
 PASS: fcstRUN phase 2, na =           65  time is   0.22756910324096680     
 PASS: fcstRUN phase 1, na =           66  time is    14.080877780914307     
 in fcst run phase 2, na=          66
 PASS: fcstRUN phase 2, na =           66  time is   0.16367936134338379     
 PASS: fcstRUN phase 1, na =           67  time is    14.107974529266357     
 in fcst run phase 2, na=          67
 PASS: fcstRUN phase 2, na =           67  time is   0.14853858947753906     
 PASS: fcstRUN phase 1, na =           68  time is    13.961279392242432     
 in fcst run phase 2, na=          68
 PASS: fcstRUN phase 2, na =           68  time is   0.14846634864807129     
 PASS: fcstRUN phase 1, na =           69  time is    14.100497722625732     
 in fcst run phase 2, na=          69
 PASS: fcstRUN phase 2, na =           69  time is   0.12459611892700195     
 PASS: fcstRUN phase 1, na =           70  time is    13.995529651641846     
 in fcst run phase 2, na=          70
 PASS: fcstRUN phase 2, na =           70  time is   0.20853829383850098     
 PASS: fcstRUN phase 1, na =           71  time is    13.873241424560547     
 in fcst run phase 2, na=          71
        2019           6          15           6           0           0
 ZS      3473.91724      -29.0225544       522.605286    
 PS max =    1023.30176      min =    669.816101    
 Mean specific humidity (mg/kg) above 75 mb=   2.70309830    
 Total surface pressure (mb) =    955.312927    
 mean dry surface pressure =    953.029480    
 Total Water Vapor (kg/m**2) =   23.1955967    
 --- Micro Phys water substances (kg/m**2) ---
 Total cloud water=   3.80207188E-02
 Total rain  water=   6.01982092E-03
 Total cloud ice  =   3.35640535E-02
 Total snow       =   1.04812086E-02
 Total graupel    =   7.65687553E-04
 ---------------------------------------------
 TE ( Joule/m^2 * E9) =   2.60581088    
 UA_top max =   -21.0250454      min =   -51.1707687    
 UA max =    56.1866341      min =   -51.1707687    
 VA max =    57.2053909      min =   -41.9345322    
 W  max =   0.633795500      min =  -0.635325193    
 Bottom w max =    6.21183552E-02  min =  -0.144377708    
 Bottom: w/dz max =    1.37029227E-03  min =   -3.06930742E-03
 DZ (m) max =   -43.4859390      min =   -9357.22754    
 Bottom DZ (m) max =   -43.4859390      min =   -48.4134521    
 TA max =    308.556183      min =    197.761673    
 OM max =    4.36188364      min =   -3.03317380    
 sphum max =    1.82381738E-02  min =    5.48911657E-07
 liq_wat max =    1.13156519E-03  min =   -1.08386077E-19
 rainwat max =    8.48575088E-04  min =   -8.47024415E-22
 ice_wat max =    3.71173839E-04  min =   -6.77382727E-21
 snowwat max =    1.05996022E-03  min =   -2.70977373E-20
 graupel max =    6.46498112E-04  min =   -1.01579855E-20
 o3mr max =    1.55961498E-05  min =   -9.08328435E-09
 sgs_tke max =    188.370163      min =   -32.3977127    
 cld_amt max =    1.00000000      min =    0.00000000    
 ---isec,seconds       21600       21600
  gfs diags time since last bucket empty:    6.0000000000000000      hrs
 in,fv3gfs_io. 3D fields, idx=         179 varname=skebu_wtslcnvfac=   1.0000000000000000      levo=          64 nx=          41 ny=          59
 in,fv3gfs_io. 3D fields, idx=         180 varname=skebv_wtslcnvfac=   1.0000000000000000      levo=          64 nx=          41 ny=          59
 in,fv3gfs_io. 3D fields, idx=         184 varname=sppt_wtslcnvfac=   1.0000000000000000      levo=          64 nx=          41 ny=          59
 in,fv3gfs_io. 3D fields, idx=         185 varname=shum_wtslcnvfac=   1.0000000000000000      levo=          64 nx=          41 ny=          59
 PASS: fcstRUN phase 2, na =           71  time is    2.7675170898437500     
 fv3_cap,end integrate,na=          72  time=   1165.6507861614227     
 in write grid comp, nf_hours=           6
 in wrt run, nf_hours=           6           0           0 nseconds_num=           0           1  FBCount=           3  cfhour=006
 ichunk2d,jchunk2d           1           1
 ichunk3d,jchunk3d,kchunk3d           1           1          64
 mask_fields time is    0.07365
 netcdf      Write Time is    0.91150 at Fcst   06:00
 ichunk2d,jchunk2d           1           1
 ichunk3d,jchunk3d,kchunk3d           1           1          64
 mask_fields time is    0.03123
 netcdf      Write Time is    0.66366 at Fcst   06:00
 total            Write Time is    2.05742 at Fcst   06:00

   -----------------------------------------------------
      Block                    User time  System Time   Total Time   GID 
   -----------------------------------------------------
   ATMOS_INIT                 133.6410       0.0000     133.6410       0
   TOTAL                     1455.5092       0.0000    1455.5092       0
   NGGPS_IC                   121.1062       0.0000     121.1062       0
   COMM_TOTAL                 242.4848       0.0000     242.4848       0
   ADIABATIC_INIT              38.3786       0.0000      38.3786       0
   REGIONAL_BCS                 1.1818       0.0000       1.1818       0
   FV_DYN_LOOP                801.5676       0.0000     801.5676       0
   DYN_CORE                   682.9949       0.0000     682.9949       0
   COMM_TRACER                  1.2981       0.0000       1.2981       0
   C_SW                        22.4982       0.0000      22.4982       0
   UPDATE_DZ_C                  2.4467       0.0000       2.4467       0
   RIEM_SOLVER                 73.7354       0.0000      73.7354       0
   D_SW                       300.1335       0.0000     300.1335       0
   UPDATE_DZ                   45.1632       0.0000      45.1632       0
   PG_D                        19.4467       0.0000      19.4467       0
   TRACER_2D                   59.8386       0.0000      59.8386       0
   REMAPPING                   50.0682       0.0000      50.0682       0
   SAT_ADJ2                     8.3742       0.0000       8.3742       0
   FV_DYNAMICS                785.0166       0.0000     785.0166       0
   GFS_TENDENCIES               3.7966       0.0000       3.7966       0
   FV_UPDATE_PHYS              51.7579       0.0000      51.7579       0
    UPDATE_DWINDS              40.7037       0.0000      40.7037       0
   FV_DIAG                      2.5530       0.0000       2.5530       0


 fv_restart_end u    =   5839482789363635553
 fv_restart_end v    =  -8087074090510013654
 fv_restart_end w    =  -4617886764668628148
 fv_restart_end delp =   -481373520400402007
 fv_restart_end phis =   6066869939389031798
 fv_restart_end pt   =  -6076797994037005928
 fv_restart_end q(prog) nq   =           9  6578804204745423827
 fv_restart_end sphum =  -2191256528277662400
 fv_restart_end liq_wat =   -360189956159156012
 fv_restart_end rainwat =  -5408254792092269607
 fv_restart_end ice_wat =   8980941061345269165
 fv_restart_end snowwat =   5094982395519876442
 fv_restart_end graupel =    134805636740970542
 fv_restart_end o3mr =  -6195128730093336710
 fv_restart_end sgs_tke =  -8358683523121659983
 fv_restart_end cld_amt =  -3565155432826159226
 ZS   3473.91724      -29.0225544       522.605286    
 PS    1023.30176       669.816101       955.312561    
 PS* max =    1023.30176      min =    669.816101    
 U  max =    55.9733086      min =   -52.3959770    
 V  max =    58.3783340      min =   -38.9500275    
 W  max =   0.633795500      min =  -0.635325193    
 T  max =    308.556183      min =    197.761673    
 sphum   1.82381738E-02   5.48911657E-07   9.46014840E-03
 liq_wat   1.13156519E-03  -1.08386077E-19   2.02660516E-07
 rainwat   8.48575088E-04  -8.47024415E-22   1.58188971E-06
 ice_wat   3.71173839E-04  -6.77382727E-21   3.16865433E-15
 snowwat   1.05996022E-03  -2.70977373E-20   8.90807271E-15
 graupel   6.46498112E-04  -1.01579855E-20   5.50818538E-15
 o3mr   1.55961498E-05  -9.08328435E-09   8.96391299E-08
 sgs_tke   188.370163      -32.3977127      0.881954074    
 cld_amt   1.00000000       0.00000000       1.82553940E-02
NOTE from PE     0: MPP_IO_SET_STACK_SIZE: stack size set to    1525504.
 MPP_DOMAINS_STACK high water mark=      317184

Tabulating mpp_clock statistics across     10 PEs...

                                          tmin          tmax          tavg          tstd  tfrac grain pemin pemax
Total runtime                      1482.600220   1482.635986   1482.619019      0.009900  1.000     0     0     9
Initialization                        0.000000      0.000000      0.000000      0.000000  0.000     0     0     9
FV dy-core                          794.834778    829.358459    811.537476     13.446015  0.547    11     0     9
FV subgrid_z                          3.678676      4.012036      3.869891      0.097812  0.003    11     0     9
FV Diag                               2.412190      2.553069      2.454202      0.046442  0.002    11     0     9
GFS Step Setup                        1.539662      1.766089      1.674963      0.066386  0.001     1     0     9
GFS Radiation                        52.544930     93.697136     71.305794     12.675831  0.048     1     0     9
GFS Physics                         201.836700    224.752747    210.175690      6.651900  0.142     1     0     9
Dynamics get state                    8.289662      9.354048      8.801360      0.313739  0.006     1     0     9
Dynamics update state                24.858934     57.991722     42.245789     12.500733  0.028     1     0     9
FV3 Dycore                          804.563660    839.445068    821.440430     13.565564  0.554     1     0     9
 MPP_STACK high water mark=           0
  wrt grid comp destroy time=   30.118446350097656     


     ENDING DATE-TIME    FEB 07,2022  17:03:21.037   38  MON   2459618
     PROGRAM nems      HAS ENDED.
* . * . * . * . * . * . * . * . * . * . * . * . * . * . * . * . * . * . * . * . 
*****************RESOURCE STATISTICS*******************************
The total amount of wall time                        = 1491.295215
The total amount of time in user mode                = 485.130193
The total amount of time in sys mode                 = 3.608921
The maximum resident set size (KB)                   = 359888
Number of page faults without I/O activity           = 89502
Number of page faults with I/O activity              = 1451
Number of times filesystem performed INPUT           = 15816
Number of times filesystem performed OUTPUT          = 351744
Number of Voluntary Context Switches                 = 212
Number of InVoluntary Context Switches               = 67741
*****************END OF RESOURCE STATISTICS*************************


========================================================================
FV3 forecast completed successfully!!!

Exiting script:  "exregional_run_fcst.sh"
In directory:    "/usr/local/src/ufs-srweather-app/regional_workflow/scripts"
========================================================================

========================================================================
Exiting script:  "JREGIONAL_RUN_FCST"
In directory:    "/usr/local/src/ufs-srweather-app/regional_workflow/jobs"
========================================================================
