+ source /tmp/docker/experiment/test9_CONUS_25km_GFSv15p2/var_defns.sh
++ RUN_ENVIR=community
++ MACHINE=LINUX
++ ACCOUNT=an_account
++ WORKFLOW_MANAGER=none
++ SCHED=none
++ PARTITION_DEFAULT=
++ CLUSTERS_DEFAULT=
++ QUEUE_DEFAULT=
++ PARTITION_HPSS=
++ CLUSTERS_HPSS=
++ QUEUE_HPSS=
++ PARTITION_FCST=
++ CLUSTERS_FCST=
++ QUEUE_FCST=
++ RUN_CMD_UTILS='mpirun -np 12'
++ RUN_CMD_POST='mpirun -np 12'
++ USE_CRON_TO_RELAUNCH=FALSE
++ CRON_RELAUNCH_INTVL_MNTS=03
++ EXPT_BASEDIR=/tmp/docker/experiment
++ EXPT_SUBDIR=test9_CONUS_25km_GFSv15p2
++ COMINgfs=/base/path/of/directory/containing/gfs/input/files
++ STMP=/tmp/docker/stmp
++ NET=rrfs
++ envir=para
++ RUN=experiment_name
++ PTMP=/tmp/docker/ptmp
++ DOT_OR_USCORE=_
++ EXPT_CONFIG_FN=config.sh
++ RGNL_GRID_NML_FN=regional_grid.nml
++ DATA_TABLE_FN=data_table
++ DIAG_TABLE_FN=diag_table
++ FIELD_TABLE_FN=field_table
++ FV3_NML_BASE_SUITE_FN=input.nml.FV3
++ FV3_NML_YAML_CONFIG_FN=FV3.input.yml
++ FV3_NML_BASE_ENS_FN=input.nml.base_ens
++ MODEL_CONFIG_FN=model_configure
++ NEMS_CONFIG_FN=nems.configure
++ FV3_EXEC_FN=NEMS.exe
++ WFLOW_XML_FN=FV3LAM_wflow.xml
++ GLOBAL_VAR_DEFNS_FN=var_defns.sh
++ EXTRN_MDL_ICS_VAR_DEFNS_FN=extrn_mdl_ics_var_defns.sh
++ EXTRN_MDL_LBCS_VAR_DEFNS_FN=extrn_mdl_lbcs_var_defns.sh
++ WFLOW_LAUNCH_SCRIPT_FN=launch_FV3LAM_wflow.sh
++ WFLOW_LAUNCH_LOG_FN=log.launch_FV3LAM_wflow
++ DATE_FIRST_CYCL=20190615
++ DATE_LAST_CYCL=20190615
++ CYCL_HRS=00
++ FCST_LEN_HRS=6
++ EXTRN_MDL_NAME_ICS=FV3GFS
++ EXTRN_MDL_NAME_LBCS=FV3GFS
++ LBC_SPEC_INTVL_HRS=6
++ FV3GFS_FILE_FMT_ICS=grib2
++ FV3GFS_FILE_FMT_LBCS=grib2
++ NOMADS=FALSE
++ NOMADS_file_type=nemsio
++ USE_USER_STAGED_EXTRN_FILES=TRUE
++ EXTRN_MDL_SOURCE_BASEDIR_ICS=/tmp/docker/model_data/FV3GFS
++ EXTRN_MDL_FILES_ICS=gfs.pgrb2.0p25.f000
++ EXTRN_MDL_SOURCE_BASEDIR_LBCS=/tmp/docker/model_data/FV3GFS
++ EXTRN_MDL_FILES_LBCS=("gfs.pgrb2.0p25.f006" "gfs.pgrb2.0p25.f012" "gfs.pgrb2.0p25.f018" "gfs.pgrb2.0p25.f024" "gfs.pgrb2.0p25.f030" "gfs.pgrb2.0p25.f036" "gfs.pgrb2.0p25.f042" "gfs.pgrb2.0p25.f048")
++ CCPP_PHYS_SUITE=FV3_GFS_v15p2
++ GRID_GEN_METHOD=ESGgrid
++ GFDLgrid_LON_T6_CTR=
++ GFDLgrid_LAT_T6_CTR=
++ GFDLgrid_RES=
++ GFDLgrid_STRETCH_FAC=
++ GFDLgrid_REFINE_RATIO=
++ GFDLgrid_ISTART_OF_RGNL_DOM_ON_T6G=
++ GFDLgrid_IEND_OF_RGNL_DOM_ON_T6G=
++ GFDLgrid_JSTART_OF_RGNL_DOM_ON_T6G=
++ GFDLgrid_JEND_OF_RGNL_DOM_ON_T6G=
++ GFDLgrid_USE_GFDLgrid_RES_IN_FILENAMES=
++ ESGgrid_LON_CTR=-97.5
++ ESGgrid_LAT_CTR=38.55
++ ESGgrid_DELX=25000.0
++ ESGgrid_DELY=25000.0
++ ESGgrid_NX=202
++ ESGgrid_NY=117
++ ESGgrid_WIDE_HALO_WIDTH=6
++ DT_ATMOS=300
++ LAYOUT_X=5
++ LAYOUT_Y=2
++ BLOCKSIZE=40
++ QUILTING=TRUE
++ PRINT_ESMF=FALSE
++ WRTCMP_write_groups=1
++ WRTCMP_write_tasks_per_group=2
++ WRTCMP_output_grid=lambert_conformal
++ WRTCMP_cen_lon=-97.5
++ WRTCMP_cen_lat=38.52
++ WRTCMP_lon_lwr_left=-121.34461033
++ WRTCMP_lat_lwr_left=22.95987123
++ WRTCMP_lon_upr_rght=
++ WRTCMP_lat_upr_rght=
++ WRTCMP_dlon=
++ WRTCMP_dlat=
++ WRTCMP_stdlat1=38.52
++ WRTCMP_stdlat2=38.52
++ WRTCMP_nx=201
++ WRTCMP_ny=115
++ WRTCMP_dx=25000.0
++ WRTCMP_dy=25000.0
++ PREDEF_GRID_NAME=RRFS_CONUS_25km
++ PREEXISTING_DIR_METHOD=rename
++ VERBOSE=TRUE
++ RUN_TASK_MAKE_GRID=TRUE
++ GRID_DIR=/tmp/docker/experiment/test9_CONUS_25km_GFSv15p2/grid
++ RUN_TASK_MAKE_OROG=TRUE
++ OROG_DIR=/tmp/docker/experiment/test9_CONUS_25km_GFSv15p2/orog
++ RUN_TASK_MAKE_SFC_CLIMO=TRUE
++ SFC_CLIMO_DIR=/tmp/docker/experiment/test9_CONUS_25km_GFSv15p2/sfc_climo
++ SFC_CLIMO_FIELDS=("facsf" "maximum_snow_albedo" "slope_type" "snowfree_albedo" "soil_type" "substrate_temperature" "vegetation_greenness" "vegetation_type")
++ FIXgsm=/tmp/docker/fix_am
++ TOPO_DIR=/tmp/docker/fix_orog
++ SFC_CLIMO_INPUT_DIR=/tmp/docker/fix_sfc_climo
++ FNGLAC=global_glacier.2x2.grb
++ FNMXIC=global_maxice.2x2.grb
++ FNTSFC=RTGSST.1982.2012.monthly.clim.grb
++ FNSNOC=global_snoclim.1.875.grb
++ FNZORC=igbp
++ FNAISC=CFSR.SEAICE.1982.2012.monthly.clim.grb
++ FNSMCC=global_soilmgldas.t126.384.190.grb
++ FNMSKH=seaice_newland.grb
++ FIXgsm_FILES_TO_COPY_TO_FIXam=("global_glacier.2x2.grb" "global_maxice.2x2.grb" "RTGSST.1982.2012.monthly.clim.grb" "global_snoclim.1.875.grb" "CFSR.SEAICE.1982.2012.monthly.clim.grb" "global_soilmgldas.t126.384.190.grb" "seaice_newland.grb" "global_climaeropac_global.txt" "fix_co2_proj/global_co2historicaldata_2010.txt" "fix_co2_proj/global_co2historicaldata_2011.txt" "fix_co2_proj/global_co2historicaldata_2012.txt" "fix_co2_proj/global_co2historicaldata_2013.txt" "fix_co2_proj/global_co2historicaldata_2014.txt" "fix_co2_proj/global_co2historicaldata_2015.txt" "fix_co2_proj/global_co2historicaldata_2016.txt" "fix_co2_proj/global_co2historicaldata_2017.txt" "fix_co2_proj/global_co2historicaldata_2018.txt" "global_co2historicaldata_glob.txt" "co2monthlycyc.txt" "global_h2o_pltc.f77" "global_hyblev.l65.txt" "global_zorclim.1x1.grb" "global_sfc_emissivity_idx.txt" "global_solarconstant_noaa_an.txt" "ozprdlos_2015_new_sbuvO3_tclm15_nuchem.f77")
++ FV3_NML_VARNAME_TO_FIXam_FILES_MAPPING=("FNGLAC | global_glacier.2x2.grb" "FNMXIC | global_maxice.2x2.grb" "FNTSFC | RTGSST.1982.2012.monthly.clim.grb" "FNSNOC | global_snoclim.1.875.grb" "FNAISC | CFSR.SEAICE.1982.2012.monthly.clim.grb" "FNSMCC | global_soilmgldas.t126.384.190.grb" "FNMSKH | seaice_newland.grb")
++ FV3_NML_VARNAME_TO_SFC_CLIMO_FIELD_MAPPING=("FNALBC  | snowfree_albedo" "FNALBC2 | facsf" "FNTG3C  | substrate_temperature" "FNVEGC  | vegetation_greenness" "FNVETC  | vegetation_type" "FNSOTC  | soil_type" "FNVMNC  | vegetation_greenness" "FNVMXC  | vegetation_greenness" "FNSLPC  | slope_type" "FNABSC  | maximum_snow_albedo")
++ CYCLEDIR_LINKS_TO_FIXam_FILES_MAPPING=("aerosol.dat                | global_climaeropac_global.txt" "co2historicaldata_2010.txt | fix_co2_proj/global_co2historicaldata_2010.txt" "co2historicaldata_2011.txt | fix_co2_proj/global_co2historicaldata_2011.txt" "co2historicaldata_2012.txt | fix_co2_proj/global_co2historicaldata_2012.txt" "co2historicaldata_2013.txt | fix_co2_proj/global_co2historicaldata_2013.txt" "co2historicaldata_2014.txt | fix_co2_proj/global_co2historicaldata_2014.txt" "co2historicaldata_2015.txt | fix_co2_proj/global_co2historicaldata_2015.txt" "co2historicaldata_2016.txt | fix_co2_proj/global_co2historicaldata_2016.txt" "co2historicaldata_2017.txt | fix_co2_proj/global_co2historicaldata_2017.txt" "co2historicaldata_2018.txt | fix_co2_proj/global_co2historicaldata_2018.txt" "co2historicaldata_glob.txt | global_co2historicaldata_glob.txt" "co2monthlycyc.txt          | co2monthlycyc.txt" "global_h2oprdlos.f77       | global_h2o_pltc.f77" "global_zorclim.1x1.grb     | global_zorclim.1x1.grb" "sfc_emissivity_idx.txt     | global_sfc_emissivity_idx.txt" "solarconstant_noaa_an.txt  | global_solarconstant_noaa_an.txt" "global_o3prdlos.f77        | ozprdlos_2015_new_sbuvO3_tclm15_nuchem.f77")
++ MAKE_GRID_TN=make_grid
++ MAKE_OROG_TN=make_orog
++ MAKE_SFC_CLIMO_TN=make_sfc_climo
++ GET_EXTRN_ICS_TN=get_extrn_ics
++ GET_EXTRN_LBCS_TN=get_extrn_lbcs
++ MAKE_ICS_TN=make_ics
++ MAKE_LBCS_TN=make_lbcs
++ RUN_FCST_TN=run_fcst
++ RUN_POST_TN=run_post
++ NNODES_MAKE_GRID=1
++ NNODES_MAKE_OROG=1
++ NNODES_MAKE_SFC_CLIMO=2
++ NNODES_GET_EXTRN_ICS=1
++ NNODES_GET_EXTRN_LBCS=1
++ NNODES_MAKE_ICS=4
++ NNODES_MAKE_LBCS=4
++ NNODES_RUN_FCST=1
++ NNODES_RUN_POST=2
++ PPN_MAKE_GRID=24
++ PPN_MAKE_OROG=24
++ PPN_MAKE_SFC_CLIMO=24
++ PPN_GET_EXTRN_ICS=1
++ PPN_GET_EXTRN_LBCS=1
++ PPN_MAKE_ICS=12
++ PPN_MAKE_LBCS=12
++ PPN_RUN_FCST=24
++ PPN_RUN_POST=24
++ WTIME_MAKE_GRID=00:20:00
++ WTIME_MAKE_OROG=00:20:00
++ WTIME_MAKE_SFC_CLIMO=00:20:00
++ WTIME_GET_EXTRN_ICS=00:45:00
++ WTIME_GET_EXTRN_LBCS=00:45:00
++ WTIME_MAKE_ICS=00:30:00
++ WTIME_MAKE_LBCS=00:30:00
++ WTIME_RUN_FCST=01:00:00
++ WTIME_RUN_POST=00:15:00
++ MAXTRIES_MAKE_GRID=1
++ MAXTRIES_MAKE_OROG=1
++ MAXTRIES_MAKE_SFC_CLIMO=1
++ MAXTRIES_GET_EXTRN_ICS=1
++ MAXTRIES_GET_EXTRN_LBCS=1
++ MAXTRIES_MAKE_ICS=1
++ MAXTRIES_MAKE_LBCS=1
++ MAXTRIES_RUN_FCST=1
++ MAXTRIES_RUN_POST=1
++ USE_CUSTOM_POST_CONFIG_FILE=FALSE
++ CUSTOM_POST_CONFIG_FP=
++ DO_ENSEMBLE=FALSE
++ NUM_ENS_MEMBERS=1
++ DO_SHUM=FALSE
++ DO_SPPT=FALSE
++ DO_SKEB=FALSE
++ SHUM_MAG=-999.0
++ SHUM_LSCALE=150000
++ SHUM_TSCALE=21600
++ SHUM_INT=3600
++ SPPT_MAG=-999.0
++ SPPT_LSCALE=150000
++ SPPT_TSCALE=21600
++ SPPT_INT=3600
++ SKEB_MAG=-999.0
++ SKEB_LSCALE=150000
++ SKEB_TSCALE=21600
++ SKEB_INT=3600
++ SKEB_VDOF=10
++ USE_ZMTNBLCK=false
++ HALO_BLEND=10
++ USE_FVCOM=FALSE
++ FVCOM_DIR=/user/defined/dir/to/fvcom/data
++ FVCOM_FILE=fvcom.nc
++ COMPILER=intel
++ WFLOW_LAUNCH_SCRIPT_FP=/usr/local/src/ufs-srweather-app/regional_workflow/ush/launch_FV3LAM_wflow.sh
++ WFLOW_LAUNCH_LOG_FP=/tmp/docker/experiment/test9_CONUS_25km_GFSv15p2/log.launch_FV3LAM_wflow
++ CRONTAB_LINE=
++ SR_WX_APP_TOP_DIR=/usr/local/src/ufs-srweather-app
++ HOMErrfs=/usr/local/src/ufs-srweather-app/regional_workflow
++ USHDIR=/usr/local/src/ufs-srweather-app/regional_workflow/ush
++ SCRIPTSDIR=/usr/local/src/ufs-srweather-app/regional_workflow/scripts
++ JOBSDIR=/usr/local/src/ufs-srweather-app/regional_workflow/jobs
++ SORCDIR=/usr/local/src/ufs-srweather-app/regional_workflow/sorc
++ SRC_DIR=/usr/local/src/ufs-srweather-app/src
++ PARMDIR=/usr/local/src/ufs-srweather-app/regional_workflow/parm
++ MODULES_DIR=/usr/local/src/ufs-srweather-app/regional_workflow/modulefiles
++ EXECDIR=/usr/local/src/ufs-srweather-app/bin
++ FIXrrfs=/usr/local/src/ufs-srweather-app/regional_workflow/fix
++ FIXam=/tmp/docker/experiment/test9_CONUS_25km_GFSv15p2/fix_am
++ FIXLAM=/tmp/docker/experiment/test9_CONUS_25km_GFSv15p2/fix_lam
++ FIXgsm=/tmp/docker/fix_am
++ COMROOT=
++ COMOUT_BASEDIR=
++ TEMPLATE_DIR=/usr/local/src/ufs-srweather-app/regional_workflow/ush/templates
++ UFS_WTHR_MDL_DIR=/usr/local/src/ufs-srweather-app/src/ufs_weather_model
++ UFS_UTILS_DIR=/usr/local/src/ufs-srweather-app/src/UFS_UTILS
++ SFC_CLIMO_INPUT_DIR=/tmp/docker/fix_sfc_climo
++ TOPO_DIR=/tmp/docker/fix_orog
++ EMC_POST_DIR=/usr/local/src/ufs-srweather-app/src/EMC_post
++ EXPTDIR=/tmp/docker/experiment/test9_CONUS_25km_GFSv15p2
++ LOGDIR=/tmp/docker/experiment/test9_CONUS_25km_GFSv15p2/log
++ CYCLE_BASEDIR=/tmp/docker/experiment/test9_CONUS_25km_GFSv15p2
++ GRID_DIR=/tmp/docker/experiment/test9_CONUS_25km_GFSv15p2/grid
++ OROG_DIR=/tmp/docker/experiment/test9_CONUS_25km_GFSv15p2/orog
++ SFC_CLIMO_DIR=/tmp/docker/experiment/test9_CONUS_25km_GFSv15p2/sfc_climo
++ NDIGITS_ENSMEM_NAMES=0
++ ENSMEM_NAMES=("")
++ FV3_NML_ENSMEM_FPS=("")
++ GLOBAL_VAR_DEFNS_FP=/tmp/docker/experiment/test9_CONUS_25km_GFSv15p2/var_defns.sh
++ DATA_TABLE_TMPL_FN=data_table
++ DIAG_TABLE_TMPL_FN=diag_table.FV3_GFS_v15p2
++ FIELD_TABLE_TMPL_FN=field_table.FV3_GFS_v15p2
++ MODEL_CONFIG_TMPL_FN=model_configure
++ NEMS_CONFIG_TMPL_FN=nems.configure
++ DATA_TABLE_TMPL_FP=/usr/local/src/ufs-srweather-app/regional_workflow/ush/templates/data_table
++ DIAG_TABLE_TMPL_FP=/usr/local/src/ufs-srweather-app/regional_workflow/ush/templates/diag_table.FV3_GFS_v15p2
++ FIELD_TABLE_TMPL_FP=/usr/local/src/ufs-srweather-app/regional_workflow/ush/templates/field_table.FV3_GFS_v15p2
++ FV3_NML_BASE_SUITE_FP=/usr/local/src/ufs-srweather-app/regional_workflow/ush/templates/input.nml.FV3
++ FV3_NML_YAML_CONFIG_FP=/usr/local/src/ufs-srweather-app/regional_workflow/ush/templates/FV3.input.yml
++ FV3_NML_BASE_ENS_FP=/tmp/docker/experiment/test9_CONUS_25km_GFSv15p2/input.nml.base_ens
++ MODEL_CONFIG_TMPL_FP=/usr/local/src/ufs-srweather-app/regional_workflow/ush/templates/model_configure
++ NEMS_CONFIG_TMPL_FP=/usr/local/src/ufs-srweather-app/regional_workflow/ush/templates/nems.configure
++ CCPP_PHYS_SUITE_FN=suite_FV3_GFS_v15p2.xml
++ CCPP_PHYS_SUITE_IN_CCPP_FP=/usr/local/src/ufs-srweather-app/src/ufs_weather_model/FV3/ccpp/suites/suite_FV3_GFS_v15p2.xml
++ CCPP_PHYS_SUITE_FP=/tmp/docker/experiment/test9_CONUS_25km_GFSv15p2/suite_FV3_GFS_v15p2.xml
++ DATA_TABLE_FP=/tmp/docker/experiment/test9_CONUS_25km_GFSv15p2/data_table
++ FIELD_TABLE_FP=/tmp/docker/experiment/test9_CONUS_25km_GFSv15p2/field_table
++ FV3_NML_FN=input.nml
++ FV3_NML_FP=/tmp/docker/experiment/test9_CONUS_25km_GFSv15p2/input.nml
++ NEMS_CONFIG_FP=/tmp/docker/experiment/test9_CONUS_25km_GFSv15p2/nems.configure
++ FV3_EXEC_FP=/usr/local/src/ufs-srweather-app/bin/NEMS.exe
++ LOAD_MODULES_RUN_TASK_FP=/usr/local/src/ufs-srweather-app/regional_workflow/ush/load_modules_run_task.sh
++ GTYPE=regional
++ TILE_RGNL=7
++ NH0=0
++ NH3=3
++ NH4=4
++ LON_CTR=-97.5
++ LAT_CTR=38.55
++ NX=202
++ NY=117
++ NHW=6
++ STRETCH_FAC=0.999
++ RES_IN_FIXLAM_FILENAMES=
++ CRES=C403
++ DEL_ANGLE_X_SG=0.1124152007
++ DEL_ANGLE_Y_SG=0.1124152007
++ NEG_NX_OF_DOM_WITH_WIDE_HALO=-214
++ NEG_NY_OF_DOM_WITH_WIDE_HALO=-129
++ OZONE_PARAM=ozphys_2015
++ EXTRN_MDL_SYSBASEDIR_ICS=
++ EXTRN_MDL_SYSBASEDIR_LBCS=
++ EXTRN_MDL_LBCS_OFFSET_HRS=0
++ LBC_SPEC_FCST_HRS=(6)
++ NUM_CYCLES=1
++ ALL_CDATES=("2019061500")
++ USE_FVCOM=FALSE
++ FVCOM_DIR=/user/defined/dir/to/fvcom/data
++ FVCOM_FILE=fvcom.nc
++ NCORES_PER_NODE=
++ PE_MEMBER01=12
++ RUN_CMD_FCST='mpirun -np 12'
+ export CDATE=2019061500
+ CDATE=2019061500
+ export CYCLE_DIR=/tmp/docker/experiment/test9_CONUS_25km_GFSv15p2/2019061500
+ CYCLE_DIR=/tmp/docker/experiment/test9_CONUS_25km_GFSv15p2/2019061500
+ /usr/local/src/ufs-srweather-app/regional_workflow/jobs/JREGIONAL_MAKE_OROG

========================================================================
Entering script:  "JREGIONAL_MAKE_OROG"
In directory:     "/usr/local/src/ufs-srweather-app/regional_workflow/jobs"

This is the J-job script for the task that generates orography files.
========================================================================

========================================================================
Entering script:  "exregional_make_orog.sh"
In directory:     "/usr/local/src/ufs-srweather-app/regional_workflow/scripts"

This is the ex-script for the task that generates orography files.
========================================================================

No arguments have been passed to the script in file

  "/usr/local/src/ufs-srweather-app/regional_workflow/scripts/exregional_make_orog.sh"

1 0 0 0 0 0 0 0 0
"/tmp/docker/experiment/test9_CONUS_25km_GFSv15p2/fix_lam/C403_grid.tile7.halo6.nc"
"none"

Starting orography file generation...
 INPUTOROG=none
 IM,JM=           0           0
           1           0           0           0           0           0           0           0           0
  Starting terr12 mtnlm7_slm30.f  IMN,JMN:       43200       21600
 outgrid=/tmp/docker/experiment/test9_CONUS_25km_GFSv15p2/fix_lam/C403_grid.tile7.halo6.nc
 nx =          428
 IM=           0  /= grid file nx/2=         214
 Set IM =          214
 JM=           0  /= grid file ny/2=         129
 Set JM =          129
  In TERSUB, ITOPO=           1
  Ocean Model LSM Present and 
  Overrides OCEAN POINTS in LSM: mskocn=           1
  Ocean LSM Reversed:  NOTOCN=           1
  Attempt to open/read UMD 30" slmsk MSKSRC=           1
  UMD lake mask opened OK   -- ios,MSKSRC:           0           1
  UMD lake, UMD(50,50)=    0           1
  About to call read_g, ITOPO=           1
  
 global0 max=        8625  min=        -430  sum=         354026391267  i_count_notset=           0
 global0 mean=                  379  std.dev=                  858  ko9s=   933120000           0   933120000
  After read_g, glob(500,500)=   2657
  IM, JM, NM, NR, NF0, NF1, EFAC, BLAT
         214         129           0           0           0           0           0           0
   imn,jmn,glob(imn,jmn)=       43200       21600      0
  UBOUND ZAVG=       43200       21600
  UBOUND glob=       43200       21600
  UBOUND ZSLM=       43200       21600
  UBOUND GICE=       43201        3601
  UBOUND OCLSM=         214         129
          -1           0 COMPUTE TERRAIN ON A FULL GAUSSIAN GRID
  SPECTR= F  REVLAT= F  ** with GICE-07 **
  XLAT=
-90.000 -88.594 -87.188 -85.781 -84.375 -82.969 -81.563 -80.156 -78.750 -77.344
-75.938 -74.531 -73.125 -71.719 -70.313 -68.906 -67.500 -66.094 -64.688 -63.281
-61.875 -60.469 -59.063 -57.656 -56.250 -54.844 -53.438 -52.031 -50.625 -49.219
-47.813 -46.406 -45.000 -43.594 -42.188 -40.781 -39.375 -37.969 -36.563 -35.156
-33.750 -32.344 -30.938 -29.531 -28.125 -26.719 -25.313 -23.906 -22.500 -21.094
-19.688 -18.281 -16.875 -15.469 -14.063 -12.656 -11.250  -9.844  -8.438  -7.031
 -5.625  -4.219  -2.813  -1.406   0.000   1.406   2.813   4.219   5.625   7.031
  8.438   9.844  11.250  12.656  14.063  15.469  16.875  18.281  19.688  21.094
 22.500  23.906  25.313  26.719  28.125  29.531  30.938  32.344  33.750  35.156
 36.563  37.969  39.375  40.781  42.188  43.594  45.000  46.406  47.813  49.219
 50.625  52.031  53.438  54.844  56.250  57.656  59.063  60.469  61.875  63.281
 64.688  66.094  67.500  68.906  70.313  71.719  73.125  74.531  75.938  77.344
 78.750  80.156  81.563  82.969  84.375  85.781  87.188  88.594  90.000
  Before GICE ZAVG(1,2)=        2801           1
  Before GICE ZAVG(1,12)=        2804           1
  Before GICE ZAVG(1,52)=        2789           1
  Before GICE ZAVG(1,112)=           0           1
  GICE 30" Antarctica RAMP orog 43200x3616 read OK
  Processing! 
  Processing! 
  Processing! 
  Ocean lsm file Opened OK: mskocn,istat=           1           0
  Rd fail: Ocean lsm - continue, mskocn,ios=           0          -1
 outgrid=/tmp/docker/experiment/test9_CONUS_25km_GFSv15p2/fix_lam/C403_grid.tile7.halo6.nc
 Read the grid from file /tmp/docker/experiment/test9_CONUS_25km_GFSv15p2/fix_lam/C403_grid.tile7.halo6.nc
 minlat=   21.065541968335602      maxlat=   53.051560890299996     
 north pole supergrid index is            0           0
 south pole supergrid index is            0           0
  Timer 1 time=    11.288000000000466     
  _____ SUBROUTINE MAKEMT2 
 ! MAKEMT2 ORO SLM VAR VAR4 DONE
  MAKEMT2 time=    5.7109999999993306     
rmin=  -0.6890E+02  rmax=   0.3605E+04       ORO 
rmin=   0.0000E+00  rmax=   0.1000E+01       SLM 
rmin=   0.0000E+00  rmax=   0.9274E+03       VAR 
rmin=   0.0000E+00  rmax=   0.1000E+02      VAR4 
 MAKEPC2: DELTAY=   926.65347752552270     
 ! MAKE Principal Coord  DONE
  MAKEPC2 time=    5.7449999999998909     
rmin=  -0.8995E+02  rmax=   0.8997E+02     THETA 
rmin=   0.0000E+00  rmax=   0.9966E+00     GAMMA 
rmin=   0.0000E+00  rmax=   0.3365E+00     SIGMA 
rmin=  -0.6890E+02  rmax=   0.3605E+04       ORO 
 inputorog=none
 calling MAKEOA2 to compute OA, OL
  IM=         214  JM=         129  IMN=       43200  JMN=       21600
 ! MAKEOA2 EXIT
  MAKEOA2 time=    7.2889999999997599     
rmin=  -0.1000E+01  rmax=   0.1000E+01        OA 
rmin=   0.0000E+00  rmax=   0.1000E+01        OL 
rmin=   0.0000E+00  rmax=   0.4279E+04    ELVMAX 
rmin=  -0.6890E+02  rmax=   0.3605E+04       ORO 
  MAXC3:         575          41           0           0           0           0
  ===> Replacing ELVMAX with ELVMAX-ORO <=== 
  ===> if ELVMAX<=ORO replace with proxy <=== 
  ===> the sum of mean orog (ORO) and std dev <=== 
  after MAXC 3-6 km:           0           0           0           0
rmin=   0.0000E+00  rmax=   0.2800E+04    ELVMAX 
  Testing at point (itest,jtest)=          34         112
  SLM(itest,jtest)=   1.0000000000000000               34         112
  ORO(itest,jtest)=   1479.0448473282443               34         112
  SLM(itest,jtest)=   1.0000000000000000               34         112
  ORO(itest,jtest)=   1479.0448473282443               34         112
SEA       3.      1. MODIFIED TO LAND     10.      3. AT      174      19
LAND      4.      3. MODIFIED TO SEA       0.      1. AT      183      19
LAND      4.      4. MODIFIED TO SEA       0.      1. AT      189      19
SEA     -69.     62. MODIFIED TO LAND    174.    123. AT       40      48
SEA    1900.    201. MODIFIED TO LAND   1946.    317. AT       30      77
SEA    1180.    281. MODIFIED TO LAND   1486.    228. AT       33      81
SEA     229.     32. MODIFIED TO LAND    263.     20. AT      137      91
SEA    1248.      5. MODIFIED TO LAND   1346.     95. AT       39      95
SEA     218.     16. MODIFIED TO LAND    256.     30. AT      165      97
SEA     265.     10. MODIFIED TO LAND    299.     19. AT      159     116
SEA     361.     13. MODIFIED TO LAND    394.     20. AT      121     118
SEA     247.      4. MODIFIED TO LAND    262.      9. AT      104     121
SEA      96.      6. MODIFIED TO LAND    203.     51. AT      182     121
SEA     246.      4. MODIFIED TO LAND    256.      6. AT      103     123
SEA     242.     12. MODIFIED TO LAND    262.     16. AT      165     127
  after isolated points removed
rmin=  -0.4450E+02  rmax=   0.3605E+04       ORO 
  ORO(itest,jtest)=   1479.0448473282443     
  VAR(itest,jtest)=   657.11731301576060     
  VAR4(itest,jtest)=   5.8124737351194806     
  OA(itest,jtest,1)=  0.17172675521821634     
  OA(itest,jtest,2)= -0.21749136939010350     
  OA(itest,jtest,3)=  -4.1601664066561739E-003
  OA(itest,jtest,4)=  0.17518939393939392     
  OL(itest,jtest,1)=  0.49221611721611724     
  OL(itest,jtest,2)=  0.63598901098901095     
  OL(itest,jtest,3)=  0.61958041958041954     
  OL(itest,jtest,4)=  0.51375291375291376     
  Testing at point (itest,jtest)=          34         112
  THETA(itest,jtest)=   29.724954436412830     
  GAMMA(itest,jtest)=  0.76925957088449304     
  SIGMA(itest,jtest)=  0.21292738302378911     
  ELVMAX(itest,jtest)=   2799.9551526717560     
  EFAC=           0
rmin=   0.0000E+00  rmax=   0.2800E+04    ELVMAX 
  NF1, NF0, FILTER=           0           0 F
rmin=   0.0000E+00  rmax=   0.2800E+04    ELVMAX 
  ELVMAX(          34         112 )=   2799.9551526717560     
  after spectral filter is applied
rmin=  -0.4450E+02  rmax=   0.3605E+04       ORO 
rmin=  -0.4450E+02  rmax=   0.3605E+04       ORF 
  after nearest neighbor interpolation applied 
rmin=  -0.4450E+02  rmax=   0.3605E+04       ORO 
rmin=  -0.4450E+02  rmax=   0.3605E+04       ORF 
rmin=   0.0000E+00  rmax=   0.2800E+04    ELVMAX 
  ORO,ORF(itest,jtest),itest,jtest:   1479.0448473282443        1479.0448473282443               34         112
  ELVMAX(          34         112 )=   2799.9551526717560     
  ORO,ELVMAX(i=   1 j= 129)=   0.00000E+00   0.00000E+00  0.0
  ORO,ELVMAX(i=   2 j= 129)=   0.00000E+00   0.00000E+00  0.0
  ORO,ELVMAX(i=   3 j= 129)=   0.00000E+00   0.00000E+00  0.0
  ORO,ELVMAX(i=   4 j= 129)=   0.00000E+00   0.00000E+00  0.0
  ORO,ELVMAX(i=   5 j= 129)=   0.00000E+00   0.00000E+00  0.0
  ORO,ELVMAX(i=   6 j= 129)=   0.00000E+00   0.00000E+00  0.0
  ORO,ELVMAX(i=   7 j= 129)=   0.00000E+00   0.00000E+00  0.0
  ORO,ELVMAX(i=   8 j= 129)=   0.00000E+00   0.00000E+00  0.0
  ORO,ELVMAX(i=   9 j= 129)=   0.00000E+00   0.00000E+00  0.0
  ORO,ELVMAX(i=  10 j= 129)=   0.00000E+00   0.00000E+00  0.0
  ORO,ELVMAX(i=  11 j= 129)=   0.00000E+00   0.00000E+00  0.0
  ORO,ELVMAX(i=  12 j= 129)=   0.00000E+00   0.00000E+00  0.0
  ORO,ELVMAX(i=  13 j= 129)=   0.00000E+00   0.00000E+00  0.0
  ORO,ELVMAX(i=  14 j= 129)=   0.00000E+00   0.00000E+00  0.0
  ORO,ELVMAX(i=  15 j= 129)=   0.00000E+00   0.00000E+00  0.0
  ORO,ELVMAX(i=  16 j= 129)=   0.00000E+00   0.00000E+00  0.0
  ORO,ELVMAX(i=  17 j= 129)=   0.00000E+00   0.00000E+00  0.0
  ORO,ELVMAX(i=  18 j= 129)=   0.00000E+00   0.00000E+00  0.0
  ORO,ELVMAX(i=  19 j= 129)=   0.00000E+00   0.00000E+00  0.0
  ORO,ELVMAX(i=  20 j= 129)=   0.00000E+00   0.00000E+00  0.0
  ORO,ELVMAX(i=  21 j= 129)=   0.00000E+00   0.00000E+00  0.0
  Timer 5 time=    9.0000000000145519E-003
  Binary output time=    9.0000000000145519E-003
  netcdf dims are:          214         129
  WRITE_NETCDF time=   0.43900000000030559     
  wrote netcdf file out.oro.tile?.nc
  ===== Deallocate Arrays and ENDING MTN VAR OROG program
  Total runtime time=    30.802999999999884     
96.94user 6.46system 0:31.32elapsed 330%CPU (0avgtext+0avgdata 10652396maxresident)k
9440inputs+4376outputs (62major+2662137minor)pagefaults 0swaps

"cd_vrfy" operation returned with a message.  This command was 
issued from the script in file:

  "/usr/local/src/ufs-srweather-app/regional_workflow/scripts/exregional_make_orog.sh"

Message from "cd_vrfy" function's "cd" operation:
  /usr/local/src/ufs-srweather-app/regional_workflow/ush/wrappers

Starting filtering of orography...
&FILTER_TOPO_NML
 TOPO_FILE="/tmp/docker/experiment/test9_CONUS_25km_GFSv15p2/orog/filtered_topo/C403_filtered_orog                                          ",
 TOPO_FIELD="orog_filt                                                                                                                       ",
 MASK_FIELD="land_frac                                                                                                                       ",
 GRID_FILE="/tmp/docker/experiment/test9_CONUS_25km_GFSv15p2/fix_lam/C403_mosaic.halo6.nc                                                   ",
 ZERO_OCEAN=T,
 ZS_FILTER=T,
 STRETCH_FAC= 0.99900000000000000     ,
 RES=  403.00000000000000     ,
 NESTED=F,
 GRID_TYPE=0          ,
 REGIONAL=T,
 /
 
 - FILTER COEFFICIENTS FOR RESOLUTION    403.00000000000000     
 - CD4:   0.14999999999999999     
 - N_DEL2_WEAK:           12
 - MAX_SLOPE:   0.12000000000000000     
 - PEAK_FAC:    1.0000000000000000     
 Read the grid from file /tmp/docker/experiment/test9_CONUS_25km_GFSv15p2/fix_lam/C403_mosaic.halo6.nc
  read_grid_file: This is a standalone regional grid.
 Before filter: Max_slope=   4091.8638698657805     
 After filter: Max_slope=   4089.7005424798494     
 Before filter: Max_slope=   4089.7005424798494     
 After filter: Max_slope=   4089.7005424798494     
3.84user 0.00system 0:05.21elapsed 73%CPU (0avgtext+0avgdata 14168maxresident)k
8368inputs+16outputs (58major+2579minor)pagefaults 0swaps

"cd_vrfy" operation returned with a message.  This command was 
issued from the script in file:

  "/usr/local/src/ufs-srweather-app/regional_workflow/scripts/exregional_make_orog.sh"

Message from "cd_vrfy" function's "cd" operation:
  /usr/local/src/ufs-srweather-app/regional_workflow/ush/wrappers

Filtering of orography complete.

"Shaving" filtered orography file with a 6-cell-wide halo to obtain
a filtered orography file with a 0-cell-wide halo...
  id          202  jd          117  halo            0
  fn_f /tmp/docker/experiment/test9_CONUS_25km_GFSv15p2/orog/filtered_topo/C403_filtered_orog.tile7.halo6.nc
  fn_s /tmp/docker/experiment/test9_CONUS_25km_GFSv15p2/orog/shave_tmp/C403_oro_data.tile7.halo0.nc
0.01user 0.00system 0:00.01elapsed 100%CPU (0avgtext+0avgdata 11300maxresident)k
0inputs+3736outputs (1major+1259minor)pagefaults 0swaps

"Shaving" filtered orography file with a 6-cell-wide halo to obtain
a filtered orography file with a 4-cell-wide halo...
  id          202  jd          117  halo            4
  fn_f /tmp/docker/experiment/test9_CONUS_25km_GFSv15p2/orog/filtered_topo/C403_filtered_orog.tile7.halo6.nc
  fn_s /tmp/docker/experiment/test9_CONUS_25km_GFSv15p2/orog/shave_tmp/C403_oro_data.tile7.halo4.nc
0.00user 0.00system 0:00.01elapsed 92%CPU (0avgtext+0avgdata 11236maxresident)k
0inputs+4144outputs (0major+1259minor)pagefaults 0swaps

"cd_vrfy" operation returned with a message.  This command was 
issued from the script in file:

  "/usr/local/src/ufs-srweather-app/regional_workflow/scripts/exregional_make_orog.sh"

Message from "cd_vrfy" function's "cd" operation:
  /usr/local/src/ufs-srweather-app/regional_workflow/ush/wrappers
++ readlink -f /usr/local/src/ufs-srweather-app/regional_workflow/ush/link_fix.sh
+ local scrfunc_fp=/usr/local/src/ufs-srweather-app/regional_workflow/ush/link_fix.sh
++ basename /usr/local/src/ufs-srweather-app/regional_workflow/ush/link_fix.sh
+ local scrfunc_fn=link_fix.sh
++ dirname /usr/local/src/ufs-srweather-app/regional_workflow/ush/link_fix.sh
+ local scrfunc_dir=/usr/local/src/ufs-srweather-app/regional_workflow/ush
+ local func_name=link_fix
+ valid_args=("verbose" "file_group" "output_varname_res_in_filenames")
+ local valid_args
+ process_args valid_args verbose=TRUE file_group=orog
+ print_input_args valid_args

The arguments to function "link_fix" in file

  "/usr/local/src/ufs-srweather-app/regional_workflow/ush/link_fix.sh"

have been set as follows:

  declare -- verbose="TRUE"
  declare -- file_group="orog"
  declare -- output_varname_res_in_filenames=""
+ local valid_vals_verbose valid_vals_file_group fns fps run_task sfc_climo_fields num_fields i ii res_prev res fp_prev fp fn relative_or_null cres tmp fns_sfc_climo_with_halo_in_fn fns_sfc_climo_no_halo_in_fn target symlink
+ valid_vals_verbose=("TRUE" "FALSE")
+ check_var_valid_value verbose valid_vals_verbose
+ valid_vals_file_group=("grid" "orog" "sfc_climo")
+ check_var_valid_value file_group valid_vals_file_group
+ print_info_msg TRUE '
Creating links in the FIXLAM directory to the grid files...'

Creating links in the FIXLAM directory to the grid files...
+ case "${file_group}" in
+ fns=("C*${DOT_OR_USCORE}oro_data.tile${TILE_RGNL}.halo${NH0}.nc" "C*${DOT_OR_USCORE}oro_data.tile${TILE_RGNL}.halo${NH4}.nc")
+ fps=("${fns[@]/#/${OROG_DIR}/}")
+ run_task=TRUE
+ i=0
+ res_prev=
+ res=
+ fp_prev=
+ for fp in ${fps[@]}
++ basename /tmp/docker/experiment/test9_CONUS_25km_GFSv15p2/orog/C403_oro_data.tile7.halo0.nc
+ fn=C403_oro_data.tile7.halo0.nc
++ printf %s C403_oro_data.tile7.halo0.nc
++ sed -n -r -e 's/^C([0-9]*).*/\1/p'
+ res=403
+ '[' -z 403 ']'
+ '[' 0 -gt 0 ']'
+ i=1
+ fp_prev=/tmp/docker/experiment/test9_CONUS_25km_GFSv15p2/orog/C403_oro_data.tile7.halo0.nc
+ res_prev=403
+ for fp in ${fps[@]}
++ basename /tmp/docker/experiment/test9_CONUS_25km_GFSv15p2/orog/C403_oro_data.tile7.halo4.nc
+ fn=C403_oro_data.tile7.halo4.nc
++ printf %s C403_oro_data.tile7.halo4.nc
++ sed -n -r -e 's/^C([0-9]*).*/\1/p'
+ res=403
+ '[' -z 403 ']'
+ '[' 1 -gt 0 ']'
+ '[' 403 '!=' 403 ']'
+ i=2
+ fp_prev=/tmp/docker/experiment/test9_CONUS_25km_GFSv15p2/orog/C403_oro_data.tile7.halo4.nc
+ res_prev=403
+ '[' '!' -z '' ']'
+ fps=("${fps[@]/\*/$res}")
+ cd_vrfy /tmp/docker/experiment/test9_CONUS_25km_GFSv15p2/fix_lam
+ relative_or_null=
+ '[' TRUE = TRUE ']'
+ '[' LINUX '!=' WCOSS_CRAY ']'
+ relative_or_null=--relative
+ for fp in "${fps[@]}"
+ '[' -f /tmp/docker/experiment/test9_CONUS_25km_GFSv15p2/orog/C403_oro_data.tile7.halo0.nc ']'
+ ln_vrfy -sf --relative /tmp/docker/experiment/test9_CONUS_25km_GFSv15p2/orog/C403_oro_data.tile7.halo0.nc .
+ for fp in "${fps[@]}"
+ '[' -f /tmp/docker/experiment/test9_CONUS_25km_GFSv15p2/orog/C403_oro_data.tile7.halo4.nc ']'
+ ln_vrfy -sf --relative /tmp/docker/experiment/test9_CONUS_25km_GFSv15p2/orog/C403_oro_data.tile7.halo4.nc .
+ cres=C403
+ '[' orog = grid ']'
+ '[' orog = sfc_climo ']'
+ cd_vrfy -

"cd_vrfy" operation returned with a message.  This command was 
issued from function "link_fix" in file:

  "/usr/local/src/ufs-srweather-app/regional_workflow/ush/link_fix.sh"

Message from "cd_vrfy" function's "cd" operation:
  /usr/local/src/ufs-srweather-app/regional_workflow/ush/wrappers

========================================================================
Orography files with various halo widths generated successfully!!!

Exiting script:  "exregional_make_orog.sh"
In directory:    "/usr/local/src/ufs-srweather-app/regional_workflow/scripts"
========================================================================

========================================================================
Exiting script:  "JREGIONAL_MAKE_OROG"
In directory:    "/usr/local/src/ufs-srweather-app/regional_workflow/jobs"
========================================================================
